#
# There is insufficient memory for the Java Runtime Environment to continue.
# Native memory allocation (malloc) failed to allocate 1836976 bytes. Error detail: Chunk::new
# Possible reasons:
#   The system is out of physical RAM or swap space
#   This process is running with CompressedOops enabled, and the Java Heap may be blocking the growth of the native heap
# Possible solutions:
#   Reduce memory load on the system
#   Increase physical memory or swap space
#   Check if swap backing store is full
#   Decrease Java heap size (-Xmx/-Xms)
#   Decrease number of Java threads
#   Decrease Java thread stack sizes (-Xss)
#   Set larger code cache with -XX:ReservedCodeCacheSize=
#   JVM is running with Unscaled Compressed Oops mode in which the Java heap is
#     placed in the first 4GB address space. The Java Heap base address is the
#     maximum limit for the native heap growth. Please use -XX:HeapBaseMinAddress
#     to set the Java Heap base and to place the Java Heap above 4GB virtual address.
# This output file may be truncated or incomplete.
#
#  Out of Memory Error (arena.cpp:168), pid=1540, tid=20136
#
# JRE version: OpenJDK Runtime Environment Temurin-21.0.5+11 (21.0.5+11) (build 21.0.5+11-LTS)
# Java VM: OpenJDK 64-Bit Server VM Temurin-21.0.5+11 (21.0.5+11-LTS, mixed mode, sharing, tiered, compressed oops, compressed class ptrs, parallel gc, windows-amd64)
# No core dump will be written. Minidumps are not enabled by default on client versions of Windows
#

---------------  S U M M A R Y ------------

Command Line: --add-modules=ALL-SYSTEM --add-opens=java.base/java.util=ALL-UNNAMED --add-opens=java.base/java.lang=ALL-UNNAMED --add-opens=java.base/sun.nio.fs=ALL-UNNAMED -Declipse.application=org.eclipse.jdt.ls.core.id1 -Dosgi.bundles.defaultStartLevel=4 -Declipse.product=org.eclipse.jdt.ls.core.product -Djava.import.generatesMetadataFilesAtProjectRoot=false -DDetectVMInstallationsJob.disabled=true -Dfile.encoding=utf8 -XX:+UseParallelGC -XX:GCTimeRatio=4 -XX:AdaptiveSizePolicyWeight=90 -Dsun.zip.disableMemoryMapping=true -Xmx1G -Xms100m -Xlog:disable -javaagent:c:\Users\DCI\.vscode\extensions\redhat.java-1.39.0-win32-x64\lombok\lombok-1.18.34.jar -XX:+HeapDumpOnOutOfMemoryError -XX:HeapDumpPath=c:\Users\DCI\AppData\Roaming\Code\User\workspaceStorage\22f5ef1b04301801babf9f57b6b5e900\redhat.java -Daether.dependencyCollector.impl=bf c:\Users\DCI\.vscode\extensions\redhat.java-1.39.0-win32-x64\server\plugins\org.eclipse.equinox.launcher_1.6.900.v20240613-2009.jar -configuration c:\Users\DCI\AppData\Roaming\Code\User\globalStorage\redhat.java\1.39.0\config_win -data c:\Users\DCI\AppData\Roaming\Code\User\workspaceStorage\22f5ef1b04301801babf9f57b6b5e900\redhat.java\jdt_ws --pipe=\\.\pipe\lsp-47a84e2e7d93c00b67f68bf04acad8ff-sock

Host: 13th Gen Intel(R) Core(TM) i5-13420H, 12 cores, 15G,  Windows 11 , 64 bit Build 26100 (10.0.26100.3037)
Time: Fri Feb  7 17:08:10 2025 Turkey Standard Time elapsed time: 5.650151 seconds (0d 0h 0m 5s)

---------------  T H R E A D  ---------------

Current thread (0x000001ffe509c160):  JavaThread "C2 CompilerThread1" daemon [_thread_in_native, id=20136, stack(0x000000209c700000,0x000000209c800000) (1024K)]


Current CompileTask:
C2:5650 4341   !   4       org.eclipse.osgi.internal.loader.classpath.ClasspathManager::findLocalClass (210 bytes)

Stack: [0x000000209c700000,0x000000209c800000]
Native frames: (J=compiled Java code, j=interpreted, Vv=VM code, C=native code)
V  [jvm.dll+0x6cd4e9]
V  [jvm.dll+0x8a7941]
V  [jvm.dll+0x8a9e6e]
V  [jvm.dll+0x8aa543]
V  [jvm.dll+0x27f6d6]
V  [jvm.dll+0xc500d]
V  [jvm.dll+0xc5543]
V  [jvm.dll+0x3b65d2]
V  [jvm.dll+0x382835]
V  [jvm.dll+0x381c9a]
V  [jvm.dll+0x2479d0]
V  [jvm.dll+0x246faf]
V  [jvm.dll+0x1c75ce]
V  [jvm.dll+0x25682a]
V  [jvm.dll+0x254dca]
V  [jvm.dll+0x3f00d6]
V  [jvm.dll+0x8514fb]
V  [jvm.dll+0x6cbbed]
C  [ucrtbase.dll+0x37b0]
C  [KERNEL32.DLL+0x2e8d7]
C  [ntdll.dll+0xbbf2c]


---------------  P R O C E S S  ---------------

Threads class SMR info:
_java_thread_list=0x000001ffe8305560, length=49, elements={
0x000001ffc92c13b0, 0x000001ffdf9244b0, 0x000001ffdf925100, 0x000001ffdd80e220,
0x000001ffdf928a30, 0x000001ffdf92ab70, 0x000001ffdf9307a0, 0x000001ffdf933400,
0x000001ffdf93ab70, 0x000001ffdfa1cff0, 0x000001ffdfc6ca00, 0x000001ffe4448d90,
0x000001ffe435b010, 0x000001ffe48eaa60, 0x000001ffe4727bd0, 0x000001ffe4e64490,
0x000001ffe4a8d0a0, 0x000001ffe4cc26d0, 0x000001ffe4c37cd0, 0x000001ffe4c36920,
0x000001ffe4c36fb0, 0x000001ffe4c35c00, 0x000001ffe509c160, 0x000001ffe6391870,
0x000001ffe4c37640, 0x000001ffe4c389f0, 0x000001ffe4c38360, 0x000001ffe4c36290,
0x000001ffe4c39080, 0x000001ffe628c210, 0x000001ffe6288d90, 0x000001ffe628a140,
0x000001ffe628ae60, 0x000001ffe6289420, 0x000001ffe628b4f0, 0x000001ffe6289ab0,
0x000001ffe628a7d0, 0x000001ffe628bb80, 0x000001ffe76dd640, 0x000001ffe76ddcd0,
0x000001ffe76dc920, 0x000001ffe76de360, 0x000001ffe76db570, 0x000001ffe76dbc00,
0x000001ffe76daee0, 0x000001ffe76de9f0, 0x000001ffe76df080, 0x000001ffe76dc290,
0x000001ffe76e0430
}

Java Threads: ( => current thread )
  0x000001ffc92c13b0 JavaThread "main"                              [_thread_blocked, id=10944, stack(0x000000209a500000,0x000000209a600000) (1024K)]
  0x000001ffdf9244b0 JavaThread "Reference Handler"          daemon [_thread_blocked, id=2352, stack(0x000000209a900000,0x000000209aa00000) (1024K)]
  0x000001ffdf925100 JavaThread "Finalizer"                  daemon [_thread_blocked, id=6132, stack(0x000000209aa00000,0x000000209ab00000) (1024K)]
  0x000001ffdd80e220 JavaThread "Signal Dispatcher"          daemon [_thread_blocked, id=7004, stack(0x000000209ab00000,0x000000209ac00000) (1024K)]
  0x000001ffdf928a30 JavaThread "Attach Listener"            daemon [_thread_blocked, id=18980, stack(0x000000209ac00000,0x000000209ad00000) (1024K)]
  0x000001ffdf92ab70 JavaThread "Service Thread"             daemon [_thread_blocked, id=19168, stack(0x000000209ad00000,0x000000209ae00000) (1024K)]
  0x000001ffdf9307a0 JavaThread "Monitor Deflation Thread"   daemon [_thread_blocked, id=18764, stack(0x000000209ae00000,0x000000209af00000) (1024K)]
  0x000001ffdf933400 JavaThread "C2 CompilerThread0"         daemon [_thread_in_native, id=7536, stack(0x000000209af00000,0x000000209b000000) (1024K)]
  0x000001ffdf93ab70 JavaThread "C1 CompilerThread0"         daemon [_thread_in_native, id=18544, stack(0x000000209b000000,0x000000209b100000) (1024K)]
  0x000001ffdfa1cff0 JavaThread "Common-Cleaner"             daemon [_thread_blocked, id=21376, stack(0x000000209b100000,0x000000209b200000) (1024K)]
  0x000001ffdfc6ca00 JavaThread "Notification Thread"        daemon [_thread_blocked, id=12444, stack(0x000000209b300000,0x000000209b400000) (1024K)]
  0x000001ffe4448d90 JavaThread "Active Thread: Equinox Container: d172db8a-e9b3-4c76-9b28-5966aee3f287"        [_thread_blocked, id=11980, stack(0x000000209bb00000,0x000000209bc00000) (1024K)]
  0x000001ffe435b010 JavaThread "Refresh Thread: Equinox Container: d172db8a-e9b3-4c76-9b28-5966aee3f287" daemon [_thread_blocked, id=20516, stack(0x000000209b400000,0x000000209b500000) (1024K)]
  0x000001ffe48eaa60 JavaThread "Framework Event Dispatcher: Equinox Container: d172db8a-e9b3-4c76-9b28-5966aee3f287" daemon [_thread_blocked, id=4440, stack(0x000000209bc00000,0x000000209bd00000) (1024K)]
  0x000001ffe4727bd0 JavaThread "Start Level: Equinox Container: d172db8a-e9b3-4c76-9b28-5966aee3f287" daemon [_thread_blocked, id=12928, stack(0x000000209be00000,0x000000209bf00000) (1024K)]
  0x000001ffe4e64490 JavaThread "Bundle File Closer"         daemon [_thread_blocked, id=10080, stack(0x000000209c000000,0x000000209c100000) (1024K)]
  0x000001ffe4a8d0a0 JavaThread "SCR Component Actor"        daemon [_thread_blocked, id=18064, stack(0x000000209c300000,0x000000209c400000) (1024K)]
  0x000001ffe4cc26d0 JavaThread "SCR Component Registry"     daemon [_thread_blocked, id=1992, stack(0x000000209c400000,0x000000209c500000) (1024K)]
  0x000001ffe4c37cd0 JavaThread "Worker-JM"                         [_thread_blocked, id=19508, stack(0x000000209bf00000,0x000000209c000000) (1024K)]
  0x000001ffe4c36920 JavaThread "JNA Cleaner"                daemon [_thread_blocked, id=4560, stack(0x000000209b200000,0x000000209b300000) (1024K)]
  0x000001ffe4c36fb0 JavaThread "Worker-0: Loading available Gradle versions"        [_thread_in_Java, id=2932, stack(0x000000209c500000,0x000000209c600000) (1024K)]
  0x000001ffe4c35c00 JavaThread "Worker-1: Initialize After Load"        [_thread_blocked, id=18236, stack(0x000000209c600000,0x000000209c700000) (1024K)]
=>0x000001ffe509c160 JavaThread "C2 CompilerThread1"         daemon [_thread_in_native, id=20136, stack(0x000000209c700000,0x000000209c800000) (1024K)]
  0x000001ffe6391870 JavaThread "C2 CompilerThread2"         daemon [_thread_in_native, id=7016, stack(0x000000209c800000,0x000000209c900000) (1024K)]
  0x000001ffe4c37640 JavaThread "Java indexing"              daemon [_thread_blocked, id=14496, stack(0x000000209c900000,0x000000209ca00000) (1024K)]
  0x000001ffe4c389f0 JavaThread "Worker-2: Updating Maven Dependencies"        [_thread_in_vm, id=15664, stack(0x000000209cd00000,0x000000209ce00000) (1024K)]
  0x000001ffe4c38360 JavaThread "Worker-3: Synchronize Gradle projects with workspace"        [_thread_blocked, id=19012, stack(0x000000209ce00000,0x000000209cf00000) (1024K)]
  0x000001ffe4c36290 JavaThread "Thread-2"                   daemon [_thread_in_native, id=16544, stack(0x000000209cf00000,0x000000209d000000) (1024K)]
  0x000001ffe4c39080 JavaThread "Thread-3"                   daemon [_thread_in_native, id=10392, stack(0x000000209d000000,0x000000209d100000) (1024K)]
  0x000001ffe628c210 JavaThread "Thread-4"                   daemon [_thread_in_native, id=19868, stack(0x000000209d100000,0x000000209d200000) (1024K)]
  0x000001ffe6288d90 JavaThread "Thread-5"                   daemon [_thread_in_native, id=12328, stack(0x000000209d200000,0x000000209d300000) (1024K)]
  0x000001ffe628a140 JavaThread "Thread-6"                   daemon [_thread_in_native, id=17016, stack(0x000000209d300000,0x000000209d400000) (1024K)]
  0x000001ffe628ae60 JavaThread "Thread-7"                   daemon [_thread_in_native, id=17612, stack(0x000000209d400000,0x000000209d500000) (1024K)]
  0x000001ffe6289420 JavaThread "Thread-8"                   daemon [_thread_in_native, id=11924, stack(0x000000209d500000,0x000000209d600000) (1024K)]
  0x000001ffe628b4f0 JavaThread "Thread-9"                   daemon [_thread_in_native, id=1752, stack(0x000000209d600000,0x000000209d700000) (1024K)]
  0x000001ffe6289ab0 JavaThread "Thread-10"                  daemon [_thread_in_native, id=12280, stack(0x000000209d700000,0x000000209d800000) (1024K)]
  0x000001ffe628a7d0 JavaThread "Thread-11"                  daemon [_thread_in_native, id=16576, stack(0x000000209d800000,0x000000209d900000) (1024K)]
  0x000001ffe628bb80 JavaThread "Thread-12"                  daemon [_thread_in_native, id=20128, stack(0x000000209d900000,0x000000209da00000) (1024K)]
  0x000001ffe76dd640 JavaThread "Thread-13"                  daemon [_thread_in_native, id=10224, stack(0x000000209da00000,0x000000209db00000) (1024K)]
  0x000001ffe76ddcd0 JavaThread "Thread-14"                  daemon [_thread_in_native, id=14968, stack(0x000000209db00000,0x000000209dc00000) (1024K)]
  0x000001ffe76dc920 JavaThread "pool-2-thread-1"                   [_thread_blocked, id=11168, stack(0x000000209dc00000,0x000000209dd00000) (1024K)]
  0x000001ffe76de360 JavaThread "Timer-0"                           [_thread_blocked, id=18356, stack(0x000000209dd00000,0x000000209de00000) (1024K)]
  0x000001ffe76db570 JavaThread "Worker-4: Repository registry initialization"        [_thread_blocked, id=10348, stack(0x000000209de00000,0x000000209df00000) (1024K)]
  0x000001ffe76dbc00 JavaThread "Timer-1"                           [_thread_blocked, id=20220, stack(0x000000209df00000,0x000000209e000000) (1024K)]
  0x000001ffe76daee0 JavaThread "WorkspaceEventsHandler"            [_thread_blocked, id=9352, stack(0x000000209e000000,0x000000209e100000) (1024K)]
  0x000001ffe76de9f0 JavaThread "pool-1-thread-1"                   [_thread_in_Java, id=3948, stack(0x000000209e100000,0x000000209e200000) (1024K)]
  0x000001ffe76df080 JavaThread "Connection worker"                 [_thread_in_Java, id=19160, stack(0x000000209e200000,0x000000209e300000) (1024K)]
  0x000001ffe76dc290 JavaThread "Worker-5"                          [_thread_blocked, id=12992, stack(0x000000209e300000,0x000000209e400000) (1024K)]
  0x000001ffe76e0430 JavaThread "Worker-6"                          [_thread_blocked, id=7148, stack(0x000000209e400000,0x000000209e500000) (1024K)]
Total: 49

Other Threads:
  0x000001ffdd7f4530 VMThread "VM Thread"                           [id=10824, stack(0x000000209a800000,0x000000209a900000) (1024K)]
  0x000001ffdd6eca00 WatcherThread "VM Periodic Task Thread"        [id=21348, stack(0x000000209a700000,0x000000209a800000) (1024K)]
  0x000001ffc92df880 WorkerThread "GC Thread#0"                     [id=20000, stack(0x000000209a600000,0x000000209a700000) (1024K)]
  0x000001ffe4480480 WorkerThread "GC Thread#1"                     [id=6356, stack(0x000000209b500000,0x000000209b600000) (1024K)]
  0x000001ffe4480be0 WorkerThread "GC Thread#2"                     [id=4316, stack(0x000000209b600000,0x000000209b700000) (1024K)]
  0x000001ffe45deb30 WorkerThread "GC Thread#3"                     [id=16820, stack(0x000000209b700000,0x000000209b800000) (1024K)]
  0x000001ffe45deed0 WorkerThread "GC Thread#4"                     [id=3452, stack(0x000000209b800000,0x000000209b900000) (1024K)]
  0x000001ffe45df270 WorkerThread "GC Thread#5"                     [id=13296, stack(0x000000209b900000,0x000000209ba00000) (1024K)]
  0x000001ffe43f8d50 WorkerThread "GC Thread#6"                     [id=2476, stack(0x000000209ba00000,0x000000209bb00000) (1024K)]
  0x000001ffe48eb490 WorkerThread "GC Thread#7"                     [id=5308, stack(0x000000209bd00000,0x000000209be00000) (1024K)]
  0x000001ffe512d4b0 WorkerThread "GC Thread#8"                     [id=2644, stack(0x000000209c100000,0x000000209c200000) (1024K)]
  0x000001ffe512d110 WorkerThread "GC Thread#9"                     [id=17976, stack(0x000000209c200000,0x000000209c300000) (1024K)]
Total: 12

Threads with active compile tasks:
C2 CompilerThread0  5708 4490 %     4       java.io.BufferedReader::implReadLine @ 125 (301 bytes)
C1 CompilerThread0  5708 4554       3       com.google.gson.stream.JsonReader::nextQuotedValue (294 bytes)
C2 CompilerThread1  5708 4341   !   4       org.eclipse.osgi.internal.loader.classpath.ClasspathManager::findLocalClass (210 bytes)
C2 CompilerThread2  5708 4357   !   4       org.eclipse.osgi.internal.loader.classpath.ClasspathManager::findClassImpl (308 bytes)
Total: 4

VM state: not at safepoint (normal execution)

VM Mutex/Monitor currently owned by a thread: None

Heap address: 0x00000000c0000000, size: 1024 MB, Compressed Oops mode: 32-bit

CDS archive(s) mapped at: [0x000001ff80000000-0x000001ff80ba0000-0x000001ff80ba0000), size 12189696, SharedBaseAddress: 0x000001ff80000000, ArchiveRelocationMode: 1.
Compressed class space mapped at: 0x000001ff81000000-0x000001ffc1000000, reserved size: 1073741824
Narrow klass base: 0x000001ff80000000, Narrow klass shift: 0, Narrow klass range: 0x100000000

GC Precious Log:
 CardTable entry size: 512
 CPUs: 12 total, 12 available
 Memory: 16076M
 Large Page Support: Disabled
 NUMA Support: Disabled
 Compressed Oops: Enabled (32-bit)
 Alignments: Space 512K, Generation 512K, Heap 2M
 Heap Min Capacity: 100M
 Heap Initial Capacity: 100M
 Heap Max Capacity: 1G
 Pre-touch: Disabled
 Parallel Workers: 10

Heap:
 PSYoungGen      total 23552K, used 12595K [0x00000000eab00000, 0x00000000ec680000, 0x0000000100000000)
  eden space 22016K, 57% used [0x00000000eab00000,0x00000000eb74cf70,0x00000000ec080000)
  from space 1536K, 0% used [0x00000000ec400000,0x00000000ec400000,0x00000000ec580000)
  to   space 1024K, 0% used [0x00000000ec580000,0x00000000ec580000,0x00000000ec680000)
 ParOldGen       total 68608K, used 17495K [0x00000000c0000000, 0x00000000c4300000, 0x00000000eab00000)
  object space 68608K, 25% used [0x00000000c0000000,0x00000000c1115ed8,0x00000000c4300000)
 Metaspace       used 36258K, committed 37376K, reserved 1114112K
  class space    used 3763K, committed 4224K, reserved 1048576K

Card table byte_map: [0x000001ffc8c60000,0x000001ffc8e70000] _byte_map_base: 0x000001ffc8660000

Marking Bits: (ParMarkBitMap*) 0x00007ffe74fa2250
 Begin Bits: [0x000001ffdb610000, 0x000001ffdc610000)
 End Bits:   [0x000001ffdc610000, 0x000001ffdd610000)

Polling page: 0x000001ffc7190000

Metaspace:

Usage:
  Non-class:     31.74 MB used.
      Class:      3.67 MB used.
       Both:     35.41 MB used.

Virtual space:
  Non-class space:       64.00 MB reserved,      32.38 MB ( 51%) committed,  1 nodes.
      Class space:        1.00 GB reserved,       4.12 MB ( <1%) committed,  1 nodes.
             Both:        1.06 GB reserved,      36.50 MB (  3%) committed. 

Chunk freelists:
   Non-Class:  14.81 MB
       Class:  11.73 MB
        Both:  26.55 MB

MaxMetaspaceSize: unlimited
CompressedClassSpaceSize: 1.00 GB
Initial GC threshold: 21.00 MB
Current GC threshold: 58.38 MB
CDS: on
 - commit_granule_bytes: 65536.
 - commit_granule_words: 8192.
 - virtual_space_node_default_size: 8388608.
 - enlarge_chunks_in_place: 1.
 - use_allocation_guard: 0.


Internal statistics:

num_allocs_failed_limit: 6.
num_arena_births: 714.
num_arena_deaths: 14.
num_vsnodes_births: 2.
num_vsnodes_deaths: 0.
num_space_committed: 584.
num_space_uncommitted: 0.
num_chunks_returned_to_freelist: 20.
num_chunks_taken_from_freelist: 2299.
num_chunk_merges: 12.
num_chunk_splits: 1435.
num_chunks_enlarged: 843.
num_inconsistent_stats: 0.

CodeHeap 'non-profiled nmethods': size=120000Kb used=1931Kb max_used=2260Kb free=118068Kb
 bounds [0x000001ffd40e0000, 0x000001ffd4350000, 0x000001ffdb610000]
CodeHeap 'profiled nmethods': size=120000Kb used=7905Kb max_used=9174Kb free=112094Kb
 bounds [0x000001ffcc610000, 0x000001ffccf10000, 0x000001ffd3b40000]
CodeHeap 'non-nmethods': size=5760Kb used=1356Kb max_used=1402Kb free=4403Kb
 bounds [0x000001ffd3b40000, 0x000001ffd3db0000, 0x000001ffd40e0000]
 total_blobs=4634 nmethods=3982 adapters=558
 compilation: enabled
              stopped_count=0, restarted_count=0
 full_count=0

Compilation events (20 events):
Event: 4.642 Thread 0x000001ffdf93ab70 4530       3       jdk.internal.org.objectweb.asm.Frame::getConcreteOutputType (111 bytes)
Event: 4.642 Thread 0x000001ffdf93ab70 nmethod 4530 0x000001ffcc7d0190 code [0x000001ffcc7d0360, 0x000001ffcc7d06f0]
Event: 4.642 Thread 0x000001ffdf93ab70 4526       3       java.lang.WeakPairMap$Pair::hashCode (10 bytes)
Event: 4.642 Thread 0x000001ffdf93ab70 nmethod 4526 0x000001ffcc84fa10 code [0x000001ffcc84fbc0, 0x000001ffcc84fd10]
Event: 4.642 Thread 0x000001ffdf93ab70 4528       3       java.lang.invoke.LambdaFormBuffer::replaceName (124 bytes)
Event: 4.643 Thread 0x000001ffdf93ab70 nmethod 4528 0x000001ffcc6acd10 code [0x000001ffcc6acec0, 0x000001ffcc6ad078]
Event: 4.643 Thread 0x000001ffdf93ab70 4533       1       java.lang.reflect.Field::getGenericSignature (5 bytes)
Event: 4.643 Thread 0x000001ffdf93ab70 nmethod 4533 0x000001ffd4124310 code [0x000001ffd41244a0, 0x000001ffd4124568]
Event: 4.643 Thread 0x000001ffdf93ab70 4534       3       java.lang.Class::isAnonymousClass (27 bytes)
Event: 4.644 Thread 0x000001ffdf93ab70 nmethod 4534 0x000001ffcc61c090 code [0x000001ffcc61c280, 0x000001ffcc61c610]
Event: 4.644 Thread 0x000001ffdf93ab70 4536       3       com.google.gson.internal.bind.TypeAdapters$32::create (30 bytes)
Event: 4.644 Thread 0x000001ffdf93ab70 nmethod 4536 0x000001ffcc6c0e10 code [0x000001ffcc6c0fc0, 0x000001ffcc6c1198]
Event: 4.644 Thread 0x000001ffdf93ab70 4535       3       java.lang.Class::isLocalClass (27 bytes)
Event: 4.644 Thread 0x000001ffdf93ab70 nmethod 4535 0x000001ffcc73b490 code [0x000001ffcc73b680, 0x000001ffcc73ba10]
Event: 4.645 Thread 0x000001ffdf93ab70 4537   !   3       java.lang.reflect.Field::declaredAnnotations (82 bytes)
Event: 4.645 Thread 0x000001ffdf93ab70 nmethod 4537 0x000001ffcc660d90 code [0x000001ffcc660f80, 0x000001ffcc661460]
Event: 4.645 Thread 0x000001ffdf93ab70 4538       3       com.google.gson.internal.Excluder::excludeClass (140 bytes)
Event: 4.646 Thread 0x000001ffdf93ab70 nmethod 4538 0x000001ffcc610010 code [0x000001ffcc6104e0, 0x000001ffcc6126d0]
Event: 4.647 Thread 0x000001ffdf933400 nmethod 4472 0x000001ffd4190a90 code [0x000001ffd4190d40, 0x000001ffd4191af0]
Event: 4.652 Thread 0x000001ffdf93ab70 4539       3       java.util.regex.Pattern$SliceNode::study (37 bytes)

GC Heap History (20 events):
Event: 3.490 GC heap before
{Heap before GC invocations=6 (full 0):
 PSYoungGen      total 29184K, used 29173K [0x00000000eab00000, 0x00000000ece80000, 0x0000000100000000)
  eden space 25088K, 100% used [0x00000000eab00000,0x00000000ec380000,0x00000000ec380000)
  from space 4096K, 99% used [0x00000000ec400000,0x00000000ec7fd5d8,0x00000000ec800000)
  to   space 5632K, 0% used [0x00000000ec900000,0x00000000ec900000,0x00000000ece80000)
 ParOldGen       total 68608K, used 8184K [0x00000000c0000000, 0x00000000c4300000, 0x00000000eab00000)
  object space 68608K, 11% used [0x00000000c0000000,0x00000000c07fe2b0,0x00000000c4300000)
 Metaspace       used 18912K, committed 19712K, reserved 1114112K
  class space    used 1908K, committed 2240K, reserved 1048576K
}
Event: 3.494 GC heap after
{Heap after GC invocations=6 (full 0):
 PSYoungGen      total 29184K, used 4299K [0x00000000eab00000, 0x00000000ecd80000, 0x0000000100000000)
  eden space 24576K, 0% used [0x00000000eab00000,0x00000000eab00000,0x00000000ec300000)
  from space 4608K, 93% used [0x00000000ec900000,0x00000000ecd32c70,0x00000000ecd80000)
  to   space 5120K, 0% used [0x00000000ec380000,0x00000000ec380000,0x00000000ec880000)
 ParOldGen       total 68608K, used 8192K [0x00000000c0000000, 0x00000000c4300000, 0x00000000eab00000)
  object space 68608K, 11% used [0x00000000c0000000,0x00000000c08002b0,0x00000000c4300000)
 Metaspace       used 18912K, committed 19712K, reserved 1114112K
  class space    used 1908K, committed 2240K, reserved 1048576K
}
Event: 3.644 GC heap before
{Heap before GC invocations=7 (full 0):
 PSYoungGen      total 29184K, used 17806K [0x00000000eab00000, 0x00000000ecd80000, 0x0000000100000000)
  eden space 24576K, 54% used [0x00000000eab00000,0x00000000eb830d90,0x00000000ec300000)
  from space 4608K, 93% used [0x00000000ec900000,0x00000000ecd32c70,0x00000000ecd80000)
  to   space 5120K, 0% used [0x00000000ec380000,0x00000000ec380000,0x00000000ec880000)
 ParOldGen       total 68608K, used 8192K [0x00000000c0000000, 0x00000000c4300000, 0x00000000eab00000)
  object space 68608K, 11% used [0x00000000c0000000,0x00000000c08002b0,0x00000000c4300000)
 Metaspace       used 20673K, committed 21504K, reserved 1114112K
  class space    used 2080K, committed 2432K, reserved 1048576K
}
Event: 3.647 GC heap after
{Heap after GC invocations=7 (full 0):
 PSYoungGen      total 29184K, used 4522K [0x00000000eab00000, 0x00000000ecc00000, 0x0000000100000000)
  eden space 24576K, 0% used [0x00000000eab00000,0x00000000eab00000,0x00000000ec300000)
  from space 4608K, 98% used [0x00000000ec380000,0x00000000ec7eab88,0x00000000ec800000)
  to   space 4096K, 0% used [0x00000000ec800000,0x00000000ec800000,0x00000000ecc00000)
 ParOldGen       total 68608K, used 9449K [0x00000000c0000000, 0x00000000c4300000, 0x00000000eab00000)
  object space 68608K, 13% used [0x00000000c0000000,0x00000000c093a530,0x00000000c4300000)
 Metaspace       used 20673K, committed 21504K, reserved 1114112K
  class space    used 2080K, committed 2432K, reserved 1048576K
}
Event: 3.647 GC heap before
{Heap before GC invocations=8 (full 1):
 PSYoungGen      total 29184K, used 4522K [0x00000000eab00000, 0x00000000ecc00000, 0x0000000100000000)
  eden space 24576K, 0% used [0x00000000eab00000,0x00000000eab00000,0x00000000ec300000)
  from space 4608K, 98% used [0x00000000ec380000,0x00000000ec7eab88,0x00000000ec800000)
  to   space 4096K, 0% used [0x00000000ec800000,0x00000000ec800000,0x00000000ecc00000)
 ParOldGen       total 68608K, used 9449K [0x00000000c0000000, 0x00000000c4300000, 0x00000000eab00000)
  object space 68608K, 13% used [0x00000000c0000000,0x00000000c093a530,0x00000000c4300000)
 Metaspace       used 20673K, committed 21504K, reserved 1114112K
  class space    used 2080K, committed 2432K, reserved 1048576K
}
Event: 3.670 GC heap after
{Heap after GC invocations=8 (full 1):
 PSYoungGen      total 29184K, used 0K [0x00000000eab00000, 0x00000000ecc00000, 0x0000000100000000)
  eden space 24576K, 0% used [0x00000000eab00000,0x00000000eab00000,0x00000000ec300000)
  from space 4608K, 0% used [0x00000000ec380000,0x00000000ec380000,0x00000000ec800000)
  to   space 4096K, 0% used [0x00000000ec800000,0x00000000ec800000,0x00000000ecc00000)
 ParOldGen       total 68608K, used 13195K [0x00000000c0000000, 0x00000000c4300000, 0x00000000eab00000)
  object space 68608K, 19% used [0x00000000c0000000,0x00000000c0ce2fe8,0x00000000c4300000)
 Metaspace       used 20661K, committed 21504K, reserved 1114112K
  class space    used 2076K, committed 2432K, reserved 1048576K
}
Event: 3.777 GC heap before
{Heap before GC invocations=9 (full 1):
 PSYoungGen      total 29184K, used 24576K [0x00000000eab00000, 0x00000000ecc00000, 0x0000000100000000)
  eden space 24576K, 100% used [0x00000000eab00000,0x00000000ec300000,0x00000000ec300000)
  from space 4608K, 0% used [0x00000000ec380000,0x00000000ec380000,0x00000000ec800000)
  to   space 4096K, 0% used [0x00000000ec800000,0x00000000ec800000,0x00000000ecc00000)
 ParOldGen       total 68608K, used 13195K [0x00000000c0000000, 0x00000000c4300000, 0x00000000eab00000)
  object space 68608K, 19% used [0x00000000c0000000,0x00000000c0ce2fe8,0x00000000c4300000)
 Metaspace       used 23240K, committed 24064K, reserved 1114112K
  class space    used 2244K, committed 2560K, reserved 1048576K
}
Event: 3.778 GC heap after
{Heap after GC invocations=9 (full 1):
 PSYoungGen      total 24576K, used 320K [0x00000000eab00000, 0x00000000ec880000, 0x0000000100000000)
  eden space 24064K, 0% used [0x00000000eab00000,0x00000000eab00000,0x00000000ec280000)
  from space 512K, 62% used [0x00000000ec800000,0x00000000ec850000,0x00000000ec880000)
  to   space 2048K, 0% used [0x00000000ec480000,0x00000000ec480000,0x00000000ec680000)
 ParOldGen       total 68608K, used 13195K [0x00000000c0000000, 0x00000000c4300000, 0x00000000eab00000)
  object space 68608K, 19% used [0x00000000c0000000,0x00000000c0ce2fe8,0x00000000c4300000)
 Metaspace       used 23240K, committed 24064K, reserved 1114112K
  class space    used 2244K, committed 2560K, reserved 1048576K
}
Event: 3.910 GC heap before
{Heap before GC invocations=10 (full 1):
 PSYoungGen      total 24576K, used 24384K [0x00000000eab00000, 0x00000000ec880000, 0x0000000100000000)
  eden space 24064K, 100% used [0x00000000eab00000,0x00000000ec280000,0x00000000ec280000)
  from space 512K, 62% used [0x00000000ec800000,0x00000000ec850000,0x00000000ec880000)
  to   space 2048K, 0% used [0x00000000ec480000,0x00000000ec480000,0x00000000ec680000)
 ParOldGen       total 68608K, used 13195K [0x00000000c0000000, 0x00000000c4300000, 0x00000000eab00000)
  object space 68608K, 19% used [0x00000000c0000000,0x00000000c0ce2fe8,0x00000000c4300000)
 Metaspace       used 25887K, committed 26752K, reserved 1114112K
  class space    used 2453K, committed 2816K, reserved 1048576K
}
Event: 3.911 GC heap after
{Heap after GC invocations=10 (full 1):
 PSYoungGen      total 25600K, used 1403K [0x00000000eab00000, 0x00000000ec880000, 0x0000000100000000)
  eden space 23552K, 0% used [0x00000000eab00000,0x00000000eab00000,0x00000000ec200000)
  from space 2048K, 68% used [0x00000000ec480000,0x00000000ec5deda0,0x00000000ec680000)
  to   space 2048K, 0% used [0x00000000ec680000,0x00000000ec680000,0x00000000ec880000)
 ParOldGen       total 68608K, used 13977K [0x00000000c0000000, 0x00000000c4300000, 0x00000000eab00000)
  object space 68608K, 20% used [0x00000000c0000000,0x00000000c0da64f8,0x00000000c4300000)
 Metaspace       used 25887K, committed 26752K, reserved 1114112K
  class space    used 2453K, committed 2816K, reserved 1048576K
}
Event: 4.189 GC heap before
{Heap before GC invocations=11 (full 1):
 PSYoungGen      total 25600K, used 24955K [0x00000000eab00000, 0x00000000ec880000, 0x0000000100000000)
  eden space 23552K, 100% used [0x00000000eab00000,0x00000000ec200000,0x00000000ec200000)
  from space 2048K, 68% used [0x00000000ec480000,0x00000000ec5deda0,0x00000000ec680000)
  to   space 2048K, 0% used [0x00000000ec680000,0x00000000ec680000,0x00000000ec880000)
 ParOldGen       total 68608K, used 13977K [0x00000000c0000000, 0x00000000c4300000, 0x00000000eab00000)
  object space 68608K, 20% used [0x00000000c0000000,0x00000000c0da64f8,0x00000000c4300000)
 Metaspace       used 28667K, committed 29632K, reserved 1114112K
  class space    used 2730K, committed 3072K, reserved 1048576K
}
Event: 4.191 GC heap after
{Heap after GC invocations=11 (full 1):
 PSYoungGen      total 25088K, used 1699K [0x00000000eab00000, 0x00000000ec880000, 0x0000000100000000)
  eden space 23040K, 0% used [0x00000000eab00000,0x00000000eab00000,0x00000000ec180000)
  from space 2048K, 82% used [0x00000000ec680000,0x00000000ec828cb8,0x00000000ec880000)
  to   space 2048K, 0% used [0x00000000ec480000,0x00000000ec480000,0x00000000ec680000)
 ParOldGen       total 68608K, used 14878K [0x00000000c0000000, 0x00000000c4300000, 0x00000000eab00000)
  object space 68608K, 21% used [0x00000000c0000000,0x00000000c0e87a08,0x00000000c4300000)
 Metaspace       used 28667K, committed 29632K, reserved 1114112K
  class space    used 2730K, committed 3072K, reserved 1048576K
}
Event: 4.384 GC heap before
{Heap before GC invocations=12 (full 1):
 PSYoungGen      total 25088K, used 24738K [0x00000000eab00000, 0x00000000ec880000, 0x0000000100000000)
  eden space 23040K, 99% used [0x00000000eab00000,0x00000000ec17ff18,0x00000000ec180000)
  from space 2048K, 82% used [0x00000000ec680000,0x00000000ec828cb8,0x00000000ec880000)
  to   space 2048K, 0% used [0x00000000ec480000,0x00000000ec480000,0x00000000ec680000)
 ParOldGen       total 68608K, used 14878K [0x00000000c0000000, 0x00000000c4300000, 0x00000000eab00000)
  object space 68608K, 21% used [0x00000000c0000000,0x00000000c0e87a08,0x00000000c4300000)
 Metaspace       used 31515K, committed 32576K, reserved 1114112K
  class space    used 3108K, committed 3520K, reserved 1048576K
}
Event: 4.387 GC heap after
{Heap after GC invocations=12 (full 1):
 PSYoungGen      total 24064K, used 1353K [0x00000000eab00000, 0x00000000ec700000, 0x0000000100000000)
  eden space 22528K, 0% used [0x00000000eab00000,0x00000000eab00000,0x00000000ec100000)
  from space 1536K, 88% used [0x00000000ec480000,0x00000000ec5d2458,0x00000000ec600000)
  to   space 1024K, 0% used [0x00000000ec600000,0x00000000ec600000,0x00000000ec700000)
 ParOldGen       total 68608K, used 16399K [0x00000000c0000000, 0x00000000c4300000, 0x00000000eab00000)
  object space 68608K, 23% used [0x00000000c0000000,0x00000000c1003ea8,0x00000000c4300000)
 Metaspace       used 31515K, committed 32576K, reserved 1114112K
  class space    used 3108K, committed 3520K, reserved 1048576K
}
Event: 4.533 GC heap before
{Heap before GC invocations=13 (full 1):
 PSYoungGen      total 24064K, used 23881K [0x00000000eab00000, 0x00000000ec700000, 0x0000000100000000)
  eden space 22528K, 100% used [0x00000000eab00000,0x00000000ec100000,0x00000000ec100000)
  from space 1536K, 88% used [0x00000000ec480000,0x00000000ec5d2458,0x00000000ec600000)
  to   space 1024K, 0% used [0x00000000ec600000,0x00000000ec600000,0x00000000ec700000)
 ParOldGen       total 68608K, used 16399K [0x00000000c0000000, 0x00000000c4300000, 0x00000000eab00000)
  object space 68608K, 23% used [0x00000000c0000000,0x00000000c1003ea8,0x00000000c4300000)
 Metaspace       used 34568K, committed 35648K, reserved 1114112K
  class space    used 3508K, committed 3904K, reserved 1048576K
}
Event: 4.536 GC heap after
{Heap after GC invocations=13 (full 1):
 PSYoungGen      total 23040K, used 1024K [0x00000000eab00000, 0x00000000ec700000, 0x0000000100000000)
  eden space 22016K, 0% used [0x00000000eab00000,0x00000000eab00000,0x00000000ec080000)
  from space 1024K, 100% used [0x00000000ec600000,0x00000000ec700000,0x00000000ec700000)
  to   space 1536K, 0% used [0x00000000ec400000,0x00000000ec400000,0x00000000ec580000)
 ParOldGen       total 68608K, used 17457K [0x00000000c0000000, 0x00000000c4300000, 0x00000000eab00000)
  object space 68608K, 25% used [0x00000000c0000000,0x00000000c110c778,0x00000000c4300000)
 Metaspace       used 34568K, committed 35648K, reserved 1114112K
  class space    used 3508K, committed 3904K, reserved 1048576K
}
Event: 4.547 GC heap before
{Heap before GC invocations=14 (full 1):
 PSYoungGen      total 23040K, used 2978K [0x00000000eab00000, 0x00000000ec700000, 0x0000000100000000)
  eden space 22016K, 8% used [0x00000000eab00000,0x00000000eace8868,0x00000000ec080000)
  from space 1024K, 100% used [0x00000000ec600000,0x00000000ec700000,0x00000000ec700000)
  to   space 1536K, 0% used [0x00000000ec400000,0x00000000ec400000,0x00000000ec580000)
 ParOldGen       total 68608K, used 17457K [0x00000000c0000000, 0x00000000c4300000, 0x00000000eab00000)
  object space 68608K, 25% used [0x00000000c0000000,0x00000000c110c778,0x00000000c4300000)
 Metaspace       used 34779K, committed 35840K, reserved 1114112K
  class space    used 3542K, committed 3968K, reserved 1048576K
}
Event: 4.549 GC heap after
{Heap after GC invocations=14 (full 1):
 PSYoungGen      total 23552K, used 288K [0x00000000eab00000, 0x00000000ec680000, 0x0000000100000000)
  eden space 22016K, 0% used [0x00000000eab00000,0x00000000eab00000,0x00000000ec080000)
  from space 1536K, 18% used [0x00000000ec400000,0x00000000ec448000,0x00000000ec580000)
  to   space 1024K, 0% used [0x00000000ec580000,0x00000000ec580000,0x00000000ec680000)
 ParOldGen       total 68608K, used 18230K [0x00000000c0000000, 0x00000000c4300000, 0x00000000eab00000)
  object space 68608K, 26% used [0x00000000c0000000,0x00000000c11cd898,0x00000000c4300000)
 Metaspace       used 34779K, committed 35840K, reserved 1114112K
  class space    used 3542K, committed 3968K, reserved 1048576K
}
Event: 4.549 GC heap before
{Heap before GC invocations=15 (full 2):
 PSYoungGen      total 23552K, used 288K [0x00000000eab00000, 0x00000000ec680000, 0x0000000100000000)
  eden space 22016K, 0% used [0x00000000eab00000,0x00000000eab00000,0x00000000ec080000)
  from space 1536K, 18% used [0x00000000ec400000,0x00000000ec448000,0x00000000ec580000)
  to   space 1024K, 0% used [0x00000000ec580000,0x00000000ec580000,0x00000000ec680000)
 ParOldGen       total 68608K, used 18230K [0x00000000c0000000, 0x00000000c4300000, 0x00000000eab00000)
  object space 68608K, 26% used [0x00000000c0000000,0x00000000c11cd898,0x00000000c4300000)
 Metaspace       used 34779K, committed 35840K, reserved 1114112K
  class space    used 3542K, committed 3968K, reserved 1048576K
}
Event: 4.570 GC heap after
{Heap after GC invocations=15 (full 2):
 PSYoungGen      total 23552K, used 0K [0x00000000eab00000, 0x00000000ec680000, 0x0000000100000000)
  eden space 22016K, 0% used [0x00000000eab00000,0x00000000eab00000,0x00000000ec080000)
  from space 1536K, 0% used [0x00000000ec400000,0x00000000ec400000,0x00000000ec580000)
  to   space 1024K, 0% used [0x00000000ec580000,0x00000000ec580000,0x00000000ec680000)
 ParOldGen       total 68608K, used 17495K [0x00000000c0000000, 0x00000000c4300000, 0x00000000eab00000)
  object space 68608K, 25% used [0x00000000c0000000,0x00000000c1115ed8,0x00000000c4300000)
 Metaspace       used 34779K, committed 35840K, reserved 1114112K
  class space    used 3542K, committed 3968K, reserved 1048576K
}

Dll operation events (10 events):
Event: 0.012 Loaded shared library c:\Users\DCI\.vscode\extensions\redhat.java-1.39.0-win32-x64\jre\21.0.5-win32-x86_64\bin\java.dll
Event: 0.066 Loaded shared library c:\Users\DCI\.vscode\extensions\redhat.java-1.39.0-win32-x64\jre\21.0.5-win32-x86_64\bin\zip.dll
Event: 0.084 Loaded shared library C:\Users\DCI\.vscode\extensions\redhat.java-1.39.0-win32-x64\jre\21.0.5-win32-x86_64\bin\instrument.dll
Event: 0.090 Loaded shared library C:\Users\DCI\.vscode\extensions\redhat.java-1.39.0-win32-x64\jre\21.0.5-win32-x86_64\bin\net.dll
Event: 0.093 Loaded shared library C:\Users\DCI\.vscode\extensions\redhat.java-1.39.0-win32-x64\jre\21.0.5-win32-x86_64\bin\nio.dll
Event: 0.096 Loaded shared library C:\Users\DCI\.vscode\extensions\redhat.java-1.39.0-win32-x64\jre\21.0.5-win32-x86_64\bin\zip.dll
Event: 0.111 Loaded shared library C:\Users\DCI\.vscode\extensions\redhat.java-1.39.0-win32-x64\jre\21.0.5-win32-x86_64\bin\jimage.dll
Event: 0.168 Loaded shared library c:\Users\DCI\.vscode\extensions\redhat.java-1.39.0-win32-x64\jre\21.0.5-win32-x86_64\bin\verify.dll
Event: 1.439 Loaded shared library C:\Users\DCI\AppData\Roaming\Code\User\globalStorage\redhat.java\1.39.0\config_win\org.eclipse.equinox.launcher\org.eclipse.equinox.launcher.win32.win32.x86_64_1.2.1100.v20240722-2106\eclipse_11904.dll
Event: 3.077 Loaded shared library C:\Users\DCI\AppData\Local\Temp\jna--2053026509\jna5460099617794186085.dll

Deoptimization events (20 events):
Event: 4.530 Thread 0x000001ffc92c13b0 Uncommon trap: trap_request=0xffffff45 fr.pc=0x000001ffd41b9528 relative=0x00000000000000e8
Event: 4.530 Thread 0x000001ffc92c13b0 Uncommon trap: reason=unstable_if action=reinterpret pc=0x000001ffd41b9528 method=java.lang.CharacterDataLatin1.digit(II)I @ 7 c2
Event: 4.530 Thread 0x000001ffc92c13b0 DEOPT PACKING pc=0x000001ffd41b9528 sp=0x000000209a5fe520
Event: 4.530 Thread 0x000001ffc92c13b0 DEOPT UNPACKING pc=0x000001ffd3b93aa2 sp=0x000000209a5fe3e0 mode 2
Event: 4.530 Thread 0x000001ffc92c13b0 Uncommon trap: trap_request=0xffffff45 fr.pc=0x000001ffd411b948 relative=0x00000000000000a8
Event: 4.530 Thread 0x000001ffc92c13b0 Uncommon trap: reason=unstable_if action=reinterpret pc=0x000001ffd411b948 method=java.lang.CharacterDataLatin1.digit(II)I @ 7 c2
Event: 4.530 Thread 0x000001ffc92c13b0 DEOPT PACKING pc=0x000001ffd411b948 sp=0x000000209a5fe470
Event: 4.530 Thread 0x000001ffc92c13b0 DEOPT UNPACKING pc=0x000001ffd3b93aa2 sp=0x000000209a5fe3f0 mode 2
Event: 4.538 Thread 0x000001ffc92c13b0 Uncommon trap: trap_request=0xffffff45 fr.pc=0x000001ffd427bde0 relative=0x0000000000000720
Event: 4.538 Thread 0x000001ffc92c13b0 Uncommon trap: reason=unstable_if action=reinterpret pc=0x000001ffd427bde0 method=java.util.regex.Pattern$BmpCharPropertyGreedy.match(Ljava/util/regex/Matcher;ILjava/lang/CharSequence;)Z @ 12 c2
Event: 4.538 Thread 0x000001ffc92c13b0 DEOPT PACKING pc=0x000001ffd427bde0 sp=0x000000209a5fde70
Event: 4.538 Thread 0x000001ffc92c13b0 DEOPT UNPACKING pc=0x000001ffd3b93aa2 sp=0x000000209a5fdd38 mode 2
Event: 4.635 Thread 0x000001ffe76db570 Uncommon trap: trap_request=0xfffffff4 fr.pc=0x000001ffd42af828 relative=0x0000000000000368
Event: 4.635 Thread 0x000001ffe76db570 Uncommon trap: reason=null_check action=make_not_entrant pc=0x000001ffd42af828 method=sun.invoke.util.VerifyType.isNullConversion(Ljava/lang/Class;Ljava/lang/Class;Z)Z @ 12 c2
Event: 4.635 Thread 0x000001ffe76db570 DEOPT PACKING pc=0x000001ffd42af828 sp=0x000000209defd4f0
Event: 4.635 Thread 0x000001ffe76db570 DEOPT UNPACKING pc=0x000001ffd3b93aa2 sp=0x000000209defd478 mode 2
Event: 4.636 Thread 0x000001ffe76db570 Uncommon trap: trap_request=0xffffff45 fr.pc=0x000001ffd41a0ba8 relative=0x0000000000000108
Event: 4.636 Thread 0x000001ffe76db570 Uncommon trap: reason=unstable_if action=reinterpret pc=0x000001ffd41a0ba8 method=jdk.internal.org.objectweb.asm.ByteVector.putShort(I)Ljdk/internal/org/objectweb/asm/ByteVector; @ 13 c2
Event: 4.636 Thread 0x000001ffe76db570 DEOPT PACKING pc=0x000001ffd41a0ba8 sp=0x000000209defd0d0
Event: 4.636 Thread 0x000001ffe76db570 DEOPT UNPACKING pc=0x000001ffd3b93aa2 sp=0x000000209defd068 mode 2

Classes loaded (20 events):
Event: 4.538 Loading class sun/util/locale/provider/CalendarNameProviderImpl$LengthBasedComparator
Event: 4.538 Loading class sun/util/locale/provider/CalendarNameProviderImpl$LengthBasedComparator done
Event: 4.572 Loading class java/io/PrintWriter$1
Event: 4.572 Loading class jdk/internal/access/JavaIOPrintWriterAccess
Event: 4.572 Loading class jdk/internal/access/JavaIOPrintWriterAccess done
Event: 4.572 Loading class java/io/PrintWriter$1 done
Event: 4.573 Loading class java/time/format/DateTimeParseContext
Event: 4.573 Loading class java/time/format/DateTimeParseContext done
Event: 4.573 Loading class java/time/format/Parsed
Event: 4.574 Loading class java/time/format/Parsed done
Event: 4.575 Loading class java/time/Month
Event: 4.575 Loading class java/time/Month done
Event: 4.575 Loading class java/time/Year
Event: 4.576 Loading class java/time/Year done
Event: 4.582 Loading class java/io/FilterReader
Event: 4.582 Loading class java/io/FilterReader done
Event: 4.597 Loading class sun/reflect/generics/repository/FieldRepository
Event: 4.597 Loading class sun/reflect/generics/repository/FieldRepository done
Event: 4.634 Loading class java/lang/invoke/MethodHandleImpl$CountingWrapper
Event: 4.634 Loading class java/lang/invoke/MethodHandleImpl$CountingWrapper done

Classes unloaded (7 events):
Event: 3.651 Thread 0x000001ffdd7f4530 Unloading class 0x000001ff8119d400 'java/lang/invoke/LambdaForm$MH+0x000001ff8119d400'
Event: 3.651 Thread 0x000001ffdd7f4530 Unloading class 0x000001ff8119d000 'java/lang/invoke/LambdaForm$MH+0x000001ff8119d000'
Event: 3.651 Thread 0x000001ffdd7f4530 Unloading class 0x000001ff8119cc00 'java/lang/invoke/LambdaForm$MH+0x000001ff8119cc00'
Event: 3.651 Thread 0x000001ffdd7f4530 Unloading class 0x000001ff8119c800 'java/lang/invoke/LambdaForm$MH+0x000001ff8119c800'
Event: 3.651 Thread 0x000001ffdd7f4530 Unloading class 0x000001ff8119c400 'java/lang/invoke/LambdaForm$BMH+0x000001ff8119c400'
Event: 3.651 Thread 0x000001ffdd7f4530 Unloading class 0x000001ff8119c000 'java/lang/invoke/LambdaForm$DMH+0x000001ff8119c000'
Event: 3.651 Thread 0x000001ffdd7f4530 Unloading class 0x000001ff8119ac00 'java/lang/invoke/LambdaForm$DMH+0x000001ff8119ac00'

Classes redefined (0 events):
No events

Internal exceptions (20 events):
Event: 4.420 Thread 0x000001ffe4c389f0 Exception <a 'java/lang/NoSuchMethodError'{0x00000000eaf8a748}: 'java.lang.Object java.lang.invoke.DirectMethodHandle$Holder.invokeStaticInit(java.lang.Object, java.lang.Object, java.lang.Object, java.lang.Object, java.lang.Object, java.lang.Object, java.lang.Object)'> (0x00000000eaf8a748) 
thrown [s\src\hotspot\share\interpreter\linkResolver.cpp, line 773]
Event: 4.421 Thread 0x000001ffe4c389f0 Exception <a 'java/lang/NoSuchMethodError'{0x00000000eaf8ef20}: 'java.lang.Object java.lang.invoke.Invokers$Holder.invoke_MT(java.lang.Object, java.lang.Object, java.lang.Object, java.lang.Object, java.lang.Object, java.lang.Object, java.lang.Object, java.lang.Object, java.lang.Object)'> (0x00000000eaf8ef20) 
thrown [s\src\hotspot\share\interpreter\linkResolver.cpp, line 773]
Event: 4.426 Thread 0x000001ffe4c389f0 Exception <a 'java/lang/NoSuchMethodError'{0x00000000eb0dbaa0}: 'int java.lang.invoke.DirectMethodHandle$Holder.invokeVirtual(java.lang.Object, java.lang.Object, java.lang.Object)'> (0x00000000eb0dbaa0) 
thrown [s\src\hotspot\share\interpreter\linkResolver.cpp, line 773]
Event: 4.427 Thread 0x000001ffe4c389f0 Exception <a 'java/lang/NoSuchMethodError'{0x00000000eb0dfa18}: 'int java.lang.invoke.DirectMethodHandle$Holder.invokeStaticInit(java.lang.Object, int, int)'> (0x00000000eb0dfa18) 
thrown [s\src\hotspot\share\interpreter\linkResolver.cpp, line 773]
Event: 4.428 Thread 0x000001ffe4c389f0 Exception <a 'java/lang/NoSuchMethodError'{0x00000000eb111ac8}: 'int java.lang.invoke.DirectMethodHandle$Holder.invokeStaticInit(java.lang.Object, long, long)'> (0x00000000eb111ac8) 
thrown [s\src\hotspot\share\interpreter\linkResolver.cpp, line 773]
Event: 4.428 Thread 0x000001ffe4c389f0 Exception <a 'java/lang/NoSuchMethodError'{0x00000000eb118460}: 'int java.lang.invoke.DirectMethodHandle$Holder.invokeStaticInit(java.lang.Object, float, float)'> (0x00000000eb118460) 
thrown [s\src\hotspot\share\interpreter\linkResolver.cpp, line 773]
Event: 4.429 Thread 0x000001ffe4c389f0 Exception <a 'java/lang/NoSuchMethodError'{0x00000000eb151290}: 'int java.lang.invoke.DirectMethodHandle$Holder.invokeStaticInit(java.lang.Object, double, double)'> (0x00000000eb151290) 
thrown [s\src\hotspot\share\interpreter\linkResolver.cpp, line 773]
Event: 4.430 Thread 0x000001ffe4c389f0 Exception <a 'java/lang/NoSuchMethodError'{0x00000000eb1556c0}: 'int java.lang.invoke.DirectMethodHandle$Holder.invokeStatic(java.lang.Object, long)'> (0x00000000eb1556c0) 
thrown [s\src\hotspot\share\interpreter\linkResolver.cpp, line 773]
Event: 4.432 Thread 0x000001ffe4c389f0 Exception <a 'java/lang/NoSuchMethodError'{0x00000000eb1d8580}: 'int java.lang.invoke.Invokers$Holder.linkToTargetMethod(java.lang.Object, java.lang.Object)'> (0x00000000eb1d8580) 
thrown [s\src\hotspot\share\interpreter\linkResolver.cpp, line 773]
Event: 4.459 Thread 0x000001ffe4c38360 Exception <a 'java/lang/NoSuchMethodError'{0x00000000eb67b5a8}: 'java.lang.Object java.lang.invoke.DirectMethodHandle$Holder.invokeVirtual(java.lang.Object, java.lang.Object, java.lang.Object, java.lang.Object)'> (0x00000000eb67b5a8) 
thrown [s\src\hotspot\share\interpreter\linkResolver.cpp, line 773]
Event: 4.462 Thread 0x000001ffe4c38360 Exception <a 'java/lang/NoSuchMethodError'{0x00000000eb70b800}: 'java.lang.Object java.lang.invoke.DirectMethodHandle$Holder.invokeVirtual(java.lang.Object, java.lang.Object, java.lang.Object, java.lang.Object, java.lang.Object)'> (0x00000000eb70b800) 
thrown [s\src\hotspot\share\interpreter\linkResolver.cpp, line 773]
Event: 4.483 Thread 0x000001ffe4c389f0 Exception <a 'java/lang/NoSuchMethodError'{0x00000000eba9f4c0}: 'java.lang.Object java.lang.invoke.DirectMethodHandle$Holder.invokeSpecialIFC(java.lang.Object, java.lang.Object, java.lang.Object, java.lang.Object)'> (0x00000000eba9f4c0) 
thrown [s\src\hotspot\share\interpreter\linkResolver.cpp, line 773]
Event: 4.489 Thread 0x000001ffc92c13b0 Exception <a 'java/lang/NoSuchMethodError'{0x00000000ebbe5ec0}: 'void java.lang.invoke.DirectMethodHandle$Holder.invokeSpecial(java.lang.Object, java.lang.Object, java.lang.Object, java.lang.Object, java.lang.Object, java.lang.Object)'> (0x00000000ebbe5ec0) 
thrown [s\src\hotspot\share\interpreter\linkResolver.cpp, line 773]
Event: 4.491 Thread 0x000001ffc92c13b0 Exception <a 'java/lang/IncompatibleClassChangeError'{0x00000000ebc2ca50}: Found class java.lang.Object, but interface was expected> (0x00000000ebc2ca50) 
thrown [s\src\hotspot\share\interpreter\linkResolver.cpp, line 840]
Event: 4.491 Thread 0x000001ffc92c13b0 Exception <a 'java/lang/IncompatibleClassChangeError'{0x00000000ebc2e840}: Found class java.lang.Object, but interface was expected> (0x00000000ebc2e840) 
thrown [s\src\hotspot\share\interpreter\linkResolver.cpp, line 840]
Event: 4.630 Thread 0x000001ffe76db570 Exception <a 'java/lang/NoSuchMethodError'{0x00000000eb439760}: 'int java.lang.invoke.DirectMethodHandle$Holder.invokeSpecial(java.lang.Object, java.lang.Object, java.lang.Object, java.lang.Object)'> (0x00000000eb439760) 
thrown [s\src\hotspot\share\interpreter\linkResolver.cpp, line 773]
Event: 4.633 Thread 0x000001ffe76db570 Exception <a 'java/lang/NoSuchMethodError'{0x00000000eb45bd38}: 'java.lang.Object java.lang.invoke.DirectMethodHandle$Holder.invokeStatic(java.lang.Object, int, java.lang.Object, java.lang.Object)'> (0x00000000eb45bd38) 
thrown [s\src\hotspot\share\interpreter\linkResolver.cpp, line 773]
Event: 4.633 Thread 0x000001ffe76db570 Exception <a 'java/lang/NoSuchMethodError'{0x00000000eb474560}: 'java.lang.Object java.lang.invoke.DelegatingMethodHandle$Holder.delegate(java.lang.Object, int, java.lang.Object, java.lang.Object)'> (0x00000000eb474560) 
thrown [s\src\hotspot\share\interpreter\linkResolver.cpp, line 773]
Event: 4.635 Thread 0x000001ffe76db570 Implicit null exception at 0x000001ffd42af4f6 to 0x000001ffd42af818
Event: 4.637 Thread 0x000001ffe76db570 Exception <a 'java/lang/NoSuchMethodError'{0x00000000eb4b0ab0}: 'int java.lang.invoke.Invokers$Holder.linkToTargetMethod(java.lang.Object, java.lang.Object, java.lang.Object)'> (0x00000000eb4b0ab0) 
thrown [s\src\hotspot\share\interpreter\linkResolver.cpp, line 773]

ZGC Phase Switch (0 events):
No events

VM Operations (20 events):
Event: 4.065 Executing VM operation: HandshakeAllThreads (Deoptimize) done
Event: 4.093 Executing VM operation: HandshakeAllThreads (Deoptimize)
Event: 4.093 Executing VM operation: HandshakeAllThreads (Deoptimize) done
Event: 4.095 Executing VM operation: HandshakeAllThreads (Deoptimize)
Event: 4.095 Executing VM operation: HandshakeAllThreads (Deoptimize) done
Event: 4.116 Executing VM operation: HandshakeAllThreads (Deoptimize)
Event: 4.116 Executing VM operation: HandshakeAllThreads (Deoptimize) done
Event: 4.141 Executing VM operation: HandshakeAllThreads (Deoptimize)
Event: 4.142 Executing VM operation: HandshakeAllThreads (Deoptimize) done
Event: 4.189 Executing VM operation: ParallelGCFailedAllocation (Allocation Failure)
Event: 4.191 Executing VM operation: ParallelGCFailedAllocation (Allocation Failure) done
Event: 4.384 Executing VM operation: ParallelGCFailedAllocation (Allocation Failure)
Event: 4.387 Executing VM operation: ParallelGCFailedAllocation (Allocation Failure) done
Event: 4.437 Executing VM operation: HandshakeAllThreads (Deoptimize)
Event: 4.454 Executing VM operation: HandshakeAllThreads (Deoptimize) done
Event: 4.533 Executing VM operation: ParallelGCFailedAllocation (Allocation Failure)
Event: 4.536 Executing VM operation: ParallelGCFailedAllocation (Allocation Failure) done
Event: 4.547 Executing VM operation: CollectForMetadataAllocation (Metadata GC Threshold)
Event: 4.570 Executing VM operation: CollectForMetadataAllocation (Metadata GC Threshold) done
Event: 5.578 Executing VM operation: Cleanup

Memory protections (0 events):
No events

Nmethod flushes (20 events):
Event: 4.560 Thread 0x000001ffdd7f4530 flushing  nmethod 0x000001ffccc46a10
Event: 4.560 Thread 0x000001ffdd7f4530 flushing  nmethod 0x000001ffccc77490
Event: 4.560 Thread 0x000001ffdd7f4530 flushing  nmethod 0x000001ffccc77890
Event: 4.560 Thread 0x000001ffdd7f4530 flushing  nmethod 0x000001ffccc78190
Event: 4.560 Thread 0x000001ffdd7f4530 flushing  nmethod 0x000001ffccc79390
Event: 4.560 Thread 0x000001ffdd7f4530 flushing  nmethod 0x000001ffccc79b90
Event: 4.560 Thread 0x000001ffdd7f4530 flushing  nmethod 0x000001ffccc7a310
Event: 4.560 Thread 0x000001ffdd7f4530 flushing  nmethod 0x000001ffccc7b890
Event: 4.560 Thread 0x000001ffdd7f4530 flushing  nmethod 0x000001ffccc7c410
Event: 4.560 Thread 0x000001ffdd7f4530 flushing  nmethod 0x000001ffccc7ce10
Event: 4.560 Thread 0x000001ffdd7f4530 flushing  nmethod 0x000001ffccc7db10
Event: 4.560 Thread 0x000001ffdd7f4530 flushing  nmethod 0x000001ffccc7df10
Event: 4.560 Thread 0x000001ffdd7f4530 flushing  nmethod 0x000001ffccc7e390
Event: 4.560 Thread 0x000001ffdd7f4530 flushing  nmethod 0x000001ffccc7ea90
Event: 4.560 Thread 0x000001ffdd7f4530 flushing  nmethod 0x000001ffccc7ef90
Event: 4.560 Thread 0x000001ffdd7f4530 flushing  nmethod 0x000001ffccc90f10
Event: 4.560 Thread 0x000001ffdd7f4530 flushing  nmethod 0x000001ffccca9690
Event: 4.560 Thread 0x000001ffdd7f4530 flushing  nmethod 0x000001ffcccaf810
Event: 4.560 Thread 0x000001ffdd7f4530 flushing  nmethod 0x000001ffcccc3110
Event: 4.560 Thread 0x000001ffdd7f4530 flushing  nmethod 0x000001ffccd2d190

Events (20 events):
Event: 4.282 Thread 0x000001ffc92c13b0 Thread added: 0x000001ffe4c39080
Event: 4.282 Thread 0x000001ffc92c13b0 Thread added: 0x000001ffe628c210
Event: 4.282 Thread 0x000001ffc92c13b0 Thread added: 0x000001ffe6288d90
Event: 4.283 Thread 0x000001ffc92c13b0 Thread added: 0x000001ffe628a140
Event: 4.283 Thread 0x000001ffc92c13b0 Thread added: 0x000001ffe628ae60
Event: 4.283 Thread 0x000001ffc92c13b0 Thread added: 0x000001ffe6289420
Event: 4.283 Thread 0x000001ffc92c13b0 Thread added: 0x000001ffe628b4f0
Event: 4.283 Thread 0x000001ffc92c13b0 Thread added: 0x000001ffe6289ab0
Event: 4.283 Thread 0x000001ffc92c13b0 Thread added: 0x000001ffe628a7d0
Event: 4.283 Thread 0x000001ffc92c13b0 Thread added: 0x000001ffe628bb80
Event: 4.283 Thread 0x000001ffc92c13b0 Thread added: 0x000001ffe76dd640
Event: 4.283 Thread 0x000001ffc92c13b0 Thread added: 0x000001ffe76ddcd0
Event: 4.307 Thread 0x000001ffc92c13b0 Thread added: 0x000001ffe76dc920
Event: 4.395 Thread 0x000001ffe4c38360 Thread added: 0x000001ffe76de360
Event: 4.400 Thread 0x000001ffe4c389f0 Thread added: 0x000001ffe76db570
Event: 4.412 Thread 0x000001ffe4c38360 Thread added: 0x000001ffe76dbc00
Event: 4.526 Thread 0x000001ffc92c13b0 Thread added: 0x000001ffe76daee0
Event: 4.526 Thread 0x000001ffc92c13b0 Thread added: 0x000001ffe76de9f0
Event: 4.586 Thread 0x000001ffe4c38360 Thread added: 0x000001ffe76df080
Event: 4.629 Thread 0x000001ffe76db570 Thread added: 0x000001ffe76dc290


Dynamic libraries:
0x00007ff6f0050000 - 0x00007ff6f005e000 	c:\Users\DCI\.vscode\extensions\redhat.java-1.39.0-win32-x64\jre\21.0.5-win32-x86_64\bin\java.exe
0x00007ffed24e0000 - 0x00007ffed2743000 	C:\WINDOWS\SYSTEM32\ntdll.dll
0x00007ffed1840000 - 0x00007ffed1907000 	C:\WINDOWS\System32\KERNEL32.DLL
0x00007ffecfa60000 - 0x00007ffecfe27000 	C:\WINDOWS\System32\KERNELBASE.dll
0x00007ffecff90000 - 0x00007ffed00dc000 	C:\WINDOWS\System32\ucrtbase.dll
0x00007ffec5b50000 - 0x00007ffec5b6e000 	c:\Users\DCI\.vscode\extensions\redhat.java-1.39.0-win32-x64\jre\21.0.5-win32-x86_64\bin\VCRUNTIME140.dll
0x00007ffec6f00000 - 0x00007ffec6f18000 	c:\Users\DCI\.vscode\extensions\redhat.java-1.39.0-win32-x64\jre\21.0.5-win32-x86_64\bin\jli.dll
0x00007ffed1650000 - 0x00007ffed1819000 	C:\WINDOWS\System32\USER32.dll
0x00007ffe9a0a0000 - 0x00007ffe9a330000 	C:\WINDOWS\WinSxS\amd64_microsoft.windows.common-controls_6595b64144ccf1df_6.0.26100.3037_none_3e09262ce333c378\COMCTL32.dll
0x00007ffecfe30000 - 0x00007ffecfe57000 	C:\WINDOWS\System32\win32u.dll
0x00007ffed1e40000 - 0x00007ffed1ee9000 	C:\WINDOWS\System32\msvcrt.dll
0x00007ffed1e10000 - 0x00007ffed1e3a000 	C:\WINDOWS\System32\GDI32.dll
0x00007ffecfe60000 - 0x00007ffecff8b000 	C:\WINDOWS\System32\gdi32full.dll
0x00007ffecf880000 - 0x00007ffecf923000 	C:\WINDOWS\System32\msvcp_win.dll
0x00007ffed0320000 - 0x00007ffed034f000 	C:\WINDOWS\System32\IMM32.DLL
0x00007ffec7e30000 - 0x00007ffec7e3c000 	c:\Users\DCI\.vscode\extensions\redhat.java-1.39.0-win32-x64\jre\21.0.5-win32-x86_64\bin\vcruntime140_1.dll
0x00007ffeb8a50000 - 0x00007ffeb8add000 	c:\Users\DCI\.vscode\extensions\redhat.java-1.39.0-win32-x64\jre\21.0.5-win32-x86_64\bin\msvcp140.dll
0x00007ffe742f0000 - 0x00007ffe7507f000 	c:\Users\DCI\.vscode\extensions\redhat.java-1.39.0-win32-x64\jre\21.0.5-win32-x86_64\bin\server\jvm.dll
0x00007ffed1b80000 - 0x00007ffed1c34000 	C:\WINDOWS\System32\ADVAPI32.dll
0x00007ffed22d0000 - 0x00007ffed2376000 	C:\WINDOWS\System32\sechost.dll
0x00007ffed2380000 - 0x00007ffed2496000 	C:\WINDOWS\System32\RPCRT4.dll
0x00007ffed19a0000 - 0x00007ffed1a14000 	C:\WINDOWS\System32\WS2_32.dll
0x00007ffecf710000 - 0x00007ffecf75e000 	C:\WINDOWS\SYSTEM32\POWRPROF.dll
0x00007ffebbb70000 - 0x00007ffebbb7b000 	C:\WINDOWS\SYSTEM32\VERSION.dll
0x00007ffec3940000 - 0x00007ffec3976000 	C:\WINDOWS\SYSTEM32\WINMM.dll
0x00007ffecf6f0000 - 0x00007ffecf704000 	C:\WINDOWS\SYSTEM32\UMPDC.dll
0x00007ffece670000 - 0x00007ffece68a000 	C:\WINDOWS\SYSTEM32\kernel.appcore.dll
0x00007ffec6ef0000 - 0x00007ffec6efa000 	c:\Users\DCI\.vscode\extensions\redhat.java-1.39.0-win32-x64\jre\21.0.5-win32-x86_64\bin\jimage.dll
0x00007ffeccbd0000 - 0x00007ffecce11000 	C:\WINDOWS\SYSTEM32\DBGHELP.DLL
0x00007ffed1ef0000 - 0x00007ffed226e000 	C:\WINDOWS\System32\combase.dll
0x00007ffed1aa0000 - 0x00007ffed1b76000 	C:\WINDOWS\System32\OLEAUT32.dll
0x00007ffeb71a0000 - 0x00007ffeb71d9000 	C:\WINDOWS\SYSTEM32\dbgcore.DLL
0x00007ffecf9c0000 - 0x00007ffecfa59000 	C:\WINDOWS\System32\bcryptPrimitives.dll
0x00007ffec5b40000 - 0x00007ffec5b4f000 	c:\Users\DCI\.vscode\extensions\redhat.java-1.39.0-win32-x64\jre\21.0.5-win32-x86_64\bin\instrument.dll
0x00007ffec2e80000 - 0x00007ffec2e9f000 	c:\Users\DCI\.vscode\extensions\redhat.java-1.39.0-win32-x64\jre\21.0.5-win32-x86_64\bin\java.dll
0x00007ffed0580000 - 0x00007ffed0c84000 	C:\WINDOWS\System32\SHELL32.dll
0x00007ffecd540000 - 0x00007ffecdd77000 	C:\WINDOWS\SYSTEM32\windows.storage.dll
0x00007ffed0370000 - 0x00007ffed0459000 	C:\WINDOWS\System32\SHCORE.dll
0x00007ffed0d00000 - 0x00007ffed0d5d000 	C:\WINDOWS\System32\shlwapi.dll
0x00007ffecf790000 - 0x00007ffecf7be000 	C:\WINDOWS\SYSTEM32\profapi.dll
0x00007ffec2df0000 - 0x00007ffec2e08000 	c:\Users\DCI\.vscode\extensions\redhat.java-1.39.0-win32-x64\jre\21.0.5-win32-x86_64\bin\zip.dll
0x00007ffec2dd0000 - 0x00007ffec2de0000 	C:\Users\DCI\.vscode\extensions\redhat.java-1.39.0-win32-x64\jre\21.0.5-win32-x86_64\bin\net.dll
0x00007ffec7460000 - 0x00007ffec757e000 	C:\WINDOWS\SYSTEM32\WINHTTP.dll
0x00007ffeceb60000 - 0x00007ffecebc8000 	C:\WINDOWS\system32\mswsock.dll
0x00007ffec2db0000 - 0x00007ffec2dc6000 	C:\Users\DCI\.vscode\extensions\redhat.java-1.39.0-win32-x64\jre\21.0.5-win32-x86_64\bin\nio.dll
0x00007ffec2cf0000 - 0x00007ffec2d00000 	c:\Users\DCI\.vscode\extensions\redhat.java-1.39.0-win32-x64\jre\21.0.5-win32-x86_64\bin\verify.dll
0x00007ffeb8260000 - 0x00007ffeb82a5000 	C:\Users\DCI\AppData\Roaming\Code\User\globalStorage\redhat.java\1.39.0\config_win\org.eclipse.equinox.launcher\org.eclipse.equinox.launcher.win32.win32.x86_64_1.2.1100.v20240722-2106\eclipse_11904.dll
0x00007ffed0f70000 - 0x00007ffed1105000 	C:\WINDOWS\System32\ole32.dll
0x00007ffecef10000 - 0x00007ffecef2c000 	C:\WINDOWS\SYSTEM32\CRYPTSP.dll
0x00007ffece5d0000 - 0x00007ffece608000 	C:\WINDOWS\system32\rsaenh.dll
0x00007ffecec00000 - 0x00007ffecec2b000 	C:\WINDOWS\SYSTEM32\USERENV.dll
0x00007ffecf0a0000 - 0x00007ffecf0c6000 	C:\WINDOWS\SYSTEM32\bcrypt.dll
0x00007ffeced90000 - 0x00007ffeced9c000 	C:\WINDOWS\SYSTEM32\CRYPTBASE.dll
0x00007ffece0e0000 - 0x00007ffece112000 	C:\WINDOWS\SYSTEM32\IPHLPAPI.DLL
0x00007ffed0360000 - 0x00007ffed036a000 	C:\WINDOWS\System32\NSI.dll
0x00007ffeb8180000 - 0x00007ffeb81c9000 	C:\Users\DCI\AppData\Local\Temp\jna--2053026509\jna5460099617794186085.dll
0x00007ffed0470000 - 0x00007ffed0478000 	C:\WINDOWS\System32\PSAPI.DLL
0x00007ffec7740000 - 0x00007ffec775f000 	C:\WINDOWS\SYSTEM32\dhcpcsvc6.DLL
0x00007ffec7700000 - 0x00007ffec7725000 	C:\WINDOWS\SYSTEM32\dhcpcsvc.DLL

dbghelp: loaded successfully - version: 4.0.5 - missing functions: none
symbol engine: initialized successfully - sym options: 0x614 - pdb path: .;c:\Users\DCI\.vscode\extensions\redhat.java-1.39.0-win32-x64\jre\21.0.5-win32-x86_64\bin;C:\WINDOWS\SYSTEM32;C:\WINDOWS\WinSxS\amd64_microsoft.windows.common-controls_6595b64144ccf1df_6.0.26100.3037_none_3e09262ce333c378;c:\Users\DCI\.vscode\extensions\redhat.java-1.39.0-win32-x64\jre\21.0.5-win32-x86_64\bin\server;C:\Users\DCI\AppData\Roaming\Code\User\globalStorage\redhat.java\1.39.0\config_win\org.eclipse.equinox.launcher\org.eclipse.equinox.launcher.win32.win32.x86_64_1.2.1100.v20240722-2106;C:\Users\DCI\AppData\Local\Temp\jna--2053026509

VM Arguments:
jvm_args: --add-modules=ALL-SYSTEM --add-opens=java.base/java.util=ALL-UNNAMED --add-opens=java.base/java.lang=ALL-UNNAMED --add-opens=java.base/sun.nio.fs=ALL-UNNAMED -Declipse.application=org.eclipse.jdt.ls.core.id1 -Dosgi.bundles.defaultStartLevel=4 -Declipse.product=org.eclipse.jdt.ls.core.product -Djava.import.generatesMetadataFilesAtProjectRoot=false -DDetectVMInstallationsJob.disabled=true -Dfile.encoding=utf8 -XX:+UseParallelGC -XX:GCTimeRatio=4 -XX:AdaptiveSizePolicyWeight=90 -Dsun.zip.disableMemoryMapping=true -Xmx1G -Xms100m -Xlog:disable -javaagent:c:\Users\DCI\.vscode\extensions\redhat.java-1.39.0-win32-x64\lombok\lombok-1.18.34.jar -XX:+HeapDumpOnOutOfMemoryError -XX:HeapDumpPath=c:\Users\DCI\AppData\Roaming\Code\User\workspaceStorage\22f5ef1b04301801babf9f57b6b5e900\redhat.java -Daether.dependencyCollector.impl=bf 
java_command: c:\Users\DCI\.vscode\extensions\redhat.java-1.39.0-win32-x64\server\plugins\org.eclipse.equinox.launcher_1.6.900.v20240613-2009.jar -configuration c:\Users\DCI\AppData\Roaming\Code\User\globalStorage\redhat.java\1.39.0\config_win -data c:\Users\DCI\AppData\Roaming\Code\User\workspaceStorage\22f5ef1b04301801babf9f57b6b5e900\redhat.java\jdt_ws --pipe=\\.\pipe\lsp-47a84e2e7d93c00b67f68bf04acad8ff-sock
java_class_path (initial): c:\Users\DCI\.vscode\extensions\redhat.java-1.39.0-win32-x64\server\plugins\org.eclipse.equinox.launcher_1.6.900.v20240613-2009.jar
Launcher Type: SUN_STANDARD

[Global flags]
    uintx AdaptiveSizePolicyWeight                 = 90                                        {product} {command line}
     intx CICompilerCount                          = 4                                         {product} {ergonomic}
    uintx GCTimeRatio                              = 4                                         {product} {command line}
     bool HeapDumpOnOutOfMemoryError               = true                                   {manageable} {command line}
    ccstr HeapDumpPath                             = c:\Users\DCI\AppData\Roaming\Code\User\workspaceStorage\22f5ef1b04301801babf9f57b6b5e900\redhat.java         {manageable} {command line}
   size_t InitialHeapSize                          = 104857600                                 {product} {command line}
   size_t MaxHeapSize                              = 1073741824                                {product} {command line}
   size_t MaxNewSize                               = 357564416                                 {product} {ergonomic}
   size_t MinHeapDeltaBytes                        = 524288                                    {product} {ergonomic}
   size_t MinHeapSize                              = 104857600                                 {product} {command line}
   size_t NewSize                                  = 34603008                                  {product} {ergonomic}
    uintx NonNMethodCodeHeapSize                   = 5839372                                {pd product} {ergonomic}
    uintx NonProfiledCodeHeapSize                  = 122909434                              {pd product} {ergonomic}
   size_t OldSize                                  = 70254592                                  {product} {ergonomic}
    uintx ProfiledCodeHeapSize                     = 122909434                              {pd product} {ergonomic}
    uintx ReservedCodeCacheSize                    = 251658240                              {pd product} {ergonomic}
     bool SegmentedCodeCache                       = true                                      {product} {ergonomic}
   size_t SoftMaxHeapSize                          = 1073741824                             {manageable} {ergonomic}
     bool UseCompressedOops                        = true                           {product lp64_product} {ergonomic}
     bool UseLargePagesIndividualAllocation        = false                                  {pd product} {ergonomic}
     bool UseParallelGC                            = true                                      {product} {command line}

Logging:
Log output configuration:
 #0: stdout all=off uptime,level,tags foldmultilines=false
 #1: stderr all=off uptime,level,tags foldmultilines=false

Environment Variables:
JAVA_HOME=C:\Program Files\Java\jdk-17
CLASSPATH=.;C:\xampp\tomcat\lib\servlet-api.jar;C:\xampp\tomcat\lib\postgresql-42.6.0.jar;C:\Program Files\Java\jdk-17\lib\opencv-490.jar;
PATH=.;C:\Program Files\Java\jdk-17\bin;C:\app\LENOVO\product\11.2.0\dbhome_1\bin;C:\Program Files\apache-ant-1.10.15\bin;C:\ProgramData\Oracle\Java\javapath;C:\WINDOWS\system32;C:\WINDOWS;C:\WINDOWS\System32\Wbem;C:\WINDOWS\System32\WindowsPowerShell\v1.0\;C:\WINDOWS\System32\OpenSSH\;C:\Program Files\dotnet\;C:\Program Files\Microsoft SQL Server\150\Tools\Binn\;C:\Program Files\Microsoft SQL Server\Client SDK\ODBC\170\Tools\Binn\;C:\xampp\mysql\bin;C:\Program Files\PostgreSQL\17\bin;C:\xampp\php\libpq.dll;C:\Program Files\nodejs\;C:\xampp\php;C:\Program Files\apache-maven-3.9.9\bin;C:\Program Files\Docker\Docker\resources\bin;C:\ProgramData\ComposerSetup\bin;C:\Users\DCI\Downloads\opencv\build\x64\vc16\bin;C:\Users\DCI\Downloads\opencv\build\java\x64\opencv_java490.dll;C:\Program Files\MongoDB\Server\8.0\bin;C:\Users\DCI\AppData\Local\Microsoft\WindowsApps;C:\Users\DCI\AppData\Local\Programs\Microsoft VS Code\bin;C:\Users\DCI\.dotnet\tools;C:\Users\DCI\AppData\Local\GitHubDesktop\bin;C:\Users\DCI\AppData\Roaming\npm;C:\tomcat\lib\servlet-api.jar;C:\Users\DCI\AppData\Roaming\Composer\vendor\bin
USERNAME=LENOVO
OS=Windows_NT
PROCESSOR_IDENTIFIER=Intel64 Family 6 Model 186 Stepping 2, GenuineIntel
TMP=C:\Users\DCI\AppData\Local\Temp
TEMP=C:\Users\DCI\AppData\Local\Temp




Periodic native trim disabled

---------------  S Y S T E M  ---------------

OS:
 Windows 11 , 64 bit Build 26100 (10.0.26100.3037)
OS uptime: 0 days 7:23 hours
Hyper-V role detected

CPU: total 12 (initial active 12) (6 cores per cpu, 2 threads per core) family 6 model 186 stepping 2 microcode 0x4112, cx8, cmov, fxsr, ht, mmx, 3dnowpref, sse, sse2, sse3, ssse3, sse4.1, sse4.2, popcnt, lzcnt, tsc, tscinvbit, avx, avx2, aes, erms, clmul, bmi1, bmi2, adx, sha, fma, vzeroupper, clflush, clflushopt, clwb, hv, serialize, rdtscp, rdpid, fsrm, f16c, cet_ibt, cet_ss
Processor Information for processor 0
  Max Mhz: 2100, Current Mhz: 2100, Mhz Limit: 2100
Processor Information for processor 1
  Max Mhz: 2100, Current Mhz: 2100, Mhz Limit: 2100
Processor Information for processor 2
  Max Mhz: 2100, Current Mhz: 2100, Mhz Limit: 2100
Processor Information for processor 3
  Max Mhz: 2100, Current Mhz: 2100, Mhz Limit: 2100
Processor Information for processor 4
  Max Mhz: 2100, Current Mhz: 2100, Mhz Limit: 2100
Processor Information for processor 5
  Max Mhz: 2100, Current Mhz: 2100, Mhz Limit: 2100
Processor Information for processor 6
  Max Mhz: 2100, Current Mhz: 2100, Mhz Limit: 2100
Processor Information for processor 7
  Max Mhz: 2100, Current Mhz: 2100, Mhz Limit: 2100
Processor Information for processor 8
  Max Mhz: 2100, Current Mhz: 1500, Mhz Limit: 1491
Processor Information for processor 9
  Max Mhz: 2100, Current Mhz: 1500, Mhz Limit: 1491
Processor Information for processor 10
  Max Mhz: 2100, Current Mhz: 1500, Mhz Limit: 1491
Processor Information for processor 11
  Max Mhz: 2100, Current Mhz: 1500, Mhz Limit: 1491

Memory: 4k page, system-wide physical 16076M (3828M free)
TotalPageFile size 20172M (AvailPageFile size 160M)
current process WorkingSet (physical memory assigned to process): 199M, peak: 204M
current process commit charge ("private bytes"): 295M, peak: 302M

vm_info: OpenJDK 64-Bit Server VM (21.0.5+11-LTS) for windows-amd64 JRE (21.0.5+11-LTS), built on 2024-10-15T00:00:00Z by "admin" with MS VC++ 17.7 (VS2022)

END.
