#
# There is insufficient memory for the Java Runtime Environment to continue.
# Native memory allocation (malloc) failed to allocate 1483056 bytes. Error detail: Chunk::new
# Possible reasons:
#   The system is out of physical RAM or swap space
#   This process is running with CompressedOops enabled, and the Java Heap may be blocking the growth of the native heap
# Possible solutions:
#   Reduce memory load on the system
#   Increase physical memory or swap space
#   Check if swap backing store is full
#   Decrease Java heap size (-Xmx/-Xms)
#   Decrease number of Java threads
#   Decrease Java thread stack sizes (-Xss)
#   Set larger code cache with -XX:ReservedCodeCacheSize=
#   JVM is running with Unscaled Compressed Oops mode in which the Java heap is
#     placed in the first 4GB address space. The Java Heap base address is the
#     maximum limit for the native heap growth. Please use -XX:HeapBaseMinAddress
#     to set the Java Heap base and to place the Java Heap above 4GB virtual address.
# This output file may be truncated or incomplete.
#
#  Out of Memory Error (arena.cpp:168), pid=11060, tid=13524
#
# JRE version: OpenJDK Runtime Environment Temurin-21.0.5+11 (21.0.5+11) (build 21.0.5+11-LTS)
# Java VM: OpenJDK 64-Bit Server VM Temurin-21.0.5+11 (21.0.5+11-LTS, mixed mode, sharing, tiered, compressed oops, compressed class ptrs, parallel gc, windows-amd64)
# No core dump will be written. Minidumps are not enabled by default on client versions of Windows
#

---------------  S U M M A R Y ------------

Command Line: --add-modules=ALL-SYSTEM --add-opens=java.base/java.util=ALL-UNNAMED --add-opens=java.base/java.lang=ALL-UNNAMED --add-opens=java.base/sun.nio.fs=ALL-UNNAMED -Declipse.application=org.eclipse.jdt.ls.core.id1 -Dosgi.bundles.defaultStartLevel=4 -Declipse.product=org.eclipse.jdt.ls.core.product -Djava.import.generatesMetadataFilesAtProjectRoot=false -DDetectVMInstallationsJob.disabled=true -Dfile.encoding=utf8 -XX:+UseParallelGC -XX:GCTimeRatio=4 -XX:AdaptiveSizePolicyWeight=90 -Dsun.zip.disableMemoryMapping=true -Xmx1G -Xms100m -Xlog:disable -javaagent:c:\Users\DCI\.vscode\extensions\redhat.java-1.39.0-win32-x64\lombok\lombok-1.18.34.jar -XX:+HeapDumpOnOutOfMemoryError -XX:HeapDumpPath=c:\Users\DCI\AppData\Roaming\Code\User\workspaceStorage\22f5ef1b04301801babf9f57b6b5e900\redhat.java -Daether.dependencyCollector.impl=bf c:\Users\DCI\.vscode\extensions\redhat.java-1.39.0-win32-x64\server\plugins\org.eclipse.equinox.launcher_1.6.900.v20240613-2009.jar -configuration c:\Users\DCI\AppData\Roaming\Code\User\globalStorage\redhat.java\1.39.0\config_win -data c:\Users\DCI\AppData\Roaming\Code\User\workspaceStorage\22f5ef1b04301801babf9f57b6b5e900\redhat.java\jdt_ws --pipe=\\.\pipe\lsp-5ae16357cd386823ded62482a7354673-sock

Host: 13th Gen Intel(R) Core(TM) i5-13420H, 12 cores, 15G,  Windows 11 , 64 bit Build 26100 (10.0.26100.3037)
Time: Sat Feb  8 10:52:15 2025 Turkey Standard Time elapsed time: 12.343213 seconds (0d 0h 0m 12s)

---------------  T H R E A D  ---------------

Current thread (0x0000013f8e956c90):  JavaThread "C2 CompilerThread1" daemon [_thread_in_native, id=13524, stack(0x0000003be5500000,0x0000003be5600000) (1024K)]


Current CompileTask:
C2:12343 4027       4       org.lombokweb.asm.ClassReader::readMethod (1066 bytes)

Stack: [0x0000003be5500000,0x0000003be5600000]
Native frames: (J=compiled Java code, j=interpreted, Vv=VM code, C=native code)
V  [jvm.dll+0x6cd4e9]
V  [jvm.dll+0x8a7941]
V  [jvm.dll+0x8a9e6e]
V  [jvm.dll+0x8aa543]
V  [jvm.dll+0x27f6d6]
V  [jvm.dll+0xc500d]
V  [jvm.dll+0xc5543]
V  [jvm.dll+0x3b65d2]
V  [jvm.dll+0x382835]
V  [jvm.dll+0x381c9a]
V  [jvm.dll+0x2479d0]
V  [jvm.dll+0x246faf]
V  [jvm.dll+0x1c75ce]
V  [jvm.dll+0x25682a]
V  [jvm.dll+0x254dca]
V  [jvm.dll+0x3f00d6]
V  [jvm.dll+0x8514fb]
V  [jvm.dll+0x6cbbed]
C  [ucrtbase.dll+0x37b0]
C  [KERNEL32.DLL+0x2e8d7]
C  [ntdll.dll+0xbbf2c]


---------------  P R O C E S S  ---------------

Threads class SMR info:
_java_thread_list=0x0000013f8e2f9be0, length=24, elements={
0x0000013f3204af70, 0x0000013f4659c840, 0x0000013f4659e5f0, 0x0000013f8978b250,
0x0000013f8978e020, 0x0000013f8978ef70, 0x0000013f89796ab0, 0x0000013f89799780,
0x0000013f897cfa90, 0x0000013f8988f1b0, 0x0000013f8e022750, 0x0000013f8e342f20,
0x0000013f89b16a40, 0x0000013f8e76cff0, 0x0000013f8e6cf650, 0x0000013f8ee955d0,
0x0000013f8ed49ba0, 0x0000013f8ec3e290, 0x0000013f8ec3d570, 0x0000013f8ec3cee0,
0x0000013f8ec3e920, 0x0000013f8ec3efb0, 0x0000013f8e956c90, 0x0000013f8e955150
}

Java Threads: ( => current thread )
  0x0000013f3204af70 JavaThread "main"                              [_thread_blocked, id=10428, stack(0x0000003be3200000,0x0000003be3300000) (1024K)]
  0x0000013f4659c840 JavaThread "Reference Handler"          daemon [_thread_blocked, id=21728, stack(0x0000003be3600000,0x0000003be3700000) (1024K)]
  0x0000013f4659e5f0 JavaThread "Finalizer"                  daemon [_thread_blocked, id=7632, stack(0x0000003be3700000,0x0000003be3800000) (1024K)]
  0x0000013f8978b250 JavaThread "Signal Dispatcher"          daemon [_thread_blocked, id=7776, stack(0x0000003be3800000,0x0000003be3900000) (1024K)]
  0x0000013f8978e020 JavaThread "Attach Listener"            daemon [_thread_blocked, id=14508, stack(0x0000003be3900000,0x0000003be3a00000) (1024K)]
  0x0000013f8978ef70 JavaThread "Service Thread"             daemon [_thread_blocked, id=16264, stack(0x0000003be3a00000,0x0000003be3b00000) (1024K)]
  0x0000013f89796ab0 JavaThread "Monitor Deflation Thread"   daemon [_thread_blocked, id=7720, stack(0x0000003be3b00000,0x0000003be3c00000) (1024K)]
  0x0000013f89799780 JavaThread "C2 CompilerThread0"         daemon [_thread_blocked, id=2592, stack(0x0000003be3c00000,0x0000003be3d00000) (1024K)]
  0x0000013f897cfa90 JavaThread "C1 CompilerThread0"         daemon [_thread_blocked, id=21304, stack(0x0000003be3d00000,0x0000003be3e00000) (1024K)]
  0x0000013f8988f1b0 JavaThread "Common-Cleaner"             daemon [_thread_blocked, id=20436, stack(0x0000003be3e00000,0x0000003be3f00000) (1024K)]
  0x0000013f8e022750 JavaThread "Notification Thread"        daemon [_thread_blocked, id=7236, stack(0x0000003be4000000,0x0000003be4100000) (1024K)]
  0x0000013f8e342f20 JavaThread "Active Thread: Equinox Container: d1dc06ed-89cc-45dc-a9b6-330de6e07fda"        [_thread_blocked, id=8668, stack(0x0000003be4800000,0x0000003be4900000) (1024K)]
  0x0000013f89b16a40 JavaThread "Refresh Thread: Equinox Container: d1dc06ed-89cc-45dc-a9b6-330de6e07fda" daemon [_thread_blocked, id=3796, stack(0x0000003be4900000,0x0000003be4a00000) (1024K)]
  0x0000013f8e76cff0 JavaThread "Framework Event Dispatcher: Equinox Container: d1dc06ed-89cc-45dc-a9b6-330de6e07fda" daemon [_thread_blocked, id=1504, stack(0x0000003be4a00000,0x0000003be4b00000) (1024K)]
  0x0000013f8e6cf650 JavaThread "Start Level: Equinox Container: d1dc06ed-89cc-45dc-a9b6-330de6e07fda" daemon [_thread_blocked, id=20892, stack(0x0000003be4b00000,0x0000003be4c00000) (1024K)]
  0x0000013f8ee955d0 JavaThread "Bundle File Closer"         daemon [_thread_blocked, id=17708, stack(0x0000003be4d00000,0x0000003be4e00000) (1024K)]
  0x0000013f8ed49ba0 JavaThread "SCR Component Actor"        daemon [_thread_blocked, id=1084, stack(0x0000003be5000000,0x0000003be5100000) (1024K)]
  0x0000013f8ec3e290 JavaThread "Worker-JM"                         [_thread_blocked, id=9620, stack(0x0000003be5100000,0x0000003be5200000) (1024K)]
  0x0000013f8ec3d570 JavaThread "JNA Cleaner"                daemon [_thread_blocked, id=7088, stack(0x0000003be3f00000,0x0000003be4000000) (1024K)]
  0x0000013f8ec3cee0 JavaThread "Worker-0: Updating Maven Dependencies"        [_thread_blocked, id=8184, stack(0x0000003be5200000,0x0000003be5300000) (1024K)]
  0x0000013f8ec3e920 JavaThread "Worker-1: Repository registry initialization"        [_thread_blocked, id=18664, stack(0x0000003be5300000,0x0000003be5400000) (1024K)]
  0x0000013f8ec3efb0 JavaThread "Worker-2"                          [_thread_blocked, id=4468, stack(0x0000003be5400000,0x0000003be5500000) (1024K)]
=>0x0000013f8e956c90 JavaThread "C2 CompilerThread1"         daemon [_thread_in_native, id=13524, stack(0x0000003be5500000,0x0000003be5600000) (1024K)]
  0x0000013f8e955150 JavaThread "C2 CompilerThread2"         daemon [_thread_blocked, id=20124, stack(0x0000003be4100000,0x0000003be4200000) (1024K)]
Total: 24

Other Threads:
  0x0000013f46584990 VMThread "VM Thread"                           [id=21572, stack(0x0000003be3500000,0x0000003be3600000) (1024K)] _threads_hazard_ptr=0x0000013f8e2f9be0
  0x0000013f4647ca00 WatcherThread "VM Periodic Task Thread"        [id=1620, stack(0x0000003be3400000,0x0000003be3500000) (1024K)]
  0x0000013f3206a540 WorkerThread "GC Thread#0"                     [id=13708, stack(0x0000003be3300000,0x0000003be3400000) (1024K)]
  0x0000013f8e5b2a30 WorkerThread "GC Thread#1"                     [id=16892, stack(0x0000003be4200000,0x0000003be4300000) (1024K)]
  0x0000013f8e5b33e0 WorkerThread "GC Thread#2"                     [id=20036, stack(0x0000003be4300000,0x0000003be4400000) (1024K)]
  0x0000013f8e00f250 WorkerThread "GC Thread#3"                     [id=5560, stack(0x0000003be4400000,0x0000003be4500000) (1024K)]
  0x0000013f8e00f5f0 WorkerThread "GC Thread#4"                     [id=17372, stack(0x0000003be4500000,0x0000003be4600000) (1024K)]
  0x0000013f8e00f990 WorkerThread "GC Thread#5"                     [id=14864, stack(0x0000003be4600000,0x0000003be4700000) (1024K)]
  0x0000013f8e1f2500 WorkerThread "GC Thread#6"                     [id=6272, stack(0x0000003be4700000,0x0000003be4800000) (1024K)]
  0x0000013f8e6cfcb0 WorkerThread "GC Thread#7"                     [id=13576, stack(0x0000003be4c00000,0x0000003be4d00000) (1024K)]
  0x0000013f8e888430 WorkerThread "GC Thread#8"                     [id=2980, stack(0x0000003be4e00000,0x0000003be4f00000) (1024K)]
  0x0000013f8e8892b0 WorkerThread "GC Thread#9"                     [id=13672, stack(0x0000003be4f00000,0x0000003be5000000) (1024K)]
Total: 12

Threads with active compile tasks:
C2 CompilerThread0  12354 4016   !   4       org.eclipse.osgi.internal.loader.classpath.ClasspathManager::findClassImpl (308 bytes)
C1 CompilerThread0  12354 4127       3       org.lombokweb.asm.MethodWriter::visitFrame (811 bytes)
C2 CompilerThread1  12354 4027       4       org.lombokweb.asm.ClassReader::readMethod (1066 bytes)
C2 CompilerThread2  12354 4048       4       org.lombokweb.asm.MethodWriter::visitLabel (332 bytes)
Total: 4

VM state: synchronizing (normal execution)

VM Mutex/Monitor currently owned by a thread:  ([mutex/lock_event])
[0x00007ffe6f8dd380] Threads_lock - owner thread: 0x0000013f46584990

Heap address: 0x00000000c0000000, size: 1024 MB, Compressed Oops mode: 32-bit

CDS archive(s) mapped at: [0x0000013f47000000-0x0000013f47ba0000-0x0000013f47ba0000), size 12189696, SharedBaseAddress: 0x0000013f47000000, ArchiveRelocationMode: 1.
Compressed class space mapped at: 0x0000013f48000000-0x0000013f88000000, reserved size: 1073741824
Narrow klass base: 0x0000013f47000000, Narrow klass shift: 0, Narrow klass range: 0x100000000

GC Precious Log:
 CardTable entry size: 512
 CPUs: 12 total, 12 available
 Memory: 16076M
 Large Page Support: Disabled
 NUMA Support: Disabled
 Compressed Oops: Enabled (32-bit)
 Alignments: Space 512K, Generation 512K, Heap 2M
 Heap Min Capacity: 100M
 Heap Initial Capacity: 100M
 Heap Max Capacity: 1G
 Pre-touch: Disabled
 Parallel Workers: 10

Heap:
 PSYoungGen      total 24576K, used 5288K [0x00000000eab00000, 0x00000000ec880000, 0x0000000100000000)
  eden space 23040K, 16% used [0x00000000eab00000,0x00000000eaeab378,0x00000000ec180000)
  from space 1536K, 99% used [0x00000000ec700000,0x00000000ec87eda0,0x00000000ec880000)
  to   space 3072K, 0% used [0x00000000ec280000,0x00000000ec280000,0x00000000ec580000)
 ParOldGen       total 68608K, used 14167K [0x00000000c0000000, 0x00000000c4300000, 0x00000000eab00000)
  object space 68608K, 20% used [0x00000000c0000000,0x00000000c0dd5fd0,0x00000000c4300000)
 Metaspace       used 28654K, committed 29504K, reserved 1114112K
  class space    used 2817K, committed 3136K, reserved 1048576K

Card table byte_map: [0x0000013f319f0000,0x0000013f31c00000] _byte_map_base: 0x0000013f313f0000

Marking Bits: (ParMarkBitMap*) 0x00007ffe6f8e2250
 Begin Bits: [0x0000013f443a0000, 0x0000013f453a0000)
 End Bits:   [0x0000013f453a0000, 0x0000013f463a0000)

Polling page: 0x0000013f2ffd0000

Metaspace:

Usage:
  Non-class:     25.23 MB used.
      Class:      2.75 MB used.
       Both:     27.98 MB used.

Virtual space:
  Non-class space:       64.00 MB reserved,      25.75 MB ( 40%) committed,  1 nodes.
      Class space:        1.00 GB reserved,       3.06 MB ( <1%) committed,  1 nodes.
             Both:        1.06 GB reserved,      28.81 MB (  3%) committed. 

Chunk freelists:
   Non-Class:  5.91 MB
       Class:  12.75 MB
        Both:  18.66 MB

MaxMetaspaceSize: unlimited
CompressedClassSpaceSize: 1.00 GB
Initial GC threshold: 21.00 MB
Current GC threshold: 35.00 MB
CDS: on
 - commit_granule_bytes: 65536.
 - commit_granule_words: 8192.
 - virtual_space_node_default_size: 8388608.
 - enlarge_chunks_in_place: 1.
 - use_allocation_guard: 0.


Internal statistics:

num_allocs_failed_limit: 3.
num_arena_births: 644.
num_arena_deaths: 14.
num_vsnodes_births: 2.
num_vsnodes_deaths: 0.
num_space_committed: 461.
num_space_uncommitted: 0.
num_chunks_returned_to_freelist: 17.
num_chunks_taken_from_freelist: 1883.
num_chunk_merges: 9.
num_chunk_splits: 1178.
num_chunks_enlarged: 672.
num_inconsistent_stats: 0.

CodeHeap 'non-profiled nmethods': size=120000Kb used=1846Kb max_used=1846Kb free=118153Kb
 bounds [0x0000013f3ce70000, 0x0000013f3d0e0000, 0x0000013f443a0000]
CodeHeap 'profiled nmethods': size=120000Kb used=8426Kb max_used=8426Kb free=111573Kb
 bounds [0x0000013f353a0000, 0x0000013f35be0000, 0x0000013f3c8d0000]
CodeHeap 'non-nmethods': size=5760Kb used=1327Kb max_used=1342Kb free=4432Kb
 bounds [0x0000013f3c8d0000, 0x0000013f3cb40000, 0x0000013f3ce70000]
 total_blobs=4725 nmethods=4108 adapters=523
 compilation: enabled
              stopped_count=0, restarted_count=0
 full_count=0

Compilation events (20 events):
Event: 11.318 Thread 0x0000013f897cfa90 nmethod 4112 0x0000013f35bcff10 code [0x0000013f35bd01c0, 0x0000013f35bd1060]
Event: 11.318 Thread 0x0000013f897cfa90 4110       3       com.google.inject.internal.DeclaredMembers$$Lambda/0x0000013f483191e0::apply (8 bytes)
Event: 11.318 Thread 0x0000013f897cfa90 nmethod 4110 0x0000013f35bd1590 code [0x0000013f35bd1740, 0x0000013f35bd1960]
Event: 11.318 Thread 0x0000013f897cfa90 4111       3       java.util.Comparator$$Lambda/0x0000013f480c4468::compare (10 bytes)
Event: 11.319 Thread 0x0000013f897cfa90 nmethod 4111 0x0000013f35bd1a10 code [0x0000013f35bd1c00, 0x0000013f35bd20f8]
Event: 11.320 Thread 0x0000013f8e955150 nmethod 4094 0x0000013f3d03cd10 code [0x0000013f3d03cee0, 0x0000013f3d03d708]
Event: 11.320 Thread 0x0000013f8e955150 4048       4       org.lombokweb.asm.MethodWriter::visitLabel (332 bytes)
Event: 11.321 Thread 0x0000013f897cfa90 4113       3       java.util.Collections$EmptySet::iterator (4 bytes)
Event: 11.322 Thread 0x0000013f897cfa90 nmethod 4113 0x0000013f35bd2290 code [0x0000013f35bd2440, 0x0000013f35bd25b0]
Event: 11.325 Thread 0x0000013f897cfa90 4114       3       java.util.regex.Matcher::group (65 bytes)
Event: 11.328 Thread 0x0000013f897cfa90 nmethod 4114 0x0000013f35bd2690 code [0x0000013f35bd28c0, 0x0000013f35bd2f30]
Event: 11.328 Thread 0x0000013f897cfa90 4121       3       java.lang.String::split (242 bytes)
Event: 11.330 Thread 0x0000013f897cfa90 nmethod 4121 0x0000013f35bd3190 code [0x0000013f35bd3580, 0x0000013f35bd5598]
Event: 11.330 Thread 0x0000013f897cfa90 4118       3       org.lombokweb.asm.MethodVisitor::visitFieldInsn (20 bytes)
Event: 11.330 Thread 0x0000013f897cfa90 nmethod 4118 0x0000013f35bd6290 code [0x0000013f35bd6440, 0x0000013f35bd6648]
Event: 11.330 Thread 0x0000013f897cfa90 4123       3       org.lombokweb.asm.MethodVisitor::visitMethodInsn (80 bytes)
Event: 11.330 Thread 0x0000013f897cfa90 nmethod 4123 0x0000013f35bd6710 code [0x0000013f35bd6900, 0x0000013f35bd6da8]
Event: 11.330 Thread 0x0000013f897cfa90 4124       3       org.lombokweb.asm.MethodVisitor::visitJumpInsn (17 bytes)
Event: 11.330 Thread 0x0000013f897cfa90 nmethod 4124 0x0000013f35bd6f10 code [0x0000013f35bd70c0, 0x0000013f35bd72c8]
Event: 11.330 Thread 0x0000013f897cfa90 4127       3       org.lombokweb.asm.MethodWriter::visitFrame (811 bytes)

GC Heap History (20 events):
Event: 1.556 GC heap before
{Heap before GC invocations=2 (full 0):
 PSYoungGen      total 29696K, used 28822K [0x00000000eab00000, 0x00000000ecc00000, 0x0000000100000000)
  eden space 25600K, 100% used [0x00000000eab00000,0x00000000ec400000,0x00000000ec400000)
  from space 4096K, 78% used [0x00000000ec400000,0x00000000ec725860,0x00000000ec800000)
  to   space 4096K, 0% used [0x00000000ec800000,0x00000000ec800000,0x00000000ecc00000)
 ParOldGen       total 68608K, used 16K [0x00000000c0000000, 0x00000000c4300000, 0x00000000eab00000)
  object space 68608K, 0% used [0x00000000c0000000,0x00000000c0004000,0x00000000c4300000)
 Metaspace       used 8025K, committed 8256K, reserved 1114112K
  class space    used 790K, committed 896K, reserved 1048576K
}
Event: 1.562 GC heap after
{Heap after GC invocations=2 (full 0):
 PSYoungGen      total 29696K, used 4084K [0x00000000eab00000, 0x00000000ecc00000, 0x0000000100000000)
  eden space 25600K, 0% used [0x00000000eab00000,0x00000000eab00000,0x00000000ec400000)
  from space 4096K, 99% used [0x00000000ec800000,0x00000000ecbfd1c8,0x00000000ecc00000)
  to   space 4096K, 0% used [0x00000000ec400000,0x00000000ec400000,0x00000000ec800000)
 ParOldGen       total 68608K, used 1641K [0x00000000c0000000, 0x00000000c4300000, 0x00000000eab00000)
  object space 68608K, 2% used [0x00000000c0000000,0x00000000c019a6a8,0x00000000c4300000)
 Metaspace       used 8025K, committed 8256K, reserved 1114112K
  class space    used 790K, committed 896K, reserved 1048576K
}
Event: 2.123 GC heap before
{Heap before GC invocations=3 (full 0):
 PSYoungGen      total 29696K, used 29684K [0x00000000eab00000, 0x00000000ecc00000, 0x0000000100000000)
  eden space 25600K, 100% used [0x00000000eab00000,0x00000000ec400000,0x00000000ec400000)
  from space 4096K, 99% used [0x00000000ec800000,0x00000000ecbfd1c8,0x00000000ecc00000)
  to   space 4096K, 0% used [0x00000000ec400000,0x00000000ec400000,0x00000000ec800000)
 ParOldGen       total 68608K, used 1641K [0x00000000c0000000, 0x00000000c4300000, 0x00000000eab00000)
  object space 68608K, 2% used [0x00000000c0000000,0x00000000c019a6a8,0x00000000c4300000)
 Metaspace       used 9175K, committed 9536K, reserved 1114112K
  class space    used 913K, committed 1088K, reserved 1048576K
}
Event: 2.129 GC heap after
{Heap after GC invocations=3 (full 0):
 PSYoungGen      total 29696K, used 4087K [0x00000000eab00000, 0x00000000ecc00000, 0x0000000100000000)
  eden space 25600K, 0% used [0x00000000eab00000,0x00000000eab00000,0x00000000ec400000)
  from space 4096K, 99% used [0x00000000ec400000,0x00000000ec7fdfc8,0x00000000ec800000)
  to   space 4096K, 0% used [0x00000000ec800000,0x00000000ec800000,0x00000000ecc00000)
 ParOldGen       total 68608K, used 5789K [0x00000000c0000000, 0x00000000c4300000, 0x00000000eab00000)
  object space 68608K, 8% used [0x00000000c0000000,0x00000000c05a7688,0x00000000c4300000)
 Metaspace       used 9175K, committed 9536K, reserved 1114112K
  class space    used 913K, committed 1088K, reserved 1048576K
}
Event: 2.698 GC heap before
{Heap before GC invocations=4 (full 0):
 PSYoungGen      total 29696K, used 29687K [0x00000000eab00000, 0x00000000ecc00000, 0x0000000100000000)
  eden space 25600K, 100% used [0x00000000eab00000,0x00000000ec400000,0x00000000ec400000)
  from space 4096K, 99% used [0x00000000ec400000,0x00000000ec7fdfc8,0x00000000ec800000)
  to   space 4096K, 0% used [0x00000000ec800000,0x00000000ec800000,0x00000000ecc00000)
 ParOldGen       total 68608K, used 5789K [0x00000000c0000000, 0x00000000c4300000, 0x00000000eab00000)
  object space 68608K, 8% used [0x00000000c0000000,0x00000000c05a7688,0x00000000c4300000)
 Metaspace       used 12518K, committed 12864K, reserved 1114112K
  class space    used 1251K, committed 1408K, reserved 1048576K
}
Event: 2.702 GC heap after
{Heap after GC invocations=4 (full 0):
 PSYoungGen      total 29696K, used 4079K [0x00000000eab00000, 0x00000000ecc00000, 0x0000000100000000)
  eden space 25600K, 0% used [0x00000000eab00000,0x00000000eab00000,0x00000000ec400000)
  from space 4096K, 99% used [0x00000000ec800000,0x00000000ecbfbe28,0x00000000ecc00000)
  to   space 4096K, 0% used [0x00000000ec400000,0x00000000ec400000,0x00000000ec800000)
 ParOldGen       total 68608K, used 6808K [0x00000000c0000000, 0x00000000c4300000, 0x00000000eab00000)
  object space 68608K, 9% used [0x00000000c0000000,0x00000000c06a6100,0x00000000c4300000)
 Metaspace       used 12518K, committed 12864K, reserved 1114112K
  class space    used 1251K, committed 1408K, reserved 1048576K
}
Event: 3.250 GC heap before
{Heap before GC invocations=5 (full 0):
 PSYoungGen      total 29696K, used 29679K [0x00000000eab00000, 0x00000000ecc00000, 0x0000000100000000)
  eden space 25600K, 100% used [0x00000000eab00000,0x00000000ec400000,0x00000000ec400000)
  from space 4096K, 99% used [0x00000000ec800000,0x00000000ecbfbe28,0x00000000ecc00000)
  to   space 4096K, 0% used [0x00000000ec400000,0x00000000ec400000,0x00000000ec800000)
 ParOldGen       total 68608K, used 6808K [0x00000000c0000000, 0x00000000c4300000, 0x00000000eab00000)
  object space 68608K, 9% used [0x00000000c0000000,0x00000000c06a6100,0x00000000c4300000)
 Metaspace       used 16397K, committed 17088K, reserved 1114112K
  class space    used 1622K, committed 1856K, reserved 1048576K
}
Event: 3.252 GC heap after
{Heap after GC invocations=5 (full 0):
 PSYoungGen      total 29184K, used 4078K [0x00000000eab00000, 0x00000000ecf80000, 0x0000000100000000)
  eden space 25088K, 0% used [0x00000000eab00000,0x00000000eab00000,0x00000000ec380000)
  from space 4096K, 99% used [0x00000000ec400000,0x00000000ec7fbb80,0x00000000ec800000)
  to   space 6144K, 0% used [0x00000000ec980000,0x00000000ec980000,0x00000000ecf80000)
 ParOldGen       total 68608K, used 8304K [0x00000000c0000000, 0x00000000c4300000, 0x00000000eab00000)
  object space 68608K, 12% used [0x00000000c0000000,0x00000000c081c008,0x00000000c4300000)
 Metaspace       used 16397K, committed 17088K, reserved 1114112K
  class space    used 1622K, committed 1856K, reserved 1048576K
}
Event: 3.601 GC heap before
{Heap before GC invocations=6 (full 0):
 PSYoungGen      total 29184K, used 29166K [0x00000000eab00000, 0x00000000ecf80000, 0x0000000100000000)
  eden space 25088K, 100% used [0x00000000eab00000,0x00000000ec380000,0x00000000ec380000)
  from space 4096K, 99% used [0x00000000ec400000,0x00000000ec7fbb80,0x00000000ec800000)
  to   space 6144K, 0% used [0x00000000ec980000,0x00000000ec980000,0x00000000ecf80000)
 ParOldGen       total 68608K, used 8304K [0x00000000c0000000, 0x00000000c4300000, 0x00000000eab00000)
  object space 68608K, 12% used [0x00000000c0000000,0x00000000c081c008,0x00000000c4300000)
 Metaspace       used 18873K, committed 19584K, reserved 1114112K
  class space    used 1895K, committed 2176K, reserved 1048576K
}
Event: 3.604 GC heap after
{Heap after GC invocations=6 (full 0):
 PSYoungGen      total 28672K, used 4091K [0x00000000eab00000, 0x00000000ecd80000, 0x0000000100000000)
  eden space 24576K, 0% used [0x00000000eab00000,0x00000000eab00000,0x00000000ec300000)
  from space 4096K, 99% used [0x00000000ec980000,0x00000000ecd7efe0,0x00000000ecd80000)
  to   space 5120K, 0% used [0x00000000ec380000,0x00000000ec380000,0x00000000ec880000)
 ParOldGen       total 68608K, used 8312K [0x00000000c0000000, 0x00000000c4300000, 0x00000000eab00000)
  object space 68608K, 12% used [0x00000000c0000000,0x00000000c081e008,0x00000000c4300000)
 Metaspace       used 18873K, committed 19584K, reserved 1114112K
  class space    used 1895K, committed 2176K, reserved 1048576K
}
Event: 3.781 GC heap before
{Heap before GC invocations=7 (full 0):
 PSYoungGen      total 28672K, used 18552K [0x00000000eab00000, 0x00000000ecd80000, 0x0000000100000000)
  eden space 24576K, 58% used [0x00000000eab00000,0x00000000eb91f388,0x00000000ec300000)
  from space 4096K, 99% used [0x00000000ec980000,0x00000000ecd7efe0,0x00000000ecd80000)
  to   space 5120K, 0% used [0x00000000ec380000,0x00000000ec380000,0x00000000ec880000)
 ParOldGen       total 68608K, used 8312K [0x00000000c0000000, 0x00000000c4300000, 0x00000000eab00000)
  object space 68608K, 12% used [0x00000000c0000000,0x00000000c081e008,0x00000000c4300000)
 Metaspace       used 20703K, committed 21504K, reserved 1114112K
  class space    used 2081K, committed 2432K, reserved 1048576K
}
Event: 3.784 GC heap after
{Heap after GC invocations=7 (full 0):
 PSYoungGen      total 29184K, used 4211K [0x00000000eab00000, 0x00000000ecc00000, 0x0000000100000000)
  eden space 24576K, 0% used [0x00000000eab00000,0x00000000eab00000,0x00000000ec300000)
  from space 4608K, 91% used [0x00000000ec380000,0x00000000ec79ce98,0x00000000ec800000)
  to   space 4096K, 0% used [0x00000000ec800000,0x00000000ec800000,0x00000000ecc00000)
 ParOldGen       total 68608K, used 9593K [0x00000000c0000000, 0x00000000c4300000, 0x00000000eab00000)
  object space 68608K, 13% used [0x00000000c0000000,0x00000000c095e498,0x00000000c4300000)
 Metaspace       used 20703K, committed 21504K, reserved 1114112K
  class space    used 2081K, committed 2432K, reserved 1048576K
}
Event: 3.784 GC heap before
{Heap before GC invocations=8 (full 1):
 PSYoungGen      total 29184K, used 4211K [0x00000000eab00000, 0x00000000ecc00000, 0x0000000100000000)
  eden space 24576K, 0% used [0x00000000eab00000,0x00000000eab00000,0x00000000ec300000)
  from space 4608K, 91% used [0x00000000ec380000,0x00000000ec79ce98,0x00000000ec800000)
  to   space 4096K, 0% used [0x00000000ec800000,0x00000000ec800000,0x00000000ecc00000)
 ParOldGen       total 68608K, used 9593K [0x00000000c0000000, 0x00000000c4300000, 0x00000000eab00000)
  object space 68608K, 13% used [0x00000000c0000000,0x00000000c095e498,0x00000000c4300000)
 Metaspace       used 20703K, committed 21504K, reserved 1114112K
  class space    used 2081K, committed 2432K, reserved 1048576K
}
Event: 3.808 GC heap after
{Heap after GC invocations=8 (full 1):
 PSYoungGen      total 29184K, used 0K [0x00000000eab00000, 0x00000000ecc00000, 0x0000000100000000)
  eden space 24576K, 0% used [0x00000000eab00000,0x00000000eab00000,0x00000000ec300000)
  from space 4608K, 0% used [0x00000000ec380000,0x00000000ec380000,0x00000000ec800000)
  to   space 4096K, 0% used [0x00000000ec800000,0x00000000ec800000,0x00000000ecc00000)
 ParOldGen       total 68608K, used 13054K [0x00000000c0000000, 0x00000000c4300000, 0x00000000eab00000)
  object space 68608K, 19% used [0x00000000c0000000,0x00000000c0cbf9b0,0x00000000c4300000)
 Metaspace       used 20691K, committed 21504K, reserved 1114112K
  class space    used 2077K, committed 2432K, reserved 1048576K
}
Event: 6.000 GC heap before
{Heap before GC invocations=9 (full 1):
 PSYoungGen      total 29184K, used 24576K [0x00000000eab00000, 0x00000000ecc00000, 0x0000000100000000)
  eden space 24576K, 100% used [0x00000000eab00000,0x00000000ec300000,0x00000000ec300000)
  from space 4608K, 0% used [0x00000000ec380000,0x00000000ec380000,0x00000000ec800000)
  to   space 4096K, 0% used [0x00000000ec800000,0x00000000ec800000,0x00000000ecc00000)
 ParOldGen       total 68608K, used 13054K [0x00000000c0000000, 0x00000000c4300000, 0x00000000eab00000)
  object space 68608K, 19% used [0x00000000c0000000,0x00000000c0cbf9b0,0x00000000c4300000)
 Metaspace       used 23372K, committed 24320K, reserved 1114112K
  class space    used 2268K, committed 2688K, reserved 1048576K
}
Event: 6.002 GC heap after
{Heap after GC invocations=9 (full 1):
 PSYoungGen      total 25088K, used 714K [0x00000000eab00000, 0x00000000ec900000, 0x0000000100000000)
  eden space 24064K, 0% used [0x00000000eab00000,0x00000000eab00000,0x00000000ec280000)
  from space 1024K, 69% used [0x00000000ec800000,0x00000000ec8b2870,0x00000000ec900000)
  to   space 2048K, 0% used [0x00000000ec500000,0x00000000ec500000,0x00000000ec700000)
 ParOldGen       total 68608K, used 13054K [0x00000000c0000000, 0x00000000c4300000, 0x00000000eab00000)
  object space 68608K, 19% used [0x00000000c0000000,0x00000000c0cbf9b0,0x00000000c4300000)
 Metaspace       used 23372K, committed 24320K, reserved 1114112K
  class space    used 2268K, committed 2688K, reserved 1048576K
}
Event: 7.164 GC heap before
{Heap before GC invocations=10 (full 1):
 PSYoungGen      total 25088K, used 24694K [0x00000000eab00000, 0x00000000ec900000, 0x0000000100000000)
  eden space 24064K, 99% used [0x00000000eab00000,0x00000000ec26afd8,0x00000000ec280000)
  from space 1024K, 69% used [0x00000000ec800000,0x00000000ec8b2870,0x00000000ec900000)
  to   space 2048K, 0% used [0x00000000ec500000,0x00000000ec500000,0x00000000ec700000)
 ParOldGen       total 68608K, used 13054K [0x00000000c0000000, 0x00000000c4300000, 0x00000000eab00000)
  object space 68608K, 19% used [0x00000000c0000000,0x00000000c0cbf9b0,0x00000000c4300000)
 Metaspace       used 26570K, committed 27520K, reserved 1114112K
  class space    used 2603K, committed 3008K, reserved 1048576K
}
Event: 7.166 GC heap after
{Heap after GC invocations=10 (full 1):
 PSYoungGen      total 25600K, used 2032K [0x00000000eab00000, 0x00000000ec880000, 0x0000000100000000)
  eden space 23552K, 0% used [0x00000000eab00000,0x00000000eab00000,0x00000000ec200000)
  from space 2048K, 99% used [0x00000000ec500000,0x00000000ec6fc318,0x00000000ec700000)
  to   space 1536K, 0% used [0x00000000ec700000,0x00000000ec700000,0x00000000ec880000)
 ParOldGen       total 68608K, used 13166K [0x00000000c0000000, 0x00000000c4300000, 0x00000000eab00000)
  object space 68608K, 19% used [0x00000000c0000000,0x00000000c0cdb9b0,0x00000000c4300000)
 Metaspace       used 26570K, committed 27520K, reserved 1114112K
  class space    used 2603K, committed 3008K, reserved 1048576K
}
Event: 11.304 GC heap before
{Heap before GC invocations=11 (full 1):
 PSYoungGen      total 25600K, used 25584K [0x00000000eab00000, 0x00000000ec880000, 0x0000000100000000)
  eden space 23552K, 100% used [0x00000000eab00000,0x00000000ec200000,0x00000000ec200000)
  from space 2048K, 99% used [0x00000000ec500000,0x00000000ec6fc318,0x00000000ec700000)
  to   space 1536K, 0% used [0x00000000ec700000,0x00000000ec700000,0x00000000ec880000)
 ParOldGen       total 68608K, used 13166K [0x00000000c0000000, 0x00000000c4300000, 0x00000000eab00000)
  object space 68608K, 19% used [0x00000000c0000000,0x00000000c0cdb9b0,0x00000000c4300000)
 Metaspace       used 28568K, committed 29440K, reserved 1114112K
  class space    used 2806K, committed 3136K, reserved 1048576K
}
Event: 11.306 GC heap after
{Heap after GC invocations=11 (full 1):
 PSYoungGen      total 24576K, used 1531K [0x00000000eab00000, 0x00000000ec880000, 0x0000000100000000)
  eden space 23040K, 0% used [0x00000000eab00000,0x00000000eab00000,0x00000000ec180000)
  from space 1536K, 99% used [0x00000000ec700000,0x00000000ec87eda0,0x00000000ec880000)
  to   space 3072K, 0% used [0x00000000ec280000,0x00000000ec280000,0x00000000ec580000)
 ParOldGen       total 68608K, used 14167K [0x00000000c0000000, 0x00000000c4300000, 0x00000000eab00000)
  object space 68608K, 20% used [0x00000000c0000000,0x00000000c0dd5fd0,0x00000000c4300000)
 Metaspace       used 28568K, committed 29440K, reserved 1114112K
  class space    used 2806K, committed 3136K, reserved 1048576K
}

Dll operation events (10 events):
Event: 0.007 Loaded shared library c:\Users\DCI\.vscode\extensions\redhat.java-1.39.0-win32-x64\jre\21.0.5-win32-x86_64\bin\java.dll
Event: 0.071 Loaded shared library c:\Users\DCI\.vscode\extensions\redhat.java-1.39.0-win32-x64\jre\21.0.5-win32-x86_64\bin\zip.dll
Event: 0.095 Loaded shared library C:\Users\DCI\.vscode\extensions\redhat.java-1.39.0-win32-x64\jre\21.0.5-win32-x86_64\bin\instrument.dll
Event: 0.116 Loaded shared library C:\Users\DCI\.vscode\extensions\redhat.java-1.39.0-win32-x64\jre\21.0.5-win32-x86_64\bin\net.dll
Event: 0.118 Loaded shared library C:\Users\DCI\.vscode\extensions\redhat.java-1.39.0-win32-x64\jre\21.0.5-win32-x86_64\bin\nio.dll
Event: 0.121 Loaded shared library C:\Users\DCI\.vscode\extensions\redhat.java-1.39.0-win32-x64\jre\21.0.5-win32-x86_64\bin\zip.dll
Event: 0.155 Loaded shared library C:\Users\DCI\.vscode\extensions\redhat.java-1.39.0-win32-x64\jre\21.0.5-win32-x86_64\bin\jimage.dll
Event: 0.286 Loaded shared library c:\Users\DCI\.vscode\extensions\redhat.java-1.39.0-win32-x64\jre\21.0.5-win32-x86_64\bin\verify.dll
Event: 1.521 Loaded shared library C:\Users\DCI\AppData\Roaming\Code\User\globalStorage\redhat.java\1.39.0\config_win\org.eclipse.equinox.launcher\org.eclipse.equinox.launcher.win32.win32.x86_64_1.2.1100.v20240722-2106\eclipse_11904.dll
Event: 3.225 Loaded shared library C:\Users\DCI\AppData\Local\Temp\jna--2053026509\jna15060982163502859920.dll

Deoptimization events (20 events):
Event: 6.012 Thread 0x0000013f8ec3e920 Uncommon trap: trap_request=0xffffffde fr.pc=0x0000013f3d028838 relative=0x00000000000000f8
Event: 6.012 Thread 0x0000013f8ec3e920 Uncommon trap: reason=class_check action=maybe_recompile pc=0x0000013f3d028838 method=java.lang.Character.codePointAt(Ljava/lang/CharSequence;I)I @ 2 c2
Event: 6.012 Thread 0x0000013f8ec3e920 DEOPT PACKING pc=0x0000013f3d028838 sp=0x0000003be53feb00
Event: 6.012 Thread 0x0000013f8ec3e920 DEOPT UNPACKING pc=0x0000013f3c923aa2 sp=0x0000003be53fea88 mode 2
Event: 6.012 Thread 0x0000013f8ec3e920 Uncommon trap: trap_request=0xffffffde fr.pc=0x0000013f3d028838 relative=0x00000000000000f8
Event: 6.012 Thread 0x0000013f8ec3e920 Uncommon trap: reason=class_check action=maybe_recompile pc=0x0000013f3d028838 method=java.lang.Character.codePointAt(Ljava/lang/CharSequence;I)I @ 2 c2
Event: 6.012 Thread 0x0000013f8ec3e920 DEOPT PACKING pc=0x0000013f3d028838 sp=0x0000003be53feb00
Event: 6.012 Thread 0x0000013f8ec3e920 DEOPT UNPACKING pc=0x0000013f3c923aa2 sp=0x0000003be53fea88 mode 2
Event: 6.012 Thread 0x0000013f8ec3e920 Uncommon trap: trap_request=0xffffff76 fr.pc=0x0000013f3d006b84 relative=0x0000000000000384
Event: 6.012 Thread 0x0000013f8ec3e920 Uncommon trap: reason=predicate action=maybe_recompile pc=0x0000013f3d006b84 method=java.util.regex.Pattern$BmpCharPropertyGreedy.match(Ljava/util/regex/Matcher;ILjava/lang/CharSequence;)Z @ 12 c2
Event: 6.012 Thread 0x0000013f8ec3e920 DEOPT PACKING pc=0x0000013f3d006b84 sp=0x0000003be53fea40
Event: 6.012 Thread 0x0000013f8ec3e920 DEOPT UNPACKING pc=0x0000013f3c923aa2 sp=0x0000003be53fe9e8 mode 2
Event: 6.030 Thread 0x0000013f8e6cf650 DEOPT PACKING pc=0x0000013f354cf339 sp=0x0000003be4bf0450
Event: 6.030 Thread 0x0000013f8e6cf650 DEOPT UNPACKING pc=0x0000013f3c924242 sp=0x0000003be4bef950 mode 0
Event: 6.093 Thread 0x0000013f8ec3e920 Uncommon trap: trap_request=0xffffff45 fr.pc=0x0000013f3d035e44 relative=0x00000000000000a4
Event: 6.093 Thread 0x0000013f8ec3e920 Uncommon trap: reason=unstable_if action=reinterpret pc=0x0000013f3d035e44 method=java.util.ArrayList.fastRemove([Ljava/lang/Object;I)V @ 19 c2
Event: 6.093 Thread 0x0000013f8ec3e920 DEOPT PACKING pc=0x0000013f3d035e44 sp=0x0000003be53fe8e0
Event: 6.093 Thread 0x0000013f8ec3e920 DEOPT UNPACKING pc=0x0000013f3c923aa2 sp=0x0000003be53fe868 mode 2
Event: 7.152 Thread 0x0000013f8e6cf650 DEOPT PACKING pc=0x0000013f356fd346 sp=0x0000003be4bf1ab0
Event: 7.152 Thread 0x0000013f8e6cf650 DEOPT UNPACKING pc=0x0000013f3c924242 sp=0x0000003be4bf1030 mode 0

Classes loaded (20 events):
Event: 7.170 Loading class sun/reflect/annotation/TypeAnnotation$LocationInfo$Location
Event: 7.170 Loading class sun/reflect/annotation/TypeAnnotation$LocationInfo$Location done
Event: 7.170 Loading class sun/reflect/annotation/AnnotatedTypeFactory
Event: 7.170 Loading class sun/reflect/annotation/AnnotatedTypeFactory done
Event: 7.170 Loading class sun/reflect/annotation/AnnotatedTypeFactory$AnnotatedTypeBaseImpl
Event: 7.170 Loading class sun/reflect/annotation/AnnotatedTypeFactory$AnnotatedTypeBaseImpl done
Event: 7.171 Loading class java/util/stream/Streams$ConcatSpliterator$OfRef
Event: 7.171 Loading class java/util/stream/Streams$ConcatSpliterator
Event: 7.171 Loading class java/util/stream/Streams$ConcatSpliterator done
Event: 7.171 Loading class java/util/stream/Streams$ConcatSpliterator$OfRef done
Event: 7.171 Loading class java/util/stream/Streams$2
Event: 7.171 Loading class java/util/stream/Streams$2 done
Event: 8.240 Loading class java/lang/annotation/ElementType
Event: 8.240 Loading class java/lang/annotation/ElementType done
Event: 11.291 Loading class java/lang/reflect/ParameterizedType
Event: 11.291 Loading class java/lang/reflect/ParameterizedType done
Event: 11.294 Loading class java/lang/reflect/WildcardType
Event: 11.294 Loading class java/lang/reflect/WildcardType done
Event: 11.298 Loading class sun/reflect/generics/tree/TypeVariableSignature
Event: 11.298 Loading class sun/reflect/generics/tree/TypeVariableSignature done

Classes unloaded (7 events):
Event: 3.788 Thread 0x0000013f46584990 Unloading class 0x0000013f4819ac00 'java/lang/invoke/LambdaForm$MH+0x0000013f4819ac00'
Event: 3.788 Thread 0x0000013f46584990 Unloading class 0x0000013f4819a800 'java/lang/invoke/LambdaForm$MH+0x0000013f4819a800'
Event: 3.788 Thread 0x0000013f46584990 Unloading class 0x0000013f4819a400 'java/lang/invoke/LambdaForm$MH+0x0000013f4819a400'
Event: 3.788 Thread 0x0000013f46584990 Unloading class 0x0000013f4819a000 'java/lang/invoke/LambdaForm$MH+0x0000013f4819a000'
Event: 3.788 Thread 0x0000013f46584990 Unloading class 0x0000013f48199c00 'java/lang/invoke/LambdaForm$BMH+0x0000013f48199c00'
Event: 3.788 Thread 0x0000013f46584990 Unloading class 0x0000013f48199800 'java/lang/invoke/LambdaForm$DMH+0x0000013f48199800'
Event: 3.788 Thread 0x0000013f46584990 Unloading class 0x0000013f48198400 'java/lang/invoke/LambdaForm$DMH+0x0000013f48198400'

Classes redefined (0 events):
No events

Internal exceptions (20 events):
Event: 3.912 Thread 0x0000013f8e6cf650 Exception <a 'java/io/FileNotFoundException'{0x00000000ebbd1f70}> (0x00000000ebbd1f70) 
thrown [s\src\hotspot\share\prims\jni.cpp, line 520]
Event: 3.912 Thread 0x0000013f8e6cf650 Exception <a 'java/io/FileNotFoundException'{0x00000000ebbd2d98}> (0x00000000ebbd2d98) 
thrown [s\src\hotspot\share\prims\jni.cpp, line 520]
Event: 3.912 Thread 0x0000013f8e6cf650 Exception <a 'java/io/FileNotFoundException'{0x00000000ebbd3cc8}> (0x00000000ebbd3cc8) 
thrown [s\src\hotspot\share\prims\jni.cpp, line 520]
Event: 4.785 Thread 0x0000013f8ec3cee0 Exception <a 'java/lang/NoSuchMethodError'{0x00000000eaf5b3b0}: 'void java.lang.invoke.DirectMethodHandle$Holder.invokeStatic(java.lang.Object, java.lang.Object, java.lang.Object, java.lang.Object)'> (0x00000000eaf5b3b0) 
thrown [s\src\hotspot\share\interpreter\linkResolver.cpp, line 773]
Event: 5.969 Thread 0x0000013f8ec3e920 Exception <a 'java/lang/NoSuchMethodError'{0x00000000ebf3a698}: 'java.lang.Object java.lang.invoke.DirectMethodHandle$Holder.invokeStaticInit(java.lang.Object, java.lang.Object, java.lang.Object, java.lang.Object, java.lang.Object, java.lang.Object, java.lang.Object)'> (0x00000000ebf3a698) 
thrown [s\src\hotspot\share\interpreter\linkResolver.cpp, line 773]
Event: 5.970 Thread 0x0000013f8ec3e920 Exception <a 'java/lang/NoSuchMethodError'{0x00000000ebfc78a0}: 'java.lang.Object java.lang.invoke.Invokers$Holder.invoke_MT(java.lang.Object, java.lang.Object, java.lang.Object, java.lang.Object, java.lang.Object, java.lang.Object, java.lang.Object, java.lang.Object, java.lang.Object)'> (0x00000000ebfc78a0) 
thrown [s\src\hotspot\share\interpreter\linkResolver.cpp, line 773]
Event: 5.975 Thread 0x0000013f8ec3e920 Exception <a 'java/lang/NoSuchMethodError'{0x00000000ec0407a8}: 'int java.lang.invoke.DirectMethodHandle$Holder.invokeVirtual(java.lang.Object, java.lang.Object, java.lang.Object)'> (0x00000000ec0407a8) 
thrown [s\src\hotspot\share\interpreter\linkResolver.cpp, line 773]
Event: 5.976 Thread 0x0000013f8ec3e920 Exception <a 'java/lang/NoSuchMethodError'{0x00000000ec0befe8}: 'int java.lang.invoke.DirectMethodHandle$Holder.invokeStaticInit(java.lang.Object, int, int)'> (0x00000000ec0befe8) 
thrown [s\src\hotspot\share\interpreter\linkResolver.cpp, line 773]
Event: 5.976 Thread 0x0000013f8ec3e920 Exception <a 'java/lang/NoSuchMethodError'{0x00000000ec0c62e0}: 'int java.lang.invoke.DirectMethodHandle$Holder.invokeStaticInit(java.lang.Object, long, long)'> (0x00000000ec0c62e0) 
thrown [s\src\hotspot\share\interpreter\linkResolver.cpp, line 773]
Event: 5.977 Thread 0x0000013f8ec3e920 Exception <a 'java/lang/NoSuchMethodError'{0x00000000ec0ccc18}: 'int java.lang.invoke.DirectMethodHandle$Holder.invokeStaticInit(java.lang.Object, float, float)'> (0x00000000ec0ccc18) 
thrown [s\src\hotspot\share\interpreter\linkResolver.cpp, line 773]
Event: 5.978 Thread 0x0000013f8ec3e920 Exception <a 'java/lang/NoSuchMethodError'{0x00000000ec0d57d0}: 'int java.lang.invoke.DirectMethodHandle$Holder.invokeStaticInit(java.lang.Object, double, double)'> (0x00000000ec0d57d0) 
thrown [s\src\hotspot\share\interpreter\linkResolver.cpp, line 773]
Event: 5.979 Thread 0x0000013f8ec3e920 Exception <a 'java/lang/NoSuchMethodError'{0x00000000ec0d9950}: 'int java.lang.invoke.DirectMethodHandle$Holder.invokeStatic(java.lang.Object, long)'> (0x00000000ec0d9950) 
thrown [s\src\hotspot\share\interpreter\linkResolver.cpp, line 773]
Event: 5.984 Thread 0x0000013f8ec3e920 Exception <a 'java/lang/NoSuchMethodError'{0x00000000ec1d3608}: 'int java.lang.invoke.Invokers$Holder.linkToTargetMethod(java.lang.Object, java.lang.Object)'> (0x00000000ec1d3608) 
thrown [s\src\hotspot\share\interpreter\linkResolver.cpp, line 773]
Event: 5.989 Thread 0x0000013f8ec3cee0 Exception <a 'java/lang/NoSuchMethodError'{0x00000000ec241648}: 'int java.lang.invoke.DirectMethodHandle$Holder.invokeSpecial(java.lang.Object, java.lang.Object, java.lang.Object, java.lang.Object)'> (0x00000000ec241648) 
thrown [s\src\hotspot\share\interpreter\linkResolver.cpp, line 773]
Event: 5.991 Thread 0x0000013f8ec3cee0 Exception <a 'java/lang/NoSuchMethodError'{0x00000000ec2703d8}: 'java.lang.Object java.lang.invoke.DirectMethodHandle$Holder.invokeStatic(java.lang.Object, int, java.lang.Object, java.lang.Object)'> (0x00000000ec2703d8) 
thrown [s\src\hotspot\share\interpreter\linkResolver.cpp, line 773]
Event: 5.991 Thread 0x0000013f8ec3cee0 Exception <a 'java/lang/NoSuchMethodError'{0x00000000ec273bb8}: 'java.lang.Object java.lang.invoke.DelegatingMethodHandle$Holder.delegate(java.lang.Object, int, java.lang.Object, java.lang.Object)'> (0x00000000ec273bb8) 
thrown [s\src\hotspot\share\interpreter\linkResolver.cpp, line 773]
Event: 6.003 Thread 0x0000013f8ec3cee0 Exception <a 'java/lang/NoSuchMethodError'{0x00000000eab01d00}: 'int java.lang.invoke.Invokers$Holder.linkToTargetMethod(java.lang.Object, java.lang.Object, java.lang.Object)'> (0x00000000eab01d00) 
thrown [s\src\hotspot\share\interpreter\linkResolver.cpp, line 773]
Event: 6.033 Thread 0x0000013f8ec3e920 Exception <a 'java/lang/NoSuchMethodError'{0x00000000eaf29038}: 'java.lang.Object java.lang.invoke.DirectMethodHandle$Holder.invokeSpecialIFC(java.lang.Object, java.lang.Object, java.lang.Object, java.lang.Object)'> (0x00000000eaf29038) 
thrown [s\src\hotspot\share\interpreter\linkResolver.cpp, line 773]
Event: 7.187 Thread 0x0000013f8ec3e920 Exception <a 'java/lang/NoSuchMethodError'{0x00000000eaf3cfe0}: 'int java.lang.invoke.DirectMethodHandle$Holder.invokeStatic(java.lang.Object, java.lang.Object, java.lang.Object, java.lang.Object, java.lang.Object)'> (0x00000000eaf3cfe0) 
thrown [s\src\hotspot\share\interpreter\linkResolver.cpp, line 773]
Event: 11.276 Thread 0x0000013f8e6cf650 Exception <a 'java/io/FileNotFoundException'{0x00000000ebf6f218}> (0x00000000ebf6f218) 
thrown [s\src\hotspot\share\prims\jni.cpp, line 520]

ZGC Phase Switch (0 events):
No events

VM Operations (20 events):
Event: 3.604 Executing VM operation: ParallelGCFailedAllocation (Allocation Failure) done
Event: 3.781 Executing VM operation: CollectForMetadataAllocation (Metadata GC Threshold)
Event: 3.808 Executing VM operation: CollectForMetadataAllocation (Metadata GC Threshold) done
Event: 5.809 Executing VM operation: Cleanup
Event: 5.969 Executing VM operation: Cleanup done
Event: 5.990 Executing VM operation: HandshakeAllThreads (Deoptimize)
Event: 5.990 Executing VM operation: HandshakeAllThreads (Deoptimize) done
Event: 5.993 Executing VM operation: ParallelGCFailedAllocation (Allocation Failure)
Event: 6.002 Executing VM operation: ParallelGCFailedAllocation (Allocation Failure) done
Event: 7.004 Executing VM operation: Cleanup
Event: 7.161 Executing VM operation: Cleanup done
Event: 7.164 Executing VM operation: ParallelGCFailedAllocation (Allocation Failure)
Event: 7.166 Executing VM operation: ParallelGCFailedAllocation (Allocation Failure) done
Event: 8.170 Executing VM operation: Cleanup
Event: 8.219 Executing VM operation: Cleanup done
Event: 9.219 Executing VM operation: Cleanup
Event: 11.272 Executing VM operation: Cleanup done
Event: 11.304 Executing VM operation: ParallelGCFailedAllocation (Allocation Failure)
Event: 11.306 Executing VM operation: ParallelGCFailedAllocation (Allocation Failure) done
Event: 12.311 Executing VM operation: Cleanup

Memory protections (0 events):
No events

Nmethod flushes (0 events):
No events

Events (20 events):
Event: 1.556 Thread 0x0000013f3204af70 Thread added: 0x0000013f8e6cf650
Event: 1.965 Thread 0x0000013f8e6cf650 Thread added: 0x0000013f8ee955d0
Event: 2.246 Thread 0x0000013f8e6cf650 Thread added: 0x0000013f8ed49ba0
Event: 2.327 Thread 0x0000013f899e1c90 Thread exited: 0x0000013f899e1c90
Event: 2.346 Thread 0x0000013f8e6cf650 Thread added: 0x0000013f8ebf8db0
Event: 2.477 Thread 0x0000013f899e2360 Thread exited: 0x0000013f899e2360
Event: 2.569 Thread 0x0000013f89799780 Thread added: 0x0000013f8e9565c0
Event: 2.843 Thread 0x0000013f8e6cf650 Thread added: 0x0000013f8ec3e290
Event: 3.240 Thread 0x0000013f8e9565c0 Thread exited: 0x0000013f8e9565c0
Event: 3.247 Thread 0x0000013f8e6cf650 Thread added: 0x0000013f8ec3d570
Event: 3.282 Thread 0x0000013f8e6cf650 Thread added: 0x0000013f8ec3cee0
Event: 3.300 Thread 0x0000013f8e6cf650 Thread added: 0x0000013f8ec3e920
Event: 3.437 Thread 0x0000013f897cfa90 Thread added: 0x0000013f8e9543b0
Event: 3.899 Thread 0x0000013f897cfa90 Thread added: 0x0000013f8e954a80
Event: 4.730 Thread 0x0000013f8e954a80 Thread exited: 0x0000013f8e954a80
Event: 4.731 Thread 0x0000013f8e9543b0 Thread exited: 0x0000013f8e9543b0
Event: 4.784 Thread 0x0000013f8ec3cee0 Thread added: 0x0000013f8ec3efb0
Event: 6.030 Thread 0x0000013f897cfa90 Thread added: 0x0000013f8e956c90
Event: 8.743 Thread 0x0000013f8ebf8db0 Thread exited: 0x0000013f8ebf8db0
Event: 11.296 Thread 0x0000013f897cfa90 Thread added: 0x0000013f8e955150


Dynamic libraries:
0x00007ff797320000 - 0x00007ff79732e000 	c:\Users\DCI\.vscode\extensions\redhat.java-1.39.0-win32-x64\jre\21.0.5-win32-x86_64\bin\java.exe
0x00007ffed24e0000 - 0x00007ffed2743000 	C:\WINDOWS\SYSTEM32\ntdll.dll
0x00007ffed1840000 - 0x00007ffed1907000 	C:\WINDOWS\System32\KERNEL32.DLL
0x00007ffecfa60000 - 0x00007ffecfe27000 	C:\WINDOWS\System32\KERNELBASE.dll
0x00007ffecff90000 - 0x00007ffed00dc000 	C:\WINDOWS\System32\ucrtbase.dll
0x00007ffec7d60000 - 0x00007ffec7d78000 	c:\Users\DCI\.vscode\extensions\redhat.java-1.39.0-win32-x64\jre\21.0.5-win32-x86_64\bin\jli.dll
0x00007ffebc220000 - 0x00007ffebc23e000 	c:\Users\DCI\.vscode\extensions\redhat.java-1.39.0-win32-x64\jre\21.0.5-win32-x86_64\bin\VCRUNTIME140.dll
0x00007ffed1650000 - 0x00007ffed1819000 	C:\WINDOWS\System32\USER32.dll
0x00007ffecfe30000 - 0x00007ffecfe57000 	C:\WINDOWS\System32\win32u.dll
0x00007ffe9a0a0000 - 0x00007ffe9a330000 	C:\WINDOWS\WinSxS\amd64_microsoft.windows.common-controls_6595b64144ccf1df_6.0.26100.3037_none_3e09262ce333c378\COMCTL32.dll
0x00007ffed1e10000 - 0x00007ffed1e3a000 	C:\WINDOWS\System32\GDI32.dll
0x00007ffed1e40000 - 0x00007ffed1ee9000 	C:\WINDOWS\System32\msvcrt.dll
0x00007ffecfe60000 - 0x00007ffecff8b000 	C:\WINDOWS\System32\gdi32full.dll
0x00007ffecf880000 - 0x00007ffecf923000 	C:\WINDOWS\System32\msvcp_win.dll
0x00007ffed0320000 - 0x00007ffed034f000 	C:\WINDOWS\System32\IMM32.DLL
0x00007ffec7e20000 - 0x00007ffec7e2c000 	c:\Users\DCI\.vscode\extensions\redhat.java-1.39.0-win32-x64\jre\21.0.5-win32-x86_64\bin\vcruntime140_1.dll
0x00007ffe7c320000 - 0x00007ffe7c3ad000 	c:\Users\DCI\.vscode\extensions\redhat.java-1.39.0-win32-x64\jre\21.0.5-win32-x86_64\bin\msvcp140.dll
0x00007ffe6ec30000 - 0x00007ffe6f9bf000 	c:\Users\DCI\.vscode\extensions\redhat.java-1.39.0-win32-x64\jre\21.0.5-win32-x86_64\bin\server\jvm.dll
0x00007ffed1b80000 - 0x00007ffed1c34000 	C:\WINDOWS\System32\ADVAPI32.dll
0x00007ffed22d0000 - 0x00007ffed2376000 	C:\WINDOWS\System32\sechost.dll
0x00007ffed2380000 - 0x00007ffed2496000 	C:\WINDOWS\System32\RPCRT4.dll
0x00007ffed19a0000 - 0x00007ffed1a14000 	C:\WINDOWS\System32\WS2_32.dll
0x00007ffec3940000 - 0x00007ffec3976000 	C:\WINDOWS\SYSTEM32\WINMM.dll
0x00007ffecf710000 - 0x00007ffecf75e000 	C:\WINDOWS\SYSTEM32\POWRPROF.dll
0x00007ffebbb70000 - 0x00007ffebbb7b000 	C:\WINDOWS\SYSTEM32\VERSION.dll
0x00007ffecf6f0000 - 0x00007ffecf704000 	C:\WINDOWS\SYSTEM32\UMPDC.dll
0x00007ffece670000 - 0x00007ffece68a000 	C:\WINDOWS\SYSTEM32\kernel.appcore.dll
0x00007ffec7d20000 - 0x00007ffec7d2a000 	c:\Users\DCI\.vscode\extensions\redhat.java-1.39.0-win32-x64\jre\21.0.5-win32-x86_64\bin\jimage.dll
0x00007ffeccbd0000 - 0x00007ffecce11000 	C:\WINDOWS\SYSTEM32\DBGHELP.DLL
0x00007ffed1ef0000 - 0x00007ffed226e000 	C:\WINDOWS\System32\combase.dll
0x00007ffed1aa0000 - 0x00007ffed1b76000 	C:\WINDOWS\System32\OLEAUT32.dll
0x00007ffeb71a0000 - 0x00007ffeb71d9000 	C:\WINDOWS\SYSTEM32\dbgcore.DLL
0x00007ffecf9c0000 - 0x00007ffecfa59000 	C:\WINDOWS\System32\bcryptPrimitives.dll
0x00007ffec7cf0000 - 0x00007ffec7cff000 	c:\Users\DCI\.vscode\extensions\redhat.java-1.39.0-win32-x64\jre\21.0.5-win32-x86_64\bin\instrument.dll
0x00007ffebbef0000 - 0x00007ffebbf0f000 	c:\Users\DCI\.vscode\extensions\redhat.java-1.39.0-win32-x64\jre\21.0.5-win32-x86_64\bin\java.dll
0x00007ffed0580000 - 0x00007ffed0c84000 	C:\WINDOWS\System32\SHELL32.dll
0x00007ffecd540000 - 0x00007ffecdd77000 	C:\WINDOWS\SYSTEM32\windows.storage.dll
0x00007ffed0370000 - 0x00007ffed0459000 	C:\WINDOWS\System32\SHCORE.dll
0x00007ffed0d00000 - 0x00007ffed0d5d000 	C:\WINDOWS\System32\shlwapi.dll
0x00007ffecf790000 - 0x00007ffecf7be000 	C:\WINDOWS\SYSTEM32\profapi.dll
0x00007ffebbbf0000 - 0x00007ffebbc08000 	c:\Users\DCI\.vscode\extensions\redhat.java-1.39.0-win32-x64\jre\21.0.5-win32-x86_64\bin\zip.dll
0x00007ffec7780000 - 0x00007ffec7790000 	C:\Users\DCI\.vscode\extensions\redhat.java-1.39.0-win32-x64\jre\21.0.5-win32-x86_64\bin\net.dll
0x00007ffec7460000 - 0x00007ffec757e000 	C:\WINDOWS\SYSTEM32\WINHTTP.dll
0x00007ffeceb60000 - 0x00007ffecebc8000 	C:\WINDOWS\system32\mswsock.dll
0x00007ffebba20000 - 0x00007ffebba36000 	C:\Users\DCI\.vscode\extensions\redhat.java-1.39.0-win32-x64\jre\21.0.5-win32-x86_64\bin\nio.dll
0x00007ffec2a50000 - 0x00007ffec2a60000 	c:\Users\DCI\.vscode\extensions\redhat.java-1.39.0-win32-x64\jre\21.0.5-win32-x86_64\bin\verify.dll
0x00007ffe8bf20000 - 0x00007ffe8bf65000 	C:\Users\DCI\AppData\Roaming\Code\User\globalStorage\redhat.java\1.39.0\config_win\org.eclipse.equinox.launcher\org.eclipse.equinox.launcher.win32.win32.x86_64_1.2.1100.v20240722-2106\eclipse_11904.dll
0x00007ffed0f70000 - 0x00007ffed1105000 	C:\WINDOWS\System32\ole32.dll
0x00007ffecef10000 - 0x00007ffecef2c000 	C:\WINDOWS\SYSTEM32\CRYPTSP.dll
0x00007ffece5d0000 - 0x00007ffece608000 	C:\WINDOWS\system32\rsaenh.dll
0x00007ffecec00000 - 0x00007ffecec2b000 	C:\WINDOWS\SYSTEM32\USERENV.dll
0x00007ffecf0a0000 - 0x00007ffecf0c6000 	C:\WINDOWS\SYSTEM32\bcrypt.dll
0x00007ffeced90000 - 0x00007ffeced9c000 	C:\WINDOWS\SYSTEM32\CRYPTBASE.dll
0x00007ffece0e0000 - 0x00007ffece112000 	C:\WINDOWS\SYSTEM32\IPHLPAPI.DLL
0x00007ffed0360000 - 0x00007ffed036a000 	C:\WINDOWS\System32\NSI.dll
0x00007ffe87ba0000 - 0x00007ffe87be9000 	C:\Users\DCI\AppData\Local\Temp\jna--2053026509\jna15060982163502859920.dll
0x00007ffed0470000 - 0x00007ffed0478000 	C:\WINDOWS\System32\PSAPI.DLL

dbghelp: loaded successfully - version: 4.0.5 - missing functions: none
symbol engine: initialized successfully - sym options: 0x614 - pdb path: .;c:\Users\DCI\.vscode\extensions\redhat.java-1.39.0-win32-x64\jre\21.0.5-win32-x86_64\bin;C:\WINDOWS\SYSTEM32;C:\WINDOWS\WinSxS\amd64_microsoft.windows.common-controls_6595b64144ccf1df_6.0.26100.3037_none_3e09262ce333c378;c:\Users\DCI\.vscode\extensions\redhat.java-1.39.0-win32-x64\jre\21.0.5-win32-x86_64\bin\server;C:\Users\DCI\AppData\Roaming\Code\User\globalStorage\redhat.java\1.39.0\config_win\org.eclipse.equinox.launcher\org.eclipse.equinox.launcher.win32.win32.x86_64_1.2.1100.v20240722-2106;C:\Users\DCI\AppData\Local\Temp\jna--2053026509

VM Arguments:
jvm_args: --add-modules=ALL-SYSTEM --add-opens=java.base/java.util=ALL-UNNAMED --add-opens=java.base/java.lang=ALL-UNNAMED --add-opens=java.base/sun.nio.fs=ALL-UNNAMED -Declipse.application=org.eclipse.jdt.ls.core.id1 -Dosgi.bundles.defaultStartLevel=4 -Declipse.product=org.eclipse.jdt.ls.core.product -Djava.import.generatesMetadataFilesAtProjectRoot=false -DDetectVMInstallationsJob.disabled=true -Dfile.encoding=utf8 -XX:+UseParallelGC -XX:GCTimeRatio=4 -XX:AdaptiveSizePolicyWeight=90 -Dsun.zip.disableMemoryMapping=true -Xmx1G -Xms100m -Xlog:disable -javaagent:c:\Users\DCI\.vscode\extensions\redhat.java-1.39.0-win32-x64\lombok\lombok-1.18.34.jar -XX:+HeapDumpOnOutOfMemoryError -XX:HeapDumpPath=c:\Users\DCI\AppData\Roaming\Code\User\workspaceStorage\22f5ef1b04301801babf9f57b6b5e900\redhat.java -Daether.dependencyCollector.impl=bf 
java_command: c:\Users\DCI\.vscode\extensions\redhat.java-1.39.0-win32-x64\server\plugins\org.eclipse.equinox.launcher_1.6.900.v20240613-2009.jar -configuration c:\Users\DCI\AppData\Roaming\Code\User\globalStorage\redhat.java\1.39.0\config_win -data c:\Users\DCI\AppData\Roaming\Code\User\workspaceStorage\22f5ef1b04301801babf9f57b6b5e900\redhat.java\jdt_ws --pipe=\\.\pipe\lsp-5ae16357cd386823ded62482a7354673-sock
java_class_path (initial): c:\Users\DCI\.vscode\extensions\redhat.java-1.39.0-win32-x64\server\plugins\org.eclipse.equinox.launcher_1.6.900.v20240613-2009.jar
Launcher Type: SUN_STANDARD

[Global flags]
    uintx AdaptiveSizePolicyWeight                 = 90                                        {product} {command line}
     intx CICompilerCount                          = 4                                         {product} {ergonomic}
    uintx GCTimeRatio                              = 4                                         {product} {command line}
     bool HeapDumpOnOutOfMemoryError               = true                                   {manageable} {command line}
    ccstr HeapDumpPath                             = c:\Users\DCI\AppData\Roaming\Code\User\workspaceStorage\22f5ef1b04301801babf9f57b6b5e900\redhat.java         {manageable} {command line}
   size_t InitialHeapSize                          = 104857600                                 {product} {command line}
   size_t MaxHeapSize                              = 1073741824                                {product} {command line}
   size_t MaxNewSize                               = 357564416                                 {product} {ergonomic}
   size_t MinHeapDeltaBytes                        = 524288                                    {product} {ergonomic}
   size_t MinHeapSize                              = 104857600                                 {product} {command line}
   size_t NewSize                                  = 34603008                                  {product} {ergonomic}
    uintx NonNMethodCodeHeapSize                   = 5839372                                {pd product} {ergonomic}
    uintx NonProfiledCodeHeapSize                  = 122909434                              {pd product} {ergonomic}
   size_t OldSize                                  = 70254592                                  {product} {ergonomic}
    uintx ProfiledCodeHeapSize                     = 122909434                              {pd product} {ergonomic}
    uintx ReservedCodeCacheSize                    = 251658240                              {pd product} {ergonomic}
     bool SegmentedCodeCache                       = true                                      {product} {ergonomic}
   size_t SoftMaxHeapSize                          = 1073741824                             {manageable} {ergonomic}
     bool UseCompressedOops                        = true                           {product lp64_product} {ergonomic}
     bool UseLargePagesIndividualAllocation        = false                                  {pd product} {ergonomic}
     bool UseParallelGC                            = true                                      {product} {command line}

Logging:
Log output configuration:
 #0: stdout all=off uptime,level,tags foldmultilines=false
 #1: stderr all=off uptime,level,tags foldmultilines=false

Environment Variables:
JAVA_HOME=C:\Program Files\Java\jdk-17
CLASSPATH=.;C:\xampp\tomcat\lib\servlet-api.jar;C:\xampp\tomcat\lib\postgresql-42.6.0.jar;C:\Program Files\Java\jdk-17\lib\opencv-490.jar;
PATH=.;C:\Program Files\Java\jdk-17\bin;C:\app\LENOVO\product\11.2.0\dbhome_1\bin;C:\Program Files\apache-ant-1.10.15\bin;C:\ProgramData\Oracle\Java\javapath;C:\WINDOWS\system32;C:\WINDOWS;C:\WINDOWS\System32\Wbem;C:\WINDOWS\System32\WindowsPowerShell\v1.0\;C:\WINDOWS\System32\OpenSSH\;C:\Program Files\dotnet\;C:\Program Files\Microsoft SQL Server\150\Tools\Binn\;C:\Program Files\Microsoft SQL Server\Client SDK\ODBC\170\Tools\Binn\;C:\xampp\mysql\bin;C:\Program Files\PostgreSQL\17\bin;C:\xampp\php\libpq.dll;C:\Program Files\nodejs\;C:\xampp\php;C:\Program Files\apache-maven-3.9.9\bin;C:\Program Files\Docker\Docker\resources\bin;C:\ProgramData\ComposerSetup\bin;C:\Users\DCI\Downloads\opencv\build\x64\vc16\bin;C:\Users\DCI\Downloads\opencv\build\java\x64\opencv_java490.dll;C:\Program Files\MongoDB\Server\8.0\bin;C:\Users\DCI\AppData\Local\Microsoft\WindowsApps;C:\Users\DCI\AppData\Local\Programs\Microsoft VS Code\bin;C:\Users\DCI\.dotnet\tools;C:\Users\DCI\AppData\Local\GitHubDesktop\bin;C:\Users\DCI\AppData\Roaming\npm;C:\tomcat\lib\servlet-api.jar;C:\Users\DCI\AppData\Roaming\Composer\vendor\bin
USERNAME=LENOVO
OS=Windows_NT
PROCESSOR_IDENTIFIER=Intel64 Family 6 Model 186 Stepping 2, GenuineIntel
TMP=C:\Users\DCI\AppData\Local\Temp
TEMP=C:\Users\DCI\AppData\Local\Temp




Periodic native trim disabled

---------------  S Y S T E M  ---------------

OS:
 Windows 11 , 64 bit Build 26100 (10.0.26100.3037)
OS uptime: 1 days 1:08 hours
Hyper-V role detected

CPU: total 12 (initial active 12) (6 cores per cpu, 2 threads per core) family 6 model 186 stepping 2 microcode 0x4112, cx8, cmov, fxsr, ht, mmx, 3dnowpref, sse, sse2, sse3, ssse3, sse4.1, sse4.2, popcnt, lzcnt, tsc, tscinvbit, avx, avx2, aes, erms, clmul, bmi1, bmi2, adx, sha, fma, vzeroupper, clflush, clflushopt, clwb, hv, serialize, rdtscp, rdpid, fsrm, f16c, cet_ibt, cet_ss
Processor Information for processor 0
  Max Mhz: 2100, Current Mhz: 2100, Mhz Limit: 2100
Processor Information for processor 1
  Max Mhz: 2100, Current Mhz: 2100, Mhz Limit: 2100
Processor Information for processor 2
  Max Mhz: 2100, Current Mhz: 2100, Mhz Limit: 2100
Processor Information for processor 3
  Max Mhz: 2100, Current Mhz: 2100, Mhz Limit: 2100
Processor Information for processor 4
  Max Mhz: 2100, Current Mhz: 2100, Mhz Limit: 2100
Processor Information for processor 5
  Max Mhz: 2100, Current Mhz: 2100, Mhz Limit: 2100
Processor Information for processor 6
  Max Mhz: 2100, Current Mhz: 2100, Mhz Limit: 2100
Processor Information for processor 7
  Max Mhz: 2100, Current Mhz: 2100, Mhz Limit: 2100
Processor Information for processor 8
  Max Mhz: 2100, Current Mhz: 1500, Mhz Limit: 1491
Processor Information for processor 9
  Max Mhz: 2100, Current Mhz: 1500, Mhz Limit: 1491
Processor Information for processor 10
  Max Mhz: 2100, Current Mhz: 1500, Mhz Limit: 1491
Processor Information for processor 11
  Max Mhz: 2100, Current Mhz: 1500, Mhz Limit: 1491

Memory: 4k page, system-wide physical 16076M (3618M free)
TotalPageFile size 20172M (AvailPageFile size 2M)
current process WorkingSet (physical memory assigned to process): 172M, peak: 174M
current process commit charge ("private bytes"): 273M, peak: 277M

vm_info: OpenJDK 64-Bit Server VM (21.0.5+11-LTS) for windows-amd64 JRE (21.0.5+11-LTS), built on 2024-10-15T00:00:00Z by "admin" with MS VC++ 17.7 (VS2022)

END.
