#
# There is insufficient memory for the Java Runtime Environment to continue.
# Native memory allocation (malloc) failed to allocate 1625200 bytes for Chunk::new
# Possible reasons:
#   The system is out of physical RAM or swap space
#   The process is running with CompressedOops enabled, and the Java Heap may be blocking the growth of the native heap
# Possible solutions:
#   Reduce memory load on the system
#   Increase physical memory or swap space
#   Check if swap backing store is full
#   Decrease Java heap size (-Xmx/-Xms)
#   Decrease number of Java threads
#   Decrease Java thread stack sizes (-Xss)
#   Set larger code cache with -XX:ReservedCodeCacheSize=
#   JVM is running with Zero Based Compressed Oops mode in which the Java heap is
#     placed in the first 32GB address space. The Java Heap base address is the
#     maximum limit for the native heap growth. Please use -XX:HeapBaseMinAddress
#     to set the Java Heap base and to place the Java Heap above 32GB virtual address.
# This output file may be truncated or incomplete.
#
#  Out of Memory Error (arena.cpp:189), pid=14280, tid=13684
#
# JRE version: Java(TM) SE Runtime Environment (17.0.12+8) (build 17.0.12+8-LTS-286)
# Java VM: Java HotSpot(TM) 64-Bit Server VM (17.0.12+8-LTS-286, mixed mode, sharing, tiered, compressed oops, compressed class ptrs, g1 gc, windows-amd64)
# No core dump will be written. Minidumps are not enabled by default on client versions of Windows
#

---------------  S U M M A R Y ------------

Command Line: org.jetbrains.kotlin.cli.jvm.K2JVMCompiler @C:\Users\DCI\Documents\GitHub\Mobile\node_modules\@react-native\gradle-plugin\react-native-gradle-plugin\build\20250207_3485552753067433548.compiler.options

Host: 13th Gen Intel(R) Core(TM) i5-13420H, 12 cores, 15G,  Windows 11 , 64 bit Build 26100 (10.0.26100.3037)
Time: Fri Feb  7 16:23:14 2025 Turkey Standard Time elapsed time: 19.540872 seconds (0d 0h 0m 19s)

---------------  T H R E A D  ---------------

Current thread (0x000002777ddac040):  JavaThread "C2 CompilerThread2" daemon [_thread_in_native, id=13684, stack(0x000000fa9f100000,0x000000fa9f200000)]


Current CompileTask:
C2:  19540 3847       4       jdk.internal.loader.BuiltinClassLoader::defineClass (121 bytes)

Stack: [0x000000fa9f100000,0x000000fa9f200000]
Native frames: (J=compiled Java code, j=interpreted, Vv=VM code, C=native code)
V  [jvm.dll+0x67a04a]
V  [jvm.dll+0x7da4ed]
V  [jvm.dll+0x7dbe33]
V  [jvm.dll+0x7dc4a3]
V  [jvm.dll+0x24508f]
V  [jvm.dll+0xab773]
V  [jvm.dll+0xabd3c]
V  [jvm.dll+0x361bee]
V  [jvm.dll+0x1ba64a]
V  [jvm.dll+0x216997]
V  [jvm.dll+0x215c6f]
V  [jvm.dll+0x1a2960]
V  [jvm.dll+0x22610b]
V  [jvm.dll+0x2242ab]
V  [jvm.dll+0x79075c]
V  [jvm.dll+0x78abea]
V  [jvm.dll+0x678f35]
C  [ucrtbase.dll+0x37b0]
C  [KERNEL32.DLL+0x2e8d7]
C  [ntdll.dll+0xbbf2c]


---------------  P R O C E S S  ---------------

Threads class SMR info:
_java_thread_list=0x000002777dd33d10, length=14, elements={
0x000002775329fd70, 0x0000027776a91f50, 0x0000027776a94690, 0x0000027776aab940,
0x0000027776aae810, 0x0000027776bd2480, 0x0000027776bd2d50, 0x0000027776bd3a00,
0x0000027776bd94a0, 0x0000027776c03850, 0x0000027776d17c20, 0x0000027776d14e90,
0x000002777c127110, 0x000002777ddac040
}

Java Threads: ( => current thread )
  0x000002775329fd70 JavaThread "main" [_thread_in_vm, id=6656, stack(0x000000fa9d200000,0x000000fa9d300000)]
  0x0000027776a91f50 JavaThread "Reference Handler" daemon [_thread_blocked, id=3580, stack(0x000000fa9d900000,0x000000fa9da00000)]
  0x0000027776a94690 JavaThread "Finalizer" daemon [_thread_blocked, id=10660, stack(0x000000fa9da00000,0x000000fa9db00000)]
  0x0000027776aab940 JavaThread "Signal Dispatcher" daemon [_thread_blocked, id=17280, stack(0x000000fa9db00000,0x000000fa9dc00000)]
  0x0000027776aae810 JavaThread "Attach Listener" daemon [_thread_blocked, id=14984, stack(0x000000fa9dc00000,0x000000fa9dd00000)]
  0x0000027776bd2480 JavaThread "Service Thread" daemon [_thread_blocked, id=17760, stack(0x000000fa9dd00000,0x000000fa9de00000)]
  0x0000027776bd2d50 JavaThread "Monitor Deflation Thread" daemon [_thread_blocked, id=6860, stack(0x000000fa9de00000,0x000000fa9df00000)]
  0x0000027776bd3a00 JavaThread "C2 CompilerThread0" daemon [_thread_in_native, id=21312, stack(0x000000fa9df00000,0x000000fa9e000000)]
  0x0000027776bd94a0 JavaThread "C1 CompilerThread0" daemon [_thread_in_native, id=16296, stack(0x000000fa9e000000,0x000000fa9e100000)]
  0x0000027776c03850 JavaThread "Sweeper thread" daemon [_thread_blocked, id=17040, stack(0x000000fa9e100000,0x000000fa9e200000)]
  0x0000027776d17c20 JavaThread "Notification Thread" daemon [_thread_blocked, id=8948, stack(0x000000fa9e200000,0x000000fa9e300000)]
  0x0000027776d14e90 JavaThread "Common-Cleaner" daemon [_thread_blocked, id=15384, stack(0x000000fa9e400000,0x000000fa9e500000)]
  0x000002777c127110 JavaThread "C2 CompilerThread1" daemon [_thread_in_native, id=6036, stack(0x000000fa9ea00000,0x000000fa9eb00000)]
=>0x000002777ddac040 JavaThread "C2 CompilerThread2" daemon [_thread_in_native, id=13684, stack(0x000000fa9f100000,0x000000fa9f200000)]

Other Threads:
  0x0000027776a8cda0 VMThread "VM Thread" [stack: 0x000000fa9d800000,0x000000fa9d900000] [id=8772]
  0x0000027776d18840 WatcherThread [stack: 0x000000fa9e300000,0x000000fa9e400000] [id=11052]
  0x000002775330aca0 GCTaskThread "GC Thread#0" [stack: 0x000000fa9d300000,0x000000fa9d400000] [id=18604]
  0x000002777b1e1490 GCTaskThread "GC Thread#1" [stack: 0x000000fa9e500000,0x000000fa9e600000] [id=6200]
  0x000002777b1ff6f0 GCTaskThread "GC Thread#2" [stack: 0x000000fa9e600000,0x000000fa9e700000] [id=18352]
  0x000002777b1ff9b0 GCTaskThread "GC Thread#3" [stack: 0x000000fa9e700000,0x000000fa9e800000] [id=9024]
  0x000002777b1ffc70 GCTaskThread "GC Thread#4" [stack: 0x000000fa9e800000,0x000000fa9e900000] [id=17164]
  0x000002777b1fff30 GCTaskThread "GC Thread#5" [stack: 0x000000fa9e900000,0x000000fa9ea00000] [id=4932]
  0x000002777b711890 GCTaskThread "GC Thread#6" [stack: 0x000000fa9eb00000,0x000000fa9ec00000] [id=19752]
  0x000002777b6a2c60 GCTaskThread "GC Thread#7" [stack: 0x000000fa9ec00000,0x000000fa9ed00000] [id=13736]
  0x000002777b6a2f20 GCTaskThread "GC Thread#8" [stack: 0x000000fa9ed00000,0x000000fa9ee00000] [id=12676]
  0x0000027776c6eba0 GCTaskThread "GC Thread#9" [stack: 0x000000fa9ee00000,0x000000fa9ef00000] [id=9136]
  0x000002775331db50 ConcurrentGCThread "G1 Main Marker" [stack: 0x000000fa9d400000,0x000000fa9d500000] [id=20092]
  0x000002775331e560 ConcurrentGCThread "G1 Conc#0" [stack: 0x000000fa9d500000,0x000000fa9d600000] [id=12152]
  0x000002777c04a680 ConcurrentGCThread "G1 Conc#1" [stack: 0x000000fa9ef00000,0x000000fa9f000000] [id=19108]
  0x000002777cd8bb60 ConcurrentGCThread "G1 Conc#2" [stack: 0x000000fa9f000000,0x000000fa9f100000] [id=14380]
  0x000002775336e000 ConcurrentGCThread "G1 Refine#0" [stack: 0x000000fa9d600000,0x000000fa9d700000] [id=4316]
  0x000002775336ea30 ConcurrentGCThread "G1 Service" [stack: 0x000000fa9d700000,0x000000fa9d800000] [id=13760]

Threads with active compile tasks:
C2 CompilerThread0    19585 3921       4       org.jetbrains.kotlin.parsing.AbstractKotlinParsing::atSet (113 bytes)
C1 CompilerThread0    19585 3934       1       org.jetbrains.kotlin.resolve.scopes.receivers.PackageQualifier::getReferenceExpression (5 bytes)
C2 CompilerThread1    19585 3922       4       org.jetbrains.kotlin.parsing.AbstractKotlinParsing::_atSet (59 bytes)
C2 CompilerThread2    19585 3847       4       jdk.internal.loader.BuiltinClassLoader::defineClass (121 bytes)

VM state: not at safepoint (normal execution)

VM Mutex/Monitor currently owned by a thread: None

Heap address: 0x0000000704c00000, size: 4020 MB, Compressed Oops mode: Zero based, Oop shift amount: 3

CDS archive(s) mapped at: [0x0000027700000000-0x0000027700bd0000-0x0000027700bd0000), size 12386304, SharedBaseAddress: 0x0000027700000000, ArchiveRelocationMode: 1.
Compressed class space mapped at: 0x0000027701000000-0x0000027741000000, reserved size: 1073741824
Narrow klass base: 0x0000027700000000, Narrow klass shift: 0, Narrow klass range: 0x100000000

GC Precious Log:
 CPUs: 12 total, 12 available
 Memory: 16076M
 Large Page Support: Disabled
 NUMA Support: Disabled
 Compressed Oops: Enabled (Zero based)
 Heap Region Size: 2M
 Heap Min Capacity: 8M
 Heap Initial Capacity: 252M
 Heap Max Capacity: 4020M
 Pre-touch: Disabled
 Parallel Workers: 10
 Concurrent Workers: 3
 Concurrent Refinement Workers: 10
 Periodic GC: Disabled

Heap:
 garbage-first heap   total 102400K, used 65816K [0x0000000704c00000, 0x0000000800000000)
  region size 2048K, 12 young (24576K), 2 survivors (4096K)
 Metaspace       used 41178K, committed 41472K, reserved 1114112K
  class space    used 5034K, committed 5184K, reserved 1048576K

Heap Regions: E=young(eden), S=young(survivor), O=old, HS=humongous(starts), HC=humongous(continues), CS=collection set, F=free, OA=open archive, CA=closed archive, TAMS=top-at-mark-start (previous, next)
|   0|0x0000000704c00000, 0x0000000704e00000, 0x0000000704e00000|100%|HS|  |TAMS 0x0000000704e00000, 0x0000000704c00000| Complete 
|   1|0x0000000704e00000, 0x0000000705000000, 0x0000000705000000|100%|HC|  |TAMS 0x0000000705000000, 0x0000000704e00000| Complete 
|   2|0x0000000705000000, 0x0000000705200000, 0x0000000705200000|100%|HS|  |TAMS 0x0000000705200000, 0x0000000705000000| Complete 
|   3|0x0000000705200000, 0x0000000705400000, 0x0000000705400000|100%|HC|  |TAMS 0x0000000705400000, 0x0000000705200000| Complete 
|   4|0x0000000705400000, 0x0000000705600000, 0x0000000705600000|100%|HC|  |TAMS 0x0000000705600000, 0x0000000705400000| Complete 
|   5|0x0000000705600000, 0x0000000705800000, 0x0000000705800000|100%|HS|  |TAMS 0x0000000705800000, 0x0000000705600000| Complete 
|   6|0x0000000705800000, 0x0000000705a00000, 0x0000000705a00000|100%| O|  |TAMS 0x0000000705a00000, 0x0000000705800000| Untracked 
|   7|0x0000000705a00000, 0x0000000705c00000, 0x0000000705c00000|100%| O|  |TAMS 0x0000000705c00000, 0x0000000705a00000| Untracked 
|   8|0x0000000705c00000, 0x0000000705e00000, 0x0000000705e00000|100%| O|  |TAMS 0x0000000705e00000, 0x0000000705c00000| Untracked 
|   9|0x0000000705e00000, 0x0000000706000000, 0x0000000706000000|100%| O|  |TAMS 0x0000000706000000, 0x0000000705e00000| Untracked 
|  10|0x0000000706000000, 0x0000000706200000, 0x0000000706200000|100%| O|  |TAMS 0x0000000706200000, 0x0000000706000000| Untracked 
|  11|0x0000000706200000, 0x00000007063d9600, 0x0000000706400000| 92%| O|  |TAMS 0x0000000706200000, 0x0000000706200000| Untracked 
|  12|0x0000000706400000, 0x0000000706400000, 0x0000000706600000|  0%| F|  |TAMS 0x0000000706400000, 0x0000000706400000| Untracked 
|  13|0x0000000706600000, 0x0000000706600000, 0x0000000706800000|  0%| F|  |TAMS 0x0000000706600000, 0x0000000706600000| Untracked 
|  14|0x0000000706800000, 0x0000000706800000, 0x0000000706a00000|  0%| F|  |TAMS 0x0000000706800000, 0x0000000706800000| Untracked 
|  15|0x0000000706a00000, 0x0000000706c00000, 0x0000000706c00000|100%| O|  |TAMS 0x0000000706c00000, 0x0000000706a00000| Untracked 
|  16|0x0000000706c00000, 0x0000000706e00000, 0x0000000706e00000|100%| O|  |TAMS 0x0000000706e00000, 0x0000000706c00000| Untracked 
|  17|0x0000000706e00000, 0x0000000707000000, 0x0000000707000000|100%| O|  |TAMS 0x0000000707000000, 0x0000000706e00000| Untracked 
|  18|0x0000000707000000, 0x0000000707200000, 0x0000000707200000|100%| O|  |TAMS 0x0000000707200000, 0x0000000707000000| Untracked 
|  19|0x0000000707200000, 0x0000000707400000, 0x0000000707400000|100%| O|  |TAMS 0x00000007072e0a00, 0x0000000707200000| Untracked 
|  20|0x0000000707400000, 0x0000000707400000, 0x0000000707600000|  0%| F|  |TAMS 0x0000000707400000, 0x0000000707400000| Untracked 
|  21|0x0000000707600000, 0x0000000707600000, 0x0000000707800000|  0%| F|  |TAMS 0x0000000707600000, 0x0000000707600000| Untracked 
|  22|0x0000000707800000, 0x0000000707800000, 0x0000000707a00000|  0%| F|  |TAMS 0x0000000707800000, 0x0000000707800000| Untracked 
|  23|0x0000000707a00000, 0x0000000707a00000, 0x0000000707c00000|  0%| F|  |TAMS 0x0000000707a00000, 0x0000000707a00000| Untracked 
|  24|0x0000000707c00000, 0x0000000707c00000, 0x0000000707e00000|  0%| F|  |TAMS 0x0000000707c00000, 0x0000000707c00000| Untracked 
|  25|0x0000000707e00000, 0x0000000707e00000, 0x0000000708000000|  0%| F|  |TAMS 0x0000000707e00000, 0x0000000707e00000| Untracked 
|  26|0x0000000708000000, 0x0000000708000000, 0x0000000708200000|  0%| F|  |TAMS 0x0000000708000000, 0x0000000708000000| Untracked 
|  27|0x0000000708200000, 0x0000000708200000, 0x0000000708400000|  0%| F|  |TAMS 0x0000000708200000, 0x0000000708200000| Untracked 
|  28|0x0000000708400000, 0x0000000708400000, 0x0000000708600000|  0%| F|  |TAMS 0x0000000708400000, 0x0000000708400000| Untracked 
|  29|0x0000000708600000, 0x0000000708600000, 0x0000000708800000|  0%| F|  |TAMS 0x0000000708600000, 0x0000000708600000| Untracked 
|  30|0x0000000708800000, 0x0000000708800000, 0x0000000708a00000|  0%| F|  |TAMS 0x0000000708800000, 0x0000000708800000| Untracked 
|  31|0x0000000708a00000, 0x0000000708a00000, 0x0000000708c00000|  0%| F|  |TAMS 0x0000000708a00000, 0x0000000708a00000| Untracked 
|  32|0x0000000708c00000, 0x0000000708c00000, 0x0000000708e00000|  0%| F|  |TAMS 0x0000000708c00000, 0x0000000708c00000| Untracked 
|  33|0x0000000708e00000, 0x0000000708ea2f30, 0x0000000709000000| 31%| E|  |TAMS 0x0000000708e00000, 0x0000000708e00000| Complete 
|  77|0x000000070e600000, 0x000000070e800000, 0x000000070e800000|100%| E|CS|TAMS 0x000000070e600000, 0x000000070e600000| Complete 
|  78|0x000000070e800000, 0x000000070ea00000, 0x000000070ea00000|100%| E|CS|TAMS 0x000000070e800000, 0x000000070e800000| Complete 
|  79|0x000000070ea00000, 0x000000070ec00000, 0x000000070ec00000|100%| E|CS|TAMS 0x000000070ea00000, 0x000000070ea00000| Complete 
|  80|0x000000070ec00000, 0x000000070ee00000, 0x000000070ee00000|100%| E|CS|TAMS 0x000000070ec00000, 0x000000070ec00000| Complete 
|  81|0x000000070ee00000, 0x000000070f000000, 0x000000070f000000|100%| E|CS|TAMS 0x000000070ee00000, 0x000000070ee00000| Complete 
|  82|0x000000070f000000, 0x000000070f06ca58, 0x000000070f200000| 21%| S|CS|TAMS 0x000000070f000000, 0x000000070f000000| Complete 
|  83|0x000000070f200000, 0x000000070f400000, 0x000000070f400000|100%| S|CS|TAMS 0x000000070f200000, 0x000000070f200000| Complete 
|  84|0x000000070f400000, 0x000000070f600000, 0x000000070f600000|100%| E|CS|TAMS 0x000000070f400000, 0x000000070f400000| Complete 
|  85|0x000000070f600000, 0x000000070f800000, 0x000000070f800000|100%| E|CS|TAMS 0x000000070f600000, 0x000000070f600000| Complete 
|  86|0x000000070f800000, 0x000000070fa00000, 0x000000070fa00000|100%| E|CS|TAMS 0x000000070f800000, 0x000000070f800000| Complete 
| 125|0x0000000714600000, 0x0000000714800000, 0x0000000714800000|100%| E|CS|TAMS 0x0000000714600000, 0x0000000714600000| Complete 
|2005|0x00000007ff600000, 0x00000007ff800000, 0x00000007ff800000|100%| O|  |TAMS 0x00000007ff800000, 0x00000007ff600000| Untracked 
|2006|0x00000007ff800000, 0x00000007ffa00000, 0x00000007ffa00000|100%| O|  |TAMS 0x00000007ffa00000, 0x00000007ff800000| Untracked 
|2007|0x00000007ffa00000, 0x00000007ffc00000, 0x00000007ffc00000|100%| O|  |TAMS 0x00000007ffc00000, 0x00000007ffa00000| Untracked 
|2008|0x00000007ffc00000, 0x00000007ffe00000, 0x00000007ffe00000|100%| O|  |TAMS 0x00000007ffe00000, 0x00000007ffc00000| Untracked 
|2009|0x00000007ffe00000, 0x0000000800000000, 0x0000000800000000|100%| O|  |TAMS 0x0000000800000000, 0x00000007ffe00000| Untracked 

Card table byte_map: [0x000002776aff0000,0x000002776b7d0000] _byte_map_base: 0x00000277677ca000

Marking Bits (Prev, Next): (CMBitMap*) 0x000002775330c2d0, (CMBitMap*) 0x000002775330c310
 Prev Bits: [0x000002776bfb0000, 0x000002776fe80000)
 Next Bits: [0x000002776fe80000, 0x0000027773d50000)

Polling page: 0x0000027751aa0000

Metaspace:

Usage:
  Non-class:     35.30 MB used.
      Class:      4.92 MB used.
       Both:     40.21 MB used.

Virtual space:
  Non-class space:       64.00 MB reserved,      35.44 MB ( 55%) committed,  1 nodes.
      Class space:        1.00 GB reserved,       5.06 MB ( <1%) committed,  1 nodes.
             Both:        1.06 GB reserved,      40.50 MB (  4%) committed. 

Chunk freelists:
   Non-Class:  11.45 MB
       Class:  10.76 MB
        Both:  22.21 MB

MaxMetaspaceSize: unlimited
CompressedClassSpaceSize: 1.00 GB
Initial GC threshold: 21.00 MB
Current GC threshold: 59.00 MB
CDS: on
MetaspaceReclaimPolicy: balanced
 - commit_granule_bytes: 65536.
 - commit_granule_words: 8192.
 - virtual_space_node_default_size: 8388608.
 - enlarge_chunks_in_place: 1.
 - new_chunks_are_fully_committed: 0.
 - uncommit_free_chunks: 1.
 - use_allocation_guard: 0.
 - handle_deallocations: 1.


Internal statistics:

num_allocs_failed_limit: 6.
num_arena_births: 184.
num_arena_deaths: 0.
num_vsnodes_births: 2.
num_vsnodes_deaths: 0.
num_space_committed: 646.
num_space_uncommitted: 0.
num_chunks_returned_to_freelist: 6.
num_chunks_taken_from_freelist: 1590.
num_chunk_merges: 6.
num_chunk_splits: 1311.
num_chunks_enlarged: 1176.
num_inconsistent_stats: 0.

CodeHeap 'non-profiled nmethods': size=120000Kb used=2838Kb max_used=2838Kb free=117161Kb
 bounds [0x0000027762640000, 0x0000027762910000, 0x0000027769b70000]
CodeHeap 'profiled nmethods': size=120000Kb used=8348Kb max_used=8348Kb free=111652Kb
 bounds [0x000002775ab70000, 0x000002775b3a0000, 0x00000277620a0000]
CodeHeap 'non-nmethods': size=5760Kb used=1282Kb max_used=1335Kb free=4477Kb
 bounds [0x00000277620a0000, 0x0000027762310000, 0x0000027762640000]
 total_blobs=4520 nmethods=3926 adapters=505
 compilation: enabled
              stopped_count=0, restarted_count=0
 full_count=0

Compilation events (20 events):
Event: 18.284 Thread 0x000002777c127110 nmethod 3905 0x00000277628ff090 code [0x00000277628ff260, 0x00000277628ff968]
Event: 18.320 Thread 0x0000027776bd94a0 3906       3       java.lang.Module::allows (60 bytes)
Event: 18.321 Thread 0x0000027776bd94a0 nmethod 3906 0x000002775b388d10 code [0x000002775b388f00, 0x000002775b389548]
Event: 18.326 Thread 0x0000027776bd3a00 nmethod 3900 0x00000277628fff10 code [0x0000027762900200, 0x00000277629020c8]
Event: 18.496 Thread 0x0000027776bd94a0 3907       3       org.jetbrains.kotlin.config.LanguageVersionSettingsImpl::getFeatureSupport (89 bytes)
Event: 18.498 Thread 0x0000027776bd94a0 nmethod 3907 0x000002775b389690 code [0x000002775b3899a0, 0x000002775b38aa08]
Event: 18.498 Thread 0x0000027776bd94a0 3908       3       org.jetbrains.kotlin.config.LanguageVersionSettings::supportsFeature (38 bytes)
Event: 18.499 Thread 0x0000027776bd94a0 nmethod 3908 0x000002775b38af90 code [0x000002775b38b1c0, 0x000002775b38b8a8]
Event: 18.502 Thread 0x0000027776bd94a0 3909       3       org.jetbrains.kotlin.com.intellij.util.containers.IntArrayList::add (28 bytes)
Event: 18.503 Thread 0x0000027776bd94a0 nmethod 3909 0x000002775b38bb90 code [0x000002775b38bd40, 0x000002775b38bee8]
Event: 18.505 Thread 0x0000027776bd94a0 3910       3       org.jetbrains.kotlin.utils.addToStdlib.AddToStdlibKt::flattenTo (50 bytes)
Event: 18.507 Thread 0x0000027776bd94a0 nmethod 3910 0x000002775b38c010 code [0x000002775b38c2e0, 0x000002775b38d178]
Event: 18.508 Thread 0x0000027776bd94a0 3913       3       java.text.StringCharacterIterator::<init> (12 bytes)
Event: 18.508 Thread 0x0000027776bd94a0 nmethod 3913 0x000002775b38d610 code [0x000002775b38d7c0, 0x000002775b38da08]
Event: 18.508 Thread 0x0000027776bd94a0 3911       3       org.jetbrains.kotlin.load.java.structure.impl.classFiles.BinaryJavaMethodBase$Companion$MethodInfo::<init> (38 bytes)
Event: 18.511 Thread 0x0000027776bd94a0 nmethod 3911 0x000002775b38db90 code [0x000002775b38dea0, 0x000002775b38ef38]
Event: 18.511 Thread 0x0000027776bd94a0 3914       3       java.math.BigInteger::compareMagnitude (96 bytes)
Event: 18.512 Thread 0x0000027776bd94a0 nmethod 3914 0x000002775b38f490 code [0x000002775b38f660, 0x000002775b38fa38]
Event: 18.512 Thread 0x0000027776bd94a0 3912       3       org.jetbrains.kotlin.load.java.structure.impl.classFiles.ClassifierResolutionContext::copyForMember$resolution_common_jvm (20 bytes)
Event: 18.512 Thread 0x0000027776bd94a0 nmethod 3912 0x000002775b38fb90 code [0x000002775b38fd40, 0x000002775b3900b8]

GC Heap History (14 events):
Event: 2.183 GC heap before
{Heap before GC invocations=0 (full 0):
 garbage-first heap   total 258048K, used 24576K [0x0000000704c00000, 0x0000000800000000)
  region size 2048K, 11 young (22528K), 0 survivors (0K)
 Metaspace       used 6693K, committed 6848K, reserved 1114112K
  class space    used 700K, committed 768K, reserved 1048576K
}
Event: 2.197 GC heap after
{Heap after GC invocations=1 (full 0):
 garbage-first heap   total 258048K, used 6828K [0x0000000704c00000, 0x0000000800000000)
  region size 2048K, 2 young (4096K), 2 survivors (4096K)
 Metaspace       used 6693K, committed 6848K, reserved 1114112K
  class space    used 700K, committed 768K, reserved 1048576K
}
Event: 4.331 GC heap before
{Heap before GC invocations=1 (full 0):
 garbage-first heap   total 258048K, used 45740K [0x0000000704c00000, 0x0000000800000000)
  region size 2048K, 19 young (38912K), 2 survivors (4096K)
 Metaspace       used 16936K, committed 17216K, reserved 1114112K
  class space    used 2231K, committed 2368K, reserved 1048576K
}
Event: 4.340 GC heap after
{Heap after GC invocations=2 (full 0):
 garbage-first heap   total 258048K, used 16197K [0x0000000704c00000, 0x0000000800000000)
  region size 2048K, 3 young (6144K), 3 survivors (6144K)
 Metaspace       used 16936K, committed 17216K, reserved 1114112K
  class space    used 2231K, committed 2368K, reserved 1048576K
}
Event: 6.246 GC heap before
{Heap before GC invocations=2 (full 0):
 garbage-first heap   total 258048K, used 89925K [0x0000000704c00000, 0x0000000800000000)
  region size 2048K, 39 young (79872K), 3 survivors (6144K)
 Metaspace       used 21302K, committed 21504K, reserved 1114112K
  class space    used 2896K, committed 3008K, reserved 1048576K
}
Event: 6.275 GC heap after
{Heap after GC invocations=3 (full 0):
 garbage-first heap   total 258048K, used 24576K [0x0000000704c00000, 0x0000000800000000)
  region size 2048K, 10 young (20480K), 10 survivors (20480K)
 Metaspace       used 21302K, committed 21504K, reserved 1114112K
  class space    used 2896K, committed 3008K, reserved 1048576K
}
Event: 8.196 GC heap before
{Heap before GC invocations=4 (full 0):
 garbage-first heap   total 90112K, used 69632K [0x0000000704c00000, 0x0000000800000000)
  region size 2048K, 29 young (59392K), 10 survivors (20480K)
 Metaspace       used 27798K, committed 27968K, reserved 1114112K
  class space    used 3508K, committed 3584K, reserved 1048576K
}
Event: 8.267 GC heap after
{Heap after GC invocations=5 (full 0):
 garbage-first heap   total 102400K, used 41577K [0x0000000704c00000, 0x0000000800000000)
  region size 2048K, 5 young (10240K), 5 survivors (10240K)
 Metaspace       used 27798K, committed 27968K, reserved 1114112K
  class space    used 3508K, committed 3584K, reserved 1048576K
}
Event: 13.540 GC heap before
{Heap before GC invocations=5 (full 0):
 garbage-first heap   total 102400K, used 72297K [0x0000000704c00000, 0x0000000800000000)
  region size 2048K, 21 young (43008K), 5 survivors (10240K)
 Metaspace       used 34826K, committed 35072K, reserved 1114112K
  class space    used 4304K, committed 4416K, reserved 1048576K
}
Event: 13.558 GC heap after
{Heap after GC invocations=6 (full 0):
 garbage-first heap   total 102400K, used 45340K [0x0000000704c00000, 0x0000000800000000)
  region size 2048K, 2 young (4096K), 2 survivors (4096K)
 Metaspace       used 34826K, committed 35072K, reserved 1114112K
  class space    used 4304K, committed 4416K, reserved 1048576K
}
Event: 15.601 GC heap before
{Heap before GC invocations=6 (full 0):
 garbage-first heap   total 102400K, used 76060K [0x0000000704c00000, 0x0000000800000000)
  region size 2048K, 17 young (34816K), 2 survivors (4096K)
 Metaspace       used 35615K, committed 35840K, reserved 1114112K
  class space    used 4369K, committed 4480K, reserved 1048576K
}
Event: 15.629 GC heap after
{Heap after GC invocations=7 (full 0):
 garbage-first heap   total 102400K, used 46740K [0x0000000704c00000, 0x0000000800000000)
  region size 2048K, 3 young (6144K), 3 survivors (6144K)
 Metaspace       used 35615K, committed 35840K, reserved 1114112K
  class space    used 4369K, committed 4480K, reserved 1048576K
}
Event: 16.020 GC heap before
{Heap before GC invocations=7 (full 0):
 garbage-first heap   total 102400K, used 52884K [0x0000000704c00000, 0x0000000800000000)
  region size 2048K, 7 young (14336K), 3 survivors (6144K)
 Metaspace       used 35971K, committed 36160K, reserved 1114112K
  class space    used 4399K, committed 4480K, reserved 1048576K
}
Event: 16.034 GC heap after
{Heap after GC invocations=8 (full 0):
 garbage-first heap   total 102400K, used 47384K [0x0000000704c00000, 0x0000000800000000)
  region size 2048K, 2 young (4096K), 2 survivors (4096K)
 Metaspace       used 35971K, committed 36160K, reserved 1114112K
  class space    used 4399K, committed 4480K, reserved 1048576K
}

Deoptimization events (20 events):
Event: 17.467 Thread 0x000002775329fd70 Uncommon trap: trap_request=0xffffffde fr.pc=0x00000277627bab6c relative=0x000000000000040c
Event: 17.467 Thread 0x000002775329fd70 Uncommon trap: reason=class_check action=maybe_recompile pc=0x00000277627bab6c method=org.jetbrains.kotlin.com.intellij.psi.impl.source.tree.TreeElement.rawRemoveUpToWithoutNotifications(Lorg/jetbrains/kotlin/com/intellij/psi/impl/source/tree/TreeElement;
Event: 17.467 Thread 0x000002775329fd70 DEOPT PACKING pc=0x00000277627bab6c sp=0x000000fa9d2fd110
Event: 17.468 Thread 0x000002775329fd70 DEOPT UNPACKING pc=0x00000277620f23a3 sp=0x000000fa9d2fd0b0 mode 2
Event: 17.891 Thread 0x000002775329fd70 Uncommon trap: trap_request=0xffffffde fr.pc=0x00000277627bab6c relative=0x000000000000040c
Event: 17.891 Thread 0x000002775329fd70 Uncommon trap: reason=class_check action=maybe_recompile pc=0x00000277627bab6c method=org.jetbrains.kotlin.com.intellij.psi.impl.source.tree.TreeElement.rawRemoveUpToWithoutNotifications(Lorg/jetbrains/kotlin/com/intellij/psi/impl/source/tree/TreeElement;
Event: 17.892 Thread 0x000002775329fd70 DEOPT PACKING pc=0x00000277627bab6c sp=0x000000fa9d2fd150
Event: 17.892 Thread 0x000002775329fd70 DEOPT UNPACKING pc=0x00000277620f23a3 sp=0x000000fa9d2fd0f0 mode 2
Event: 18.100 Thread 0x000002775329fd70 Uncommon trap: trap_request=0xffffff45 fr.pc=0x000002776288183c relative=0x000000000000021c
Event: 18.100 Thread 0x000002775329fd70 Uncommon trap: reason=unstable_if action=reinterpret pc=0x000002776288183c method=org.jetbrains.kotlin.name.Name.hashCode()I @ 16 c2
Event: 18.100 Thread 0x000002775329fd70 DEOPT PACKING pc=0x000002776288183c sp=0x000000fa9d2fd750
Event: 18.100 Thread 0x000002775329fd70 DEOPT UNPACKING pc=0x00000277620f23a3 sp=0x000000fa9d2fd6e8 mode 2
Event: 18.181 Thread 0x000002775329fd70 Uncommon trap: trap_request=0xffffff45 fr.pc=0x00000277627b7dd8 relative=0x0000000000000138
Event: 18.181 Thread 0x000002775329fd70 Uncommon trap: reason=unstable_if action=reinterpret pc=0x00000277627b7dd8 method=org.jetbrains.kotlin.com.intellij.util.keyFMap.ArrayBackedFMap.indexOf(I)I @ 27 c2
Event: 18.189 Thread 0x000002775329fd70 DEOPT PACKING pc=0x00000277627b7dd8 sp=0x000000fa9d2fcff0
Event: 18.189 Thread 0x000002775329fd70 DEOPT UNPACKING pc=0x00000277620f23a3 sp=0x000000fa9d2fcf08 mode 2
Event: 18.479 Thread 0x000002775329fd70 Uncommon trap: trap_request=0xffffff45 fr.pc=0x00000277627b4e14 relative=0x00000000000000f4
Event: 18.479 Thread 0x000002775329fd70 Uncommon trap: reason=unstable_if action=reinterpret pc=0x00000277627b4e14 method=org.jetbrains.kotlin.com.intellij.util.keyFMap.ArrayBackedFMap.indexOf(I)I @ 27 c2
Event: 18.479 Thread 0x000002775329fd70 DEOPT PACKING pc=0x00000277627b4e14 sp=0x000000fa9d2fcee0
Event: 18.479 Thread 0x000002775329fd70 DEOPT UNPACKING pc=0x00000277620f23a3 sp=0x000000fa9d2fce68 mode 2

Classes unloaded (0 events):
No events

Classes redefined (0 events):
No events

Internal exceptions (20 events):
Event: 3.087 Thread 0x000002775329fd70 Exception <a 'java/lang/NoSuchMethodError'{0x0000000713942fb0}: 'void java.lang.invoke.DirectMethodHandle$Holder.invokeStaticInit(java.lang.Object, java.lang.Object)'> (0x0000000713942fb0) 
thrown [s\open\src\hotspot\share\interpreter\linkResolver.cpp, line 759]
Event: 3.497 Thread 0x000002775329fd70 Exception <a 'java/lang/NoSuchMethodError'{0x00000007133ac750}: 'void java.lang.invoke.DirectMethodHandle$Holder.invokeVirtual(java.lang.Object, java.lang.Object)'> (0x00000007133ac750) 
thrown [s\open\src\hotspot\share\interpreter\linkResolver.cpp, line 759]
Event: 3.679 Thread 0x000002775329fd70 Exception <a 'java/lang/NoSuchMethodError'{0x0000000712a75078}: 'int java.lang.invoke.DirectMethodHandle$Holder.invokeVirtual(java.lang.Object, java.lang.Object)'> (0x0000000712a75078) 
thrown [s\open\src\hotspot\share\interpreter\linkResolver.cpp, line 759]
Event: 3.716 Thread 0x000002775329fd70 Exception <a 'java/lang/NoSuchMethodError'{0x0000000712b30658}: 'java.lang.Object java.lang.invoke.Invokers$Holder.invokeExact_MT(java.lang.Object, java.lang.Object, java.lang.Object, java.lang.Object, java.lang.Object, java.lang.Object)'> (0x0000000712b30658) 
thrown [s\open\src\hotspot\share\interpreter\linkResolver.cpp, line 759]
Event: 4.134 Thread 0x000002775329fd70 Exception <a 'java/lang/NoSuchMethodError'{0x0000000712463ea8}: 'java.lang.Object java.lang.invoke.Invokers$Holder.invoke_MT(java.lang.Object, java.lang.Object, java.lang.Object)'> (0x0000000712463ea8) 
thrown [s\open\src\hotspot\share\interpreter\linkResolver.cpp, line 759]
Event: 4.935 Thread 0x000002775329fd70 Implicit null exception at 0x00000277626d4b76 to 0x00000277626d6158
Event: 6.017 Thread 0x000002775329fd70 Implicit null exception at 0x0000027762665d72 to 0x0000027762666354
Event: 6.385 Thread 0x000002775329fd70 Implicit null exception at 0x000002776266aa72 to 0x000002776266b068
Event: 6.513 Thread 0x000002775329fd70 Exception <a 'java/lang/NoSuchMethodError'{0x0000000708b35d40}: 'java.lang.Object java.lang.invoke.DirectMethodHandle$Holder.invokeVirtual(java.lang.Object, java.lang.Object, java.lang.Object)'> (0x0000000708b35d40) 
thrown [s\open\src\hotspot\share\interpreter\linkResolver.cpp, line 759]
Event: 9.385 Thread 0x000002775329fd70 Exception <a 'java/lang/NoSuchMethodError'{0x000000070ee7d668}: 'java.lang.Object java.lang.invoke.DirectMethodHandle$Holder.newInvokeSpecial(java.lang.Object, java.lang.Object, int)'> (0x000000070ee7d668) 
thrown [s\open\src\hotspot\share\interpreter\linkResolver.cpp, line 759]
Event: 9.742 Thread 0x000002775329fd70 Implicit null exception at 0x000002776277d741 to 0x000002776277d8d4
Event: 11.612 Thread 0x000002775329fd70 Implicit null exception at 0x00000277627817cc to 0x00000277627818b4
Event: 12.137 Thread 0x000002775329fd70 Exception <a 'java/lang/NoSuchMethodError'{0x000000070e839f40}: 'java.lang.Object java.lang.invoke.DirectMethodHandle$Holder.newInvokeSpecial(java.lang.Object, java.lang.Object, java.lang.Object, int)'> (0x000000070e839f40) 
thrown [s\open\src\hotspot\share\interpreter\linkResolver.cpp, line 759]
Event: 12.138 Thread 0x000002775329fd70 Exception <a 'java/lang/NoSuchMethodError'{0x000000070e83e5c8}: 'java.lang.Object java.lang.invoke.DirectMethodHandle$Holder.invokeSpecial(java.lang.Object, java.lang.Object, java.lang.Object, java.lang.Object, int)'> (0x000000070e83e5c8) 
thrown [s\open\src\hotspot\share\interpreter\linkResolver.cpp, line 759]
Event: 12.145 Thread 0x000002775329fd70 Exception <a 'java/lang/NoSuchMethodError'{0x000000070e842438}: 'java.lang.Object java.lang.invoke.Invokers$Holder.linkToTargetMethod(java.lang.Object, java.lang.Object, int, java.lang.Object)'> (0x000000070e842438) 
thrown [s\open\src\hotspot\share\interpreter\linkResolver.cpp, line 759]
Event: 17.027 Thread 0x000002775329fd70 Exception <a 'java/lang/NoSuchMethodError'{0x000000070f434890}: 'java.lang.Object java.lang.invoke.DirectMethodHandle$Holder.invokeStatic(java.lang.Object, java.lang.Object, java.lang.Object, java.lang.Object, int)'> (0x000000070f434890) 
thrown [s\open\src\hotspot\share\interpreter\linkResolver.cpp, line 759]
Event: 17.033 Thread 0x000002775329fd70 Exception <a 'java/lang/NoSuchMethodError'{0x000000070f43e578}: 'java.lang.Object java.lang.invoke.DirectMethodHandle$Holder.newInvokeSpecial(java.lang.Object, java.lang.Object, java.lang.Object, java.lang.Object, int)'> (0x000000070f43e578) 
thrown [s\open\src\hotspot\share\interpreter\linkResolver.cpp, line 759]
Event: 17.034 Thread 0x000002775329fd70 Exception <a 'java/lang/NoSuchMethodError'{0x000000070f4430a8}: 'java.lang.Object java.lang.invoke.DirectMethodHandle$Holder.invokeSpecial(java.lang.Object, java.lang.Object, java.lang.Object, java.lang.Object, java.lang.Object, int)'> (0x000000070f4430a8) 
thrown [s\open\src\hotspot\share\interpreter\linkResolver.cpp, line 759]
Event: 17.036 Thread 0x000002775329fd70 Exception <a 'java/lang/NoSuchMethodError'{0x000000070f447588}: 'java.lang.Object java.lang.invoke.Invokers$Holder.linkToTargetMethod(java.lang.Object, java.lang.Object, java.lang.Object, int, java.lang.Object)'> (0x000000070f447588) 
thrown [s\open\src\hotspot\share\interpreter\linkResolver.cpp, line 759]
Event: 17.081 Thread 0x000002775329fd70 Exception <a 'java/lang/NoSuchMethodError'{0x000000070f5092d8}: 'java.lang.Object java.lang.invoke.DirectMethodHandle$Holder.newInvokeSpecial(java.lang.Object, java.lang.Object, java.lang.Object, java.lang.Object, java.lang.Object)'> (0x000000070f5092d8) 
thrown [s\open\src\hotspot\share\interpreter\linkResolver.cpp, line 759]

VM Operations (20 events):
Event: 16.353 Executing VM operation: HandshakeAllThreads
Event: 16.353 Executing VM operation: HandshakeAllThreads done
Event: 16.793 Executing VM operation: HandshakeAllThreads
Event: 16.794 Executing VM operation: HandshakeAllThreads done
Event: 16.803 Executing VM operation: HandshakeAllThreads
Event: 16.803 Executing VM operation: HandshakeAllThreads done
Event: 16.843 Executing VM operation: HandshakeAllThreads
Event: 16.843 Executing VM operation: HandshakeAllThreads done
Event: 17.234 Executing VM operation: HandshakeAllThreads
Event: 17.234 Executing VM operation: HandshakeAllThreads done
Event: 17.234 Executing VM operation: Cleanup
Event: 17.235 Executing VM operation: Cleanup done
Event: 17.299 Executing VM operation: HandshakeAllThreads
Event: 17.299 Executing VM operation: HandshakeAllThreads done
Event: 17.303 Executing VM operation: HandshakeAllThreads
Event: 17.303 Executing VM operation: HandshakeAllThreads done
Event: 18.318 Executing VM operation: Cleanup
Event: 18.319 Executing VM operation: Cleanup done
Event: 19.333 Executing VM operation: Cleanup
Event: 19.334 Executing VM operation: Cleanup done

Events (20 events):
Event: 13.091 loading class java/util/AbstractList$SubList$1 done
Event: 13.137 loading class java/text/StringCharacterIterator
Event: 13.137 loading class java/text/CharacterIterator
Event: 13.138 loading class java/text/CharacterIterator done
Event: 13.138 loading class java/text/StringCharacterIterator done
Event: 13.207 Thread 0x000002777c125680 Thread exited: 0x000002777c125680
Event: 13.356 loading class java/util/ArrayList$SubList$1
Event: 13.356 loading class java/util/ArrayList$SubList$1 done
Event: 13.405 loading class java/util/stream/IntPipeline$1
Event: 13.405 loading class java/util/stream/IntPipeline$1 done
Event: 13.410 loading class java/util/stream/IntPipeline$1$1
Event: 13.410 loading class java/util/stream/IntPipeline$1$1 done
Event: 13.582 Thread 0x000002777c127bb0 Thread added: 0x000002777c127bb0
Event: 13.979 Thread 0x000002777c127bb0 Thread exited: 0x000002777c127bb0
Event: 14.174 Thread 0x000002777c127bb0 Thread added: 0x000002777c127bb0
Event: 14.596 Thread 0x000002777c125bd0 Thread added: 0x000002777c125bd0
Event: 16.004 Thread 0x000002777c125bd0 Thread exited: 0x000002777c125bd0
Event: 16.087 Thread 0x000002777c127bb0 Thread exited: 0x000002777c127bb0
Event: 16.202 Thread 0x000002777c127110 Thread added: 0x000002777c127110
Event: 16.202 Thread 0x000002777ddac040 Thread added: 0x000002777ddac040


Dynamic libraries:
0x00007ff705c00000 - 0x00007ff705c10000 	C:\Program Files\Java\jdk-17\bin\java.exe
0x00007ffed24e0000 - 0x00007ffed2743000 	C:\WINDOWS\SYSTEM32\ntdll.dll
0x00007ffed1840000 - 0x00007ffed1907000 	C:\WINDOWS\System32\KERNEL32.DLL
0x00007ffecfa60000 - 0x00007ffecfe27000 	C:\WINDOWS\System32\KERNELBASE.dll
0x00007ffecff90000 - 0x00007ffed00dc000 	C:\WINDOWS\System32\ucrtbase.dll
0x00007ffe911c0000 - 0x00007ffe911db000 	C:\Program Files\Java\jdk-17\bin\VCRUNTIME140.dll
0x00007ffe7ada0000 - 0x00007ffe7adb9000 	C:\Program Files\Java\jdk-17\bin\jli.dll
0x00007ffed1b80000 - 0x00007ffed1c34000 	C:\WINDOWS\System32\ADVAPI32.dll
0x00007ffed1e40000 - 0x00007ffed1ee9000 	C:\WINDOWS\System32\msvcrt.dll
0x00007ffed22d0000 - 0x00007ffed2376000 	C:\WINDOWS\System32\sechost.dll
0x00007ffed2380000 - 0x00007ffed2496000 	C:\WINDOWS\System32\RPCRT4.dll
0x00007ffed1650000 - 0x00007ffed1819000 	C:\WINDOWS\System32\USER32.dll
0x00007ffecfe30000 - 0x00007ffecfe57000 	C:\WINDOWS\System32\win32u.dll
0x00007ffed1e10000 - 0x00007ffed1e3a000 	C:\WINDOWS\System32\GDI32.dll
0x00007ffecfe60000 - 0x00007ffecff8b000 	C:\WINDOWS\System32\gdi32full.dll
0x00007ffecf880000 - 0x00007ffecf923000 	C:\WINDOWS\System32\msvcp_win.dll
0x00007ffe9a0a0000 - 0x00007ffe9a330000 	C:\WINDOWS\WinSxS\amd64_microsoft.windows.common-controls_6595b64144ccf1df_6.0.26100.3037_none_3e09262ce333c378\COMCTL32.dll
0x00007ffebbb70000 - 0x00007ffebbb7b000 	C:\WINDOWS\SYSTEM32\VERSION.dll
0x00007ffed0320000 - 0x00007ffed034f000 	C:\WINDOWS\System32\IMM32.DLL
0x00007ffeb6370000 - 0x00007ffeb637c000 	C:\Program Files\Java\jdk-17\bin\vcruntime140_1.dll
0x00007ffe3ce90000 - 0x00007ffe3cf1e000 	C:\Program Files\Java\jdk-17\bin\msvcp140.dll
0x00007ffe1bef0000 - 0x00007ffe1cad0000 	C:\Program Files\Java\jdk-17\bin\server\jvm.dll
0x00007ffed0470000 - 0x00007ffed0478000 	C:\WINDOWS\System32\PSAPI.DLL
0x00007ffeb67f0000 - 0x00007ffeb67fa000 	C:\WINDOWS\SYSTEM32\WSOCK32.dll
0x00007ffed19a0000 - 0x00007ffed1a14000 	C:\WINDOWS\System32\WS2_32.dll
0x00007ffec3940000 - 0x00007ffec3976000 	C:\WINDOWS\SYSTEM32\WINMM.dll
0x00007ffece670000 - 0x00007ffece68a000 	C:\WINDOWS\SYSTEM32\kernel.appcore.dll
0x00007ffe92180000 - 0x00007ffe9218a000 	C:\Program Files\Java\jdk-17\bin\jimage.dll
0x00007ffeccbd0000 - 0x00007ffecce11000 	C:\WINDOWS\SYSTEM32\DBGHELP.DLL
0x00007ffed1ef0000 - 0x00007ffed226e000 	C:\WINDOWS\System32\combase.dll
0x00007ffed1aa0000 - 0x00007ffed1b76000 	C:\WINDOWS\System32\OLEAUT32.dll
0x00007ffeb71a0000 - 0x00007ffeb71d9000 	C:\WINDOWS\SYSTEM32\dbgcore.DLL
0x00007ffecf9c0000 - 0x00007ffecfa59000 	C:\WINDOWS\System32\bcryptPrimitives.dll
0x00007ffe3ef80000 - 0x00007ffe3efa5000 	C:\Program Files\Java\jdk-17\bin\java.dll
0x00007ffe3c250000 - 0x00007ffe3c327000 	C:\Program Files\Java\jdk-17\bin\jsvml.dll
0x00007ffed0580000 - 0x00007ffed0c84000 	C:\WINDOWS\System32\SHELL32.dll
0x00007ffecd540000 - 0x00007ffecdd77000 	C:\WINDOWS\SYSTEM32\windows.storage.dll
0x00007ffed0370000 - 0x00007ffed0459000 	C:\WINDOWS\System32\SHCORE.dll
0x00007ffed0d00000 - 0x00007ffed0d5d000 	C:\WINDOWS\System32\shlwapi.dll
0x00007ffecf790000 - 0x00007ffecf7be000 	C:\WINDOWS\SYSTEM32\profapi.dll
0x00007ffe596a0000 - 0x00007ffe596b9000 	C:\Program Files\Java\jdk-17\bin\net.dll
0x00007ffec7460000 - 0x00007ffec757e000 	C:\WINDOWS\SYSTEM32\WINHTTP.dll
0x00007ffeceb60000 - 0x00007ffecebc8000 	C:\WINDOWS\system32\mswsock.dll
0x00007ffe592b0000 - 0x00007ffe592c6000 	C:\Program Files\Java\jdk-17\bin\nio.dll
0x00007ffe7ad80000 - 0x00007ffe7ad98000 	C:\Program Files\Java\jdk-17\bin\zip.dll
0x00007ffe91a20000 - 0x00007ffe91a30000 	C:\Program Files\Java\jdk-17\bin\verify.dll

dbghelp: loaded successfully - version: 4.0.5 - missing functions: none
symbol engine: initialized successfully - sym options: 0x614 - pdb path: .;C:\Program Files\Java\jdk-17\bin;C:\WINDOWS\SYSTEM32;C:\WINDOWS\WinSxS\amd64_microsoft.windows.common-controls_6595b64144ccf1df_6.0.26100.3037_none_3e09262ce333c378;C:\Program Files\Java\jdk-17\bin\server

VM Arguments:
java_command: org.jetbrains.kotlin.cli.jvm.K2JVMCompiler @C:\Users\DCI\Documents\GitHub\Mobile\node_modules\@react-native\gradle-plugin\react-native-gradle-plugin\build\20250207_3485552753067433548.compiler.options
java_class_path (initial): C:\Users\DCI\.gradle\caches\modules-2\files-2.1\org.jetbrains.kotlin\kotlin-compiler-embeddable\1.9.24\78dab849090e6c5e2eadb6e59a11cdc28fb67a08\kotlin-compiler-embeddable-1.9.24.jar;C:\Users\DCI\.gradle\caches\modules-2\files-2.1\org.jetbrains.kotlin\kotlin-stdlib\1.9.24\9928532f12c66ad816a625b3f9984f8368ca6d2b\kotlin-stdlib-1.9.24.jar;C:\Users\DCI\.gradle\caches\modules-2\files-2.1\org.jetbrains.kotlin\kotlin-script-runtime\1.9.24\96771497da90fbc5af1c90fce148db2595a62502\kotlin-script-runtime-1.9.24.jar;C:\Users\DCI\.gradle\caches\modules-2\files-2.1\org.jetbrains.kotlin\kotlin-reflect\1.6.10\1cbe9c92c12a94eea200d23c2bbaedaf3daf5132\kotlin-reflect-1.6.10.jar;C:\Users\DCI\.gradle\caches\modules-2\files-2.1\org.jetbrains.kotlin\kotlin-daemon-embeddable\1.9.24\86685b9c5e8d170925bd9ddbdc263374a6a73281\kotlin-daemon-embeddable-1.9.24.jar;C:\Users\DCI\.gradle\caches\modules-2\files-2.1\org.jetbrains.intellij.deps\trove4j\1.0.20200330\3afb14d5f9ceb459d724e907a21145e8ff394f02\trove4j-1.0.20200330.jar;C:\Users\DCI\.gradle\caches\modules-2\files-2.1\org.jetbrains\annotations\13.0\919f0dfe192fb4e063e7dacadee7f8bb9a2672a9\annotations-13.0.jar
Launcher Type: SUN_STANDARD

[Global flags]
     intx CICompilerCount                          = 4                                         {product} {ergonomic}
     uint ConcGCThreads                            = 3                                         {product} {ergonomic}
     uint G1ConcRefinementThreads                  = 10                                        {product} {ergonomic}
   size_t G1HeapRegionSize                         = 2097152                                   {product} {ergonomic}
    uintx GCDrainStackTargetSize                   = 64                                        {product} {ergonomic}
   size_t InitialHeapSize                          = 264241152                                 {product} {ergonomic}
   size_t MarkStackSize                            = 4194304                                   {product} {ergonomic}
   size_t MaxHeapSize                              = 4215275520                                {product} {ergonomic}
   size_t MaxNewSize                               = 2529165312                                {product} {ergonomic}
   size_t MinHeapDeltaBytes                        = 2097152                                   {product} {ergonomic}
   size_t MinHeapSize                              = 8388608                                   {product} {ergonomic}
    uintx NonNMethodCodeHeapSize                   = 5839372                                {pd product} {ergonomic}
    uintx NonProfiledCodeHeapSize                  = 122909434                              {pd product} {ergonomic}
    uintx ProfiledCodeHeapSize                     = 122909434                              {pd product} {ergonomic}
    uintx ReservedCodeCacheSize                    = 251658240                              {pd product} {ergonomic}
     bool SegmentedCodeCache                       = true                                      {product} {ergonomic}
   size_t SoftMaxHeapSize                          = 4215275520                             {manageable} {ergonomic}
     bool UseCompressedClassPointers               = true                           {product lp64_product} {ergonomic}
     bool UseCompressedOops                        = true                           {product lp64_product} {ergonomic}
     bool UseG1GC                                  = true                                      {product} {ergonomic}
     bool UseLargePagesIndividualAllocation        = false                                  {pd product} {ergonomic}

Logging:
Log output configuration:
 #0: stdout all=warning uptime,level,tags
 #1: stderr all=off uptime,level,tags

Environment Variables:
JAVA_HOME=C:\Program Files\Java\jdk-17
CLASSPATH=.;C:\xampp\tomcat\lib\servlet-api.jar;C:\xampp\tomcat\lib\postgresql-42.6.0.jar;C:\Program Files\Java\jdk-17\lib\opencv-490.jar;
PATH=.;C:\Program Files\Java\jdk-17\bin;C:\app\LENOVO\product\11.2.0\dbhome_1\bin;C:\Program Files\apache-ant-1.10.15\bin;C:\ProgramData\Oracle\Java\javapath;C:\WINDOWS\system32;C:\WINDOWS;C:\WINDOWS\System32\Wbem;C:\WINDOWS\System32\WindowsPowerShell\v1.0\;C:\WINDOWS\System32\OpenSSH\;C:\Program Files\dotnet\;C:\Program Files\Microsoft SQL Server\150\Tools\Binn\;C:\Program Files\Microsoft SQL Server\Client SDK\ODBC\170\Tools\Binn\;C:\xampp\mysql\bin;C:\Program Files\PostgreSQL\17\bin;C:\xampp\php\libpq.dll;C:\Program Files\nodejs\;C:\xampp\php;C:\Program Files\apache-maven-3.9.9\bin;C:\Program Files\Docker\Docker\resources\bin;C:\ProgramData\ComposerSetup\bin;C:\Users\DCI\Downloads\opencv\build\x64\vc16\bin;C:\Users\DCI\Downloads\opencv\build\java\x64\opencv_java490.dll;C:\Program Files\MongoDB\Server\8.0\bin;C:\Users\DCI\AppData\Local\Microsoft\WindowsApps;C:\Users\DCI\AppData\Local\Programs\Microsoft VS Code\bin;C:\Users\DCI\.dotnet\tools;C:\Users\DCI\AppData\Local\GitHubDesktop\bin;C:\Users\DCI\AppData\Roaming\npm;C:\tomcat\lib\servlet-api.jar;C:\Users\DCI\AppData\Roaming\Composer\vendor\bin
USERNAME=LENOVO
OS=Windows_NT
PROCESSOR_IDENTIFIER=Intel64 Family 6 Model 186 Stepping 2, GenuineIntel



---------------  S Y S T E M  ---------------

OS:
 Windows 11 , 64 bit Build 26100 (10.0.26100.3037)
OS uptime: 0 days 6:39 hours
Hyper-V role detected

CPU: total 12 (initial active 12) (6 cores per cpu, 2 threads per core) family 6 model 186 stepping 2 microcode 0x4112, cx8, cmov, fxsr, ht, mmx, 3dnowpref, sse, sse2, sse3, ssse3, sse4.1, sse4.2, popcnt, lzcnt, tsc, tscinvbit, avx, avx2, aes, erms, clmul, bmi1, bmi2, adx, sha, fma, vzeroupper, clflush, clflushopt, clwb, hv

Memory: 4k page, system-wide physical 16076M (3950M free)
TotalPageFile size 20172M (AvailPageFile size 249M)
current process WorkingSet (physical memory assigned to process): 250M, peak: 253M
current process commit charge ("private bytes"): 294M, peak: 400M

vm_info: Java HotSpot(TM) 64-Bit Server VM (17.0.12+8-LTS-286) for windows-amd64 JRE (17.0.12+8-LTS-286), built on Jun  5 2024 06:46:59 by "mach5one" with MS VC++ 17.6 (VS2022)

END.
